[2.837s] Invoking command in '/home/cxt13/bumperbot_ws/src/bumperbot_py_examples': DEBUGINFOD_URLS=https://debuginfod.ubuntu.com PYTHONPATH=/home/cxt13/bumperbot_ws/build/bumperbot_py_examples/prefix_override:/usr/lib/python3/dist-packages/colcon_core/task/python/colcon_distutils_commands:/home/cxt13/bumperbot_ws/install/bumperbot_py_examples/lib/python3.12/site-packages:${PYTHONPATH} /usr/bin/python3 -W ignore:setup.py install is deprecated -W ignore:easy_install command is deprecated setup.py egg_info --egg-base ../../build/bumperbot_py_examples build --build-base /home/cxt13/bumperbot_ws/build/bumperbot_py_examples/build install --record /home/cxt13/bumperbot_ws/build/bumperbot_py_examples/install.log --single-version-externally-managed install_data
[3.510s] running egg_info
[3.592s] writing ../../build/bumperbot_py_examples/bumperbot_py_examples.egg-info/PKG-INFO
[3.593s] writing dependency_links to ../../build/bumperbot_py_examples/bumperbot_py_examples.egg-info/dependency_links.txt
[3.595s] writing entry points to ../../build/bumperbot_py_examples/bumperbot_py_examples.egg-info/entry_points.txt
[3.595s] writing requirements to ../../build/bumperbot_py_examples/bumperbot_py_examples.egg-info/requires.txt
[3.598s] writing top-level names to ../../build/bumperbot_py_examples/bumperbot_py_examples.egg-info/top_level.txt
[3.756s] reading manifest file '../../build/bumperbot_py_examples/bumperbot_py_examples.egg-info/SOURCES.txt'
[3.769s] writing manifest file '../../build/bumperbot_py_examples/bumperbot_py_examples.egg-info/SOURCES.txt'
[3.773s] running build
[3.775s] running build_py
[3.783s] running install
[3.803s] running install_lib
[3.849s] running install_data
[3.849s] running install_egg_info
[3.918s] removing '/home/cxt13/bumperbot_ws/install/bumperbot_py_examples/lib/python3.12/site-packages/bumperbot_py_examples-0.0.0-py3.12.egg-info' (and everything under it)
[3.919s] Copying ../../build/bumperbot_py_examples/bumperbot_py_examples.egg-info to /home/cxt13/bumperbot_ws/install/bumperbot_py_examples/lib/python3.12/site-packages/bumperbot_py_examples-0.0.0-py3.12.egg-info
[3.925s] running install_scripts
[4.283s] Installing simple_parameter script to /home/cxt13/bumperbot_ws/install/bumperbot_py_examples/lib/bumperbot_py_examples
[4.286s] Installing simple_publisher script to /home/cxt13/bumperbot_ws/install/bumperbot_py_examples/lib/bumperbot_py_examples
[4.286s] Installing simple_subscriber script to /home/cxt13/bumperbot_ws/install/bumperbot_py_examples/lib/bumperbot_py_examples
[4.286s] writing list of installed files to '/home/cxt13/bumperbot_ws/build/bumperbot_py_examples/install.log'
[4.326s] Invoked command in '/home/cxt13/bumperbot_ws/src/bumperbot_py_examples' returned '0': DEBUGINFOD_URLS=https://debuginfod.ubuntu.com PYTHONPATH=/home/cxt13/bumperbot_ws/build/bumperbot_py_examples/prefix_override:/usr/lib/python3/dist-packages/colcon_core/task/python/colcon_distutils_commands:/home/cxt13/bumperbot_ws/install/bumperbot_py_examples/lib/python3.12/site-packages:${PYTHONPATH} /usr/bin/python3 -W ignore:setup.py install is deprecated -W ignore:easy_install command is deprecated setup.py egg_info --egg-base ../../build/bumperbot_py_examples build --build-base /home/cxt13/bumperbot_ws/build/bumperbot_py_examples/build install --record /home/cxt13/bumperbot_ws/build/bumperbot_py_examples/install.log --single-version-externally-managed install_data
