[0.059s] Invoking command in '/home/cxt13/bumperbot_ws/build/bumperbot_cpp_examples': CMAKE_PREFIX_PATH=${CMAKE_PREFIX_PATH}:/opt/ros/jazzy DEBUGINFOD_URLS=https://debuginfod.ubuntu.com /usr/bin/cmake --build /home/cxt13/bumperbot_ws/build/bumperbot_cpp_examples -- -j2 -l2
[0.272s] Invoked command in '/home/cxt13/bumperbot_ws/build/bumperbot_cpp_examples' returned '0': CMAKE_PREFIX_PATH=${CMAKE_PREFIX_PATH}:/opt/ros/jazzy DEBUGINFOD_URLS=https://debuginfod.ubuntu.com /usr/bin/cmake --build /home/cxt13/bumperbot_ws/build/bumperbot_cpp_examples -- -j2 -l2
[0.513s] Invoking command in '/home/cxt13/bumperbot_ws/build/bumperbot_cpp_examples': CMAKE_PREFIX_PATH=${CMAKE_PREFIX_PATH}:/opt/ros/jazzy DEBUGINFOD_URLS=https://debuginfod.ubuntu.com /usr/bin/cmake --install /home/cxt13/bumperbot_ws/build/bumperbot_cpp_examples
[0.603s] -- Install configuration: ""
[0.634s] -- Up-to-date: /home/cxt13/bumperbot_ws/install/bumperbot_cpp_examples/share/ament_index/resource_index/package_run_dependencies/bumperbot_cpp_examples
[0.642s] -- Up-to-date: /home/cxt13/bumperbot_ws/install/bumperbot_cpp_examples/share/ament_index/resource_index/parent_prefix_path/bumperbot_cpp_examples
[0.642s] -- Up-to-date: /home/cxt13/bumperbot_ws/install/bumperbot_cpp_examples/share/bumperbot_cpp_examples/environment/ament_prefix_path.sh
[0.643s] -- Up-to-date: /home/cxt13/bumperbot_ws/install/bumperbot_cpp_examples/share/bumperbot_cpp_examples/environment/ament_prefix_path.dsv
[0.643s] -- Up-to-date: /home/cxt13/bumperbot_ws/install/bumperbot_cpp_examples/share/bumperbot_cpp_examples/environment/path.sh
[0.643s] -- Up-to-date: /home/cxt13/bumperbot_ws/install/bumperbot_cpp_examples/share/bumperbot_cpp_examples/environment/path.dsv
[0.643s] -- Up-to-date: /home/cxt13/bumperbot_ws/install/bumperbot_cpp_examples/share/bumperbot_cpp_examples/local_setup.bash
[0.644s] -- Up-to-date: /home/cxt13/bumperbot_ws/install/bumperbot_cpp_examples/share/bumperbot_cpp_examples/local_setup.sh
[0.650s] -- Up-to-date: /home/cxt13/bumperbot_ws/install/bumperbot_cpp_examples/share/bumperbot_cpp_examples/local_setup.zsh
[0.651s] -- Up-to-date: /home/cxt13/bumperbot_ws/install/bumperbot_cpp_examples/share/bumperbot_cpp_examples/local_setup.dsv
[0.651s] -- Installing: /home/cxt13/bumperbot_ws/install/bumperbot_cpp_examples/share/bumperbot_cpp_examples/package.dsv
[0.655s] -- Up-to-date: /home/cxt13/bumperbot_ws/install/bumperbot_cpp_examples/share/ament_index/resource_index/packages/bumperbot_cpp_examples
[0.655s] -- Up-to-date: /home/cxt13/bumperbot_ws/install/bumperbot_cpp_examples/share/bumperbot_cpp_examples/cmake/bumperbot_cpp_examplesConfig.cmake
[0.655s] -- Up-to-date: /home/cxt13/bumperbot_ws/install/bumperbot_cpp_examples/share/bumperbot_cpp_examples/cmake/bumperbot_cpp_examplesConfig-version.cmake
[0.655s] -- Up-to-date: /home/cxt13/bumperbot_ws/install/bumperbot_cpp_examples/share/bumperbot_cpp_examples/package.xml
[0.729s] Invoked command in '/home/cxt13/bumperbot_ws/build/bumperbot_cpp_examples' returned '0': CMAKE_PREFIX_PATH=${CMAKE_PREFIX_PATH}:/opt/ros/jazzy DEBUGINFOD_URLS=https://debuginfod.ubuntu.com /usr/bin/cmake --install /home/cxt13/bumperbot_ws/build/bumperbot_cpp_examples
