[0.349s] DEBUG:colcon:Command line arguments: ['/usr/bin/colcon', 'build']
[0.350s] DEBUG:colcon:Parsed command line arguments: Namespace(log_base=None, log_level=None, verb_name='build', build_base='build', install_base='install', merge_install=False, symlink_install=False, test_result_base=None, continue_on_error=False, executor='parallel', parallel_workers=2, event_handlers=None, ignore_user_meta=False, metas=['./colcon.meta'], base_paths=['.'], packages_ignore=None, packages_ignore_regex=None, paths=None, packages_up_to=None, packages_up_to_regex=None, packages_above=None, packages_above_and_dependencies=None, packages_above_depth=None, packages_select_by_dep=None, packages_skip_by_dep=None, packages_skip_up_to=None, packages_select_build_failed=False, packages_skip_build_finished=False, packages_select_test_failures=False, packages_skip_test_passed=False, packages_select=None, packages_skip=None, packages_select_regex=None, packages_skip_regex=None, packages_start=None, packages_end=None, allow_overriding=[], cmake_args=None, cmake_target=None, cmake_target_skip_unavailable=False, cmake_clean_cache=False, cmake_clean_first=False, cmake_force_configure=False, ament_cmake_args=None, catkin_cmake_args=None, catkin_skip_building_tests=False, mixin_files=None, mixin=None, verb_parser=<colcon_mixin.mixin.mixin_argument.MixinArgumentDecorator object at 0x750a6d97af90>, verb_extension=<colcon_core.verb.build.BuildVerb object at 0x750a6da95250>, main=<bound method BuildVerb.main of <colcon_core.verb.build.BuildVerb object at 0x750a6da95250>>, mixin_verb=('build',))
[0.454s] Level 1:colcon.colcon_core.package_discovery:discover_packages(colcon_meta) check parameters
[0.454s] Level 1:colcon.colcon_core.package_discovery:discover_packages(recursive) check parameters
[0.454s] Level 1:colcon.colcon_core.package_discovery:discover_packages(ignore) check parameters
[0.454s] Level 1:colcon.colcon_core.package_discovery:discover_packages(path) check parameters
[0.455s] Level 1:colcon.colcon_core.package_discovery:discover_packages(colcon_meta) discover
[0.455s] Level 1:colcon.colcon_core.package_discovery:discover_packages(recursive) discover
[0.455s] INFO:colcon.colcon_core.package_discovery:Crawling recursively for packages in '/home/cxt13/bumperbot_ws'
[0.455s] Level 1:colcon.colcon_core.package_identification:_identify(.) by extensions ['ignore', 'ignore_ament_install']
[0.455s] Level 1:colcon.colcon_core.package_identification:_identify(.) by extension 'ignore'
[0.456s] Level 1:colcon.colcon_core.package_identification:_identify(.) by extension 'ignore_ament_install'
[0.456s] Level 1:colcon.colcon_core.package_identification:_identify(.) by extensions ['colcon_pkg']
[0.456s] Level 1:colcon.colcon_core.package_identification:_identify(.) by extension 'colcon_pkg'
[0.456s] Level 1:colcon.colcon_core.package_identification:_identify(.) by extensions ['colcon_meta']
[0.456s] Level 1:colcon.colcon_core.package_identification:_identify(.) by extension 'colcon_meta'
[0.456s] Level 1:colcon.colcon_core.package_identification:_identify(.) by extensions ['ros']
[0.456s] Level 1:colcon.colcon_core.package_identification:_identify(.) by extension 'ros'
[0.506s] Level 1:colcon.colcon_core.package_identification:_identify(.) by extensions ['cmake', 'python']
[0.506s] Level 1:colcon.colcon_core.package_identification:_identify(.) by extension 'cmake'
[0.506s] Level 1:colcon.colcon_core.package_identification:_identify(.) by extension 'python'
[0.506s] Level 1:colcon.colcon_core.package_identification:_identify(.) by extensions ['python_setup_py']
[0.506s] Level 1:colcon.colcon_core.package_identification:_identify(.) by extension 'python_setup_py'
[0.507s] Level 1:colcon.colcon_core.package_identification:_identify(build) by extensions ['ignore', 'ignore_ament_install']
[0.507s] Level 1:colcon.colcon_core.package_identification:_identify(build) by extension 'ignore'
[0.507s] Level 1:colcon.colcon_core.package_identification:_identify(build) ignored
[0.507s] Level 1:colcon.colcon_core.package_identification:_identify(install) by extensions ['ignore', 'ignore_ament_install']
[0.508s] Level 1:colcon.colcon_core.package_identification:_identify(install) by extension 'ignore'
[0.508s] Level 1:colcon.colcon_core.package_identification:_identify(install) ignored
[0.508s] Level 1:colcon.colcon_core.package_identification:_identify(log) by extensions ['ignore', 'ignore_ament_install']
[0.508s] Level 1:colcon.colcon_core.package_identification:_identify(log) by extension 'ignore'
[0.508s] Level 1:colcon.colcon_core.package_identification:_identify(log) ignored
[0.509s] Level 1:colcon.colcon_core.package_identification:_identify(src) by extensions ['ignore', 'ignore_ament_install']
[0.509s] Level 1:colcon.colcon_core.package_identification:_identify(src) by extension 'ignore'
[0.509s] Level 1:colcon.colcon_core.package_identification:_identify(src) by extension 'ignore_ament_install'
[0.509s] Level 1:colcon.colcon_core.package_identification:_identify(src) by extensions ['colcon_pkg']
[0.509s] Level 1:colcon.colcon_core.package_identification:_identify(src) by extension 'colcon_pkg'
[0.509s] Level 1:colcon.colcon_core.package_identification:_identify(src) by extensions ['colcon_meta']
[0.509s] Level 1:colcon.colcon_core.package_identification:_identify(src) by extension 'colcon_meta'
[0.510s] Level 1:colcon.colcon_core.package_identification:_identify(src) by extensions ['ros']
[0.510s] Level 1:colcon.colcon_core.package_identification:_identify(src) by extension 'ros'
[0.510s] Level 1:colcon.colcon_core.package_identification:_identify(src) by extensions ['cmake', 'python']
[0.510s] Level 1:colcon.colcon_core.package_identification:_identify(src) by extension 'cmake'
[0.510s] Level 1:colcon.colcon_core.package_identification:_identify(src) by extension 'python'
[0.510s] Level 1:colcon.colcon_core.package_identification:_identify(src) by extensions ['python_setup_py']
[0.510s] Level 1:colcon.colcon_core.package_identification:_identify(src) by extension 'python_setup_py'
[0.511s] Level 1:colcon.colcon_core.package_identification:_identify(src/bumperbot_cpp_examples) by extensions ['ignore', 'ignore_ament_install']
[0.511s] Level 1:colcon.colcon_core.package_identification:_identify(src/bumperbot_cpp_examples) by extension 'ignore'
[0.511s] Level 1:colcon.colcon_core.package_identification:_identify(src/bumperbot_cpp_examples) by extension 'ignore_ament_install'
[0.511s] Level 1:colcon.colcon_core.package_identification:_identify(src/bumperbot_cpp_examples) by extensions ['colcon_pkg']
[0.511s] Level 1:colcon.colcon_core.package_identification:_identify(src/bumperbot_cpp_examples) by extension 'colcon_pkg'
[0.511s] Level 1:colcon.colcon_core.package_identification:_identify(src/bumperbot_cpp_examples) by extensions ['colcon_meta']
[0.511s] Level 1:colcon.colcon_core.package_identification:_identify(src/bumperbot_cpp_examples) by extension 'colcon_meta'
[0.511s] Level 1:colcon.colcon_core.package_identification:_identify(src/bumperbot_cpp_examples) by extensions ['ros']
[0.512s] Level 1:colcon.colcon_core.package_identification:_identify(src/bumperbot_cpp_examples) by extension 'ros'
[0.518s] DEBUG:colcon.colcon_core.package_identification:Package 'src/bumperbot_cpp_examples' with type 'ros.ament_cmake' and name 'bumperbot_cpp_examples'
[0.518s] Level 1:colcon.colcon_core.package_identification:_identify(src/bumperbot_description) by extensions ['ignore', 'ignore_ament_install']
[0.518s] Level 1:colcon.colcon_core.package_identification:_identify(src/bumperbot_description) by extension 'ignore'
[0.519s] Level 1:colcon.colcon_core.package_identification:_identify(src/bumperbot_description) by extension 'ignore_ament_install'
[0.519s] Level 1:colcon.colcon_core.package_identification:_identify(src/bumperbot_description) by extensions ['colcon_pkg']
[0.519s] Level 1:colcon.colcon_core.package_identification:_identify(src/bumperbot_description) by extension 'colcon_pkg'
[0.519s] Level 1:colcon.colcon_core.package_identification:_identify(src/bumperbot_description) by extensions ['colcon_meta']
[0.519s] Level 1:colcon.colcon_core.package_identification:_identify(src/bumperbot_description) by extension 'colcon_meta'
[0.519s] Level 1:colcon.colcon_core.package_identification:_identify(src/bumperbot_description) by extensions ['ros']
[0.519s] Level 1:colcon.colcon_core.package_identification:_identify(src/bumperbot_description) by extension 'ros'
[0.520s] DEBUG:colcon.colcon_core.package_identification:Package 'src/bumperbot_description' with type 'ros.ament_cmake' and name 'bumperbot_description'
[0.521s] Level 1:colcon.colcon_core.package_identification:_identify(src/bumperbot_py_examples) by extensions ['ignore', 'ignore_ament_install']
[0.521s] Level 1:colcon.colcon_core.package_identification:_identify(src/bumperbot_py_examples) by extension 'ignore'
[0.521s] Level 1:colcon.colcon_core.package_identification:_identify(src/bumperbot_py_examples) by extension 'ignore_ament_install'
[0.521s] Level 1:colcon.colcon_core.package_identification:_identify(src/bumperbot_py_examples) by extensions ['colcon_pkg']
[0.521s] Level 1:colcon.colcon_core.package_identification:_identify(src/bumperbot_py_examples) by extension 'colcon_pkg'
[0.521s] Level 1:colcon.colcon_core.package_identification:_identify(src/bumperbot_py_examples) by extensions ['colcon_meta']
[0.522s] Level 1:colcon.colcon_core.package_identification:_identify(src/bumperbot_py_examples) by extension 'colcon_meta'
[0.522s] Level 1:colcon.colcon_core.package_identification:_identify(src/bumperbot_py_examples) by extensions ['ros']
[0.522s] Level 1:colcon.colcon_core.package_identification:_identify(src/bumperbot_py_examples) by extension 'ros'
[0.523s] DEBUG:colcon.colcon_core.package_identification:Package 'src/bumperbot_py_examples' with type 'ros.ament_python' and name 'bumperbot_py_examples'
[0.523s] Level 1:colcon.colcon_core.package_discovery:discover_packages(recursive) using defaults
[0.523s] Level 1:colcon.colcon_core.package_discovery:discover_packages(ignore) discover
[0.523s] Level 1:colcon.colcon_core.package_discovery:discover_packages(ignore) using defaults
[0.523s] Level 1:colcon.colcon_core.package_discovery:discover_packages(path) discover
[0.523s] Level 1:colcon.colcon_core.package_discovery:discover_packages(path) using defaults
[0.565s] Level 1:colcon.colcon_core.package_discovery:discover_packages(prefix_path) check parameters
[0.565s] Level 1:colcon.colcon_core.package_discovery:discover_packages(prefix_path) discover
[0.575s] DEBUG:colcon.colcon_installed_package_information.package_discovery:Found 409 installed packages in /opt/ros/jazzy
[0.576s] Level 1:colcon.colcon_core.package_discovery:discover_packages(prefix_path) using defaults
[0.760s] Level 5:colcon.colcon_core.verb:set package 'bumperbot_cpp_examples' build argument 'cmake_args' from command line to 'None'
[0.760s] Level 5:colcon.colcon_core.verb:set package 'bumperbot_cpp_examples' build argument 'cmake_target' from command line to 'None'
[0.760s] Level 5:colcon.colcon_core.verb:set package 'bumperbot_cpp_examples' build argument 'cmake_target_skip_unavailable' from command line to 'False'
[0.760s] Level 5:colcon.colcon_core.verb:set package 'bumperbot_cpp_examples' build argument 'cmake_clean_cache' from command line to 'False'
[0.760s] Level 5:colcon.colcon_core.verb:set package 'bumperbot_cpp_examples' build argument 'cmake_clean_first' from command line to 'False'
[0.760s] Level 5:colcon.colcon_core.verb:set package 'bumperbot_cpp_examples' build argument 'cmake_force_configure' from command line to 'False'
[0.760s] Level 5:colcon.colcon_core.verb:set package 'bumperbot_cpp_examples' build argument 'ament_cmake_args' from command line to 'None'
[0.760s] Level 5:colcon.colcon_core.verb:set package 'bumperbot_cpp_examples' build argument 'catkin_cmake_args' from command line to 'None'
[0.760s] Level 5:colcon.colcon_core.verb:set package 'bumperbot_cpp_examples' build argument 'catkin_skip_building_tests' from command line to 'False'
[0.761s] DEBUG:colcon.colcon_core.verb:Building package 'bumperbot_cpp_examples' with the following arguments: {'ament_cmake_args': None, 'build_base': '/home/cxt13/bumperbot_ws/build/bumperbot_cpp_examples', 'catkin_cmake_args': None, 'catkin_skip_building_tests': False, 'cmake_args': None, 'cmake_clean_cache': False, 'cmake_clean_first': False, 'cmake_force_configure': False, 'cmake_target': None, 'cmake_target_skip_unavailable': False, 'install_base': '/home/cxt13/bumperbot_ws/install/bumperbot_cpp_examples', 'merge_install': False, 'path': '/home/cxt13/bumperbot_ws/src/bumperbot_cpp_examples', 'symlink_install': False, 'test_result_base': None}
[0.761s] Level 5:colcon.colcon_core.verb:set package 'bumperbot_description' build argument 'cmake_args' from command line to 'None'
[0.761s] Level 5:colcon.colcon_core.verb:set package 'bumperbot_description' build argument 'cmake_target' from command line to 'None'
[0.761s] Level 5:colcon.colcon_core.verb:set package 'bumperbot_description' build argument 'cmake_target_skip_unavailable' from command line to 'False'
[0.761s] Level 5:colcon.colcon_core.verb:set package 'bumperbot_description' build argument 'cmake_clean_cache' from command line to 'False'
[0.761s] Level 5:colcon.colcon_core.verb:set package 'bumperbot_description' build argument 'cmake_clean_first' from command line to 'False'
[0.761s] Level 5:colcon.colcon_core.verb:set package 'bumperbot_description' build argument 'cmake_force_configure' from command line to 'False'
[0.762s] Level 5:colcon.colcon_core.verb:set package 'bumperbot_description' build argument 'ament_cmake_args' from command line to 'None'
[0.762s] Level 5:colcon.colcon_core.verb:set package 'bumperbot_description' build argument 'catkin_cmake_args' from command line to 'None'
[0.762s] Level 5:colcon.colcon_core.verb:set package 'bumperbot_description' build argument 'catkin_skip_building_tests' from command line to 'False'
[0.762s] DEBUG:colcon.colcon_core.verb:Building package 'bumperbot_description' with the following arguments: {'ament_cmake_args': None, 'build_base': '/home/cxt13/bumperbot_ws/build/bumperbot_description', 'catkin_cmake_args': None, 'catkin_skip_building_tests': False, 'cmake_args': None, 'cmake_clean_cache': False, 'cmake_clean_first': False, 'cmake_force_configure': False, 'cmake_target': None, 'cmake_target_skip_unavailable': False, 'install_base': '/home/cxt13/bumperbot_ws/install/bumperbot_description', 'merge_install': False, 'path': '/home/cxt13/bumperbot_ws/src/bumperbot_description', 'symlink_install': False, 'test_result_base': None}
[0.762s] Level 5:colcon.colcon_core.verb:set package 'bumperbot_py_examples' build argument 'cmake_args' from command line to 'None'
[0.762s] Level 5:colcon.colcon_core.verb:set package 'bumperbot_py_examples' build argument 'cmake_target' from command line to 'None'
[0.762s] Level 5:colcon.colcon_core.verb:set package 'bumperbot_py_examples' build argument 'cmake_target_skip_unavailable' from command line to 'False'
[0.762s] Level 5:colcon.colcon_core.verb:set package 'bumperbot_py_examples' build argument 'cmake_clean_cache' from command line to 'False'
[0.762s] Level 5:colcon.colcon_core.verb:set package 'bumperbot_py_examples' build argument 'cmake_clean_first' from command line to 'False'
[0.762s] Level 5:colcon.colcon_core.verb:set package 'bumperbot_py_examples' build argument 'cmake_force_configure' from command line to 'False'
[0.763s] Level 5:colcon.colcon_core.verb:set package 'bumperbot_py_examples' build argument 'ament_cmake_args' from command line to 'None'
[0.763s] Level 5:colcon.colcon_core.verb:set package 'bumperbot_py_examples' build argument 'catkin_cmake_args' from command line to 'None'
[0.763s] Level 5:colcon.colcon_core.verb:set package 'bumperbot_py_examples' build argument 'catkin_skip_building_tests' from command line to 'False'
[0.763s] DEBUG:colcon.colcon_core.verb:Building package 'bumperbot_py_examples' with the following arguments: {'ament_cmake_args': None, 'build_base': '/home/cxt13/bumperbot_ws/build/bumperbot_py_examples', 'catkin_cmake_args': None, 'catkin_skip_building_tests': False, 'cmake_args': None, 'cmake_clean_cache': False, 'cmake_clean_first': False, 'cmake_force_configure': False, 'cmake_target': None, 'cmake_target_skip_unavailable': False, 'install_base': '/home/cxt13/bumperbot_ws/install/bumperbot_py_examples', 'merge_install': False, 'path': '/home/cxt13/bumperbot_ws/src/bumperbot_py_examples', 'symlink_install': False, 'test_result_base': None}
[0.763s] INFO:colcon.colcon_core.executor:Executing jobs using 'parallel' executor
[0.764s] DEBUG:colcon.colcon_parallel_executor.executor.parallel:run_until_complete
[0.765s] INFO:colcon.colcon_ros.task.ament_cmake.build:Building ROS package in '/home/cxt13/bumperbot_ws/src/bumperbot_cpp_examples' with build type 'ament_cmake'
[0.765s] INFO:colcon.colcon_cmake.task.cmake.build:Building CMake package in '/home/cxt13/bumperbot_ws/src/bumperbot_cpp_examples'
[0.774s] INFO:colcon.colcon_core.plugin_system:Skipping extension 'colcon_core.shell.bat': Not used on non-Windows systems
[0.775s] INFO:colcon.colcon_core.shell:Skip shell extension 'powershell' for command environment: Not usable outside of PowerShell
[0.775s] DEBUG:colcon.colcon_core.shell:Skip shell extension 'dsv' for command environment
[0.787s] INFO:colcon.colcon_ros.task.ament_cmake.build:Building ROS package in '/home/cxt13/bumperbot_ws/src/bumperbot_description' with build type 'ament_cmake'
[0.787s] INFO:colcon.colcon_cmake.task.cmake.build:Building CMake package in '/home/cxt13/bumperbot_ws/src/bumperbot_description'
[0.788s] INFO:colcon.colcon_core.shell:Skip shell extension 'powershell' for command environment: Not usable outside of PowerShell
[0.788s] DEBUG:colcon.colcon_core.shell:Skip shell extension 'dsv' for command environment
[0.817s] DEBUG:colcon.colcon_core.event_handler.log_command:Invoking command in '/home/cxt13/bumperbot_ws/build/bumperbot_cpp_examples': CMAKE_PREFIX_PATH=${CMAKE_PREFIX_PATH}:/opt/ros/jazzy DEBUGINFOD_URLS=https://debuginfod.ubuntu.com /usr/bin/cmake --build /home/cxt13/bumperbot_ws/build/bumperbot_cpp_examples -- -j2 -l2
[0.837s] DEBUG:colcon.colcon_core.event_handler.log_command:Invoking command in '/home/cxt13/bumperbot_ws/build/bumperbot_description': CMAKE_PREFIX_PATH=${CMAKE_PREFIX_PATH}:/opt/ros/jazzy DEBUGINFOD_URLS=https://debuginfod.ubuntu.com /usr/bin/cmake --build /home/cxt13/bumperbot_ws/build/bumperbot_description -- -j2 -l2
[1.102s] DEBUG:colcon.colcon_core.event_handler.log_command:Invoked command in '/home/cxt13/bumperbot_ws/build/bumperbot_cpp_examples' returned '0': CMAKE_PREFIX_PATH=${CMAKE_PREFIX_PATH}:/opt/ros/jazzy DEBUGINFOD_URLS=https://debuginfod.ubuntu.com /usr/bin/cmake --build /home/cxt13/bumperbot_ws/build/bumperbot_cpp_examples -- -j2 -l2
[1.360s] DEBUG:colcon.colcon_core.event_handler.log_command:Invoking command in '/home/cxt13/bumperbot_ws/build/bumperbot_cpp_examples': CMAKE_PREFIX_PATH=${CMAKE_PREFIX_PATH}:/opt/ros/jazzy DEBUGINFOD_URLS=https://debuginfod.ubuntu.com /usr/bin/cmake --install /home/cxt13/bumperbot_ws/build/bumperbot_cpp_examples
[1.407s] Level 1:colcon.colcon_core.environment:create_environment_scripts_only(bumperbot_cpp_examples)
[1.425s] DEBUG:colcon.colcon_core.event_handler.log_command:Invoked command in '/home/cxt13/bumperbot_ws/build/bumperbot_cpp_examples' returned '0': CMAKE_PREFIX_PATH=${CMAKE_PREFIX_PATH}:/opt/ros/jazzy DEBUGINFOD_URLS=https://debuginfod.ubuntu.com /usr/bin/cmake --install /home/cxt13/bumperbot_ws/build/bumperbot_cpp_examples
[1.434s] Level 1:colcon.colcon_core.environment:checking '/home/cxt13/bumperbot_ws/install/bumperbot_cpp_examples' for CMake module files
[1.438s] Level 1:colcon.colcon_core.environment:checking '/home/cxt13/bumperbot_ws/install/bumperbot_cpp_examples' for CMake config files
[1.439s] Level 1:colcon.colcon_core.shell:create_environment_hook('bumperbot_cpp_examples', 'cmake_prefix_path')
[1.439s] INFO:colcon.colcon_core.shell:Creating environment hook '/home/cxt13/bumperbot_ws/install/bumperbot_cpp_examples/share/bumperbot_cpp_examples/hook/cmake_prefix_path.ps1'
[1.442s] INFO:colcon.colcon_core.shell:Creating environment descriptor '/home/cxt13/bumperbot_ws/install/bumperbot_cpp_examples/share/bumperbot_cpp_examples/hook/cmake_prefix_path.dsv'
[1.445s] INFO:colcon.colcon_core.shell:Creating environment hook '/home/cxt13/bumperbot_ws/install/bumperbot_cpp_examples/share/bumperbot_cpp_examples/hook/cmake_prefix_path.sh'
[1.452s] Level 1:colcon.colcon_core.environment:checking '/home/cxt13/bumperbot_ws/install/bumperbot_cpp_examples/bin'
[1.452s] Level 1:colcon.colcon_core.environment:checking '/home/cxt13/bumperbot_ws/install/bumperbot_cpp_examples/lib/pkgconfig/bumperbot_cpp_examples.pc'
[1.453s] Level 1:colcon.colcon_core.environment:checking '/home/cxt13/bumperbot_ws/install/bumperbot_cpp_examples/lib/python3.12/site-packages'
[1.453s] Level 1:colcon.colcon_core.environment:checking '/home/cxt13/bumperbot_ws/install/bumperbot_cpp_examples/bin'
[1.454s] INFO:colcon.colcon_core.shell:Creating package script '/home/cxt13/bumperbot_ws/install/bumperbot_cpp_examples/share/bumperbot_cpp_examples/package.ps1'
[1.456s] INFO:colcon.colcon_core.shell:Creating package descriptor '/home/cxt13/bumperbot_ws/install/bumperbot_cpp_examples/share/bumperbot_cpp_examples/package.dsv'
[1.459s] INFO:colcon.colcon_core.shell:Creating package script '/home/cxt13/bumperbot_ws/install/bumperbot_cpp_examples/share/bumperbot_cpp_examples/package.sh'
[1.462s] INFO:colcon.colcon_core.shell:Creating package script '/home/cxt13/bumperbot_ws/install/bumperbot_cpp_examples/share/bumperbot_cpp_examples/package.bash'
[1.465s] INFO:colcon.colcon_core.shell:Creating package script '/home/cxt13/bumperbot_ws/install/bumperbot_cpp_examples/share/bumperbot_cpp_examples/package.zsh'
[1.467s] Level 1:colcon.colcon_core.environment:create_file_with_runtime_dependencies(/home/cxt13/bumperbot_ws/install/bumperbot_cpp_examples/share/colcon-core/packages/bumperbot_cpp_examples)
[1.567s] Level 1:colcon.colcon_core.environment:create_environment_scripts_only(bumperbot_cpp_examples)
[1.567s] Level 1:colcon.colcon_core.environment:checking '/home/cxt13/bumperbot_ws/install/bumperbot_cpp_examples' for CMake module files
[1.568s] Level 1:colcon.colcon_core.environment:checking '/home/cxt13/bumperbot_ws/install/bumperbot_cpp_examples' for CMake config files
[1.569s] Level 1:colcon.colcon_core.shell:create_environment_hook('bumperbot_cpp_examples', 'cmake_prefix_path')
[1.569s] INFO:colcon.colcon_core.shell:Creating environment hook '/home/cxt13/bumperbot_ws/install/bumperbot_cpp_examples/share/bumperbot_cpp_examples/hook/cmake_prefix_path.ps1'
[1.572s] INFO:colcon.colcon_core.shell:Creating environment descriptor '/home/cxt13/bumperbot_ws/install/bumperbot_cpp_examples/share/bumperbot_cpp_examples/hook/cmake_prefix_path.dsv'
[1.573s] INFO:colcon.colcon_core.shell:Creating environment hook '/home/cxt13/bumperbot_ws/install/bumperbot_cpp_examples/share/bumperbot_cpp_examples/hook/cmake_prefix_path.sh'
[1.580s] Level 1:colcon.colcon_core.environment:checking '/home/cxt13/bumperbot_ws/install/bumperbot_cpp_examples/bin'
[1.580s] Level 1:colcon.colcon_core.environment:checking '/home/cxt13/bumperbot_ws/install/bumperbot_cpp_examples/lib/pkgconfig/bumperbot_cpp_examples.pc'
[1.581s] Level 1:colcon.colcon_core.environment:checking '/home/cxt13/bumperbot_ws/install/bumperbot_cpp_examples/lib/python3.12/site-packages'
[1.581s] Level 1:colcon.colcon_core.environment:checking '/home/cxt13/bumperbot_ws/install/bumperbot_cpp_examples/bin'
[1.582s] INFO:colcon.colcon_core.shell:Creating package script '/home/cxt13/bumperbot_ws/install/bumperbot_cpp_examples/share/bumperbot_cpp_examples/package.ps1'
[1.587s] INFO:colcon.colcon_core.shell:Creating package descriptor '/home/cxt13/bumperbot_ws/install/bumperbot_cpp_examples/share/bumperbot_cpp_examples/package.dsv'
[1.591s] INFO:colcon.colcon_core.shell:Creating package script '/home/cxt13/bumperbot_ws/install/bumperbot_cpp_examples/share/bumperbot_cpp_examples/package.sh'
[1.594s] INFO:colcon.colcon_core.shell:Creating package script '/home/cxt13/bumperbot_ws/install/bumperbot_cpp_examples/share/bumperbot_cpp_examples/package.bash'
[1.595s] INFO:colcon.colcon_core.shell:Creating package script '/home/cxt13/bumperbot_ws/install/bumperbot_cpp_examples/share/bumperbot_cpp_examples/package.zsh'
[1.598s] Level 1:colcon.colcon_core.environment:create_file_with_runtime_dependencies(/home/cxt13/bumperbot_ws/install/bumperbot_cpp_examples/share/colcon-core/packages/bumperbot_cpp_examples)
[1.598s] INFO:colcon.colcon_ros.task.ament_python.build:Building ROS package in '/home/cxt13/bumperbot_ws/src/bumperbot_py_examples' with build type 'ament_python'
[1.599s] Level 1:colcon.colcon_core.shell:create_environment_hook('bumperbot_py_examples', 'ament_prefix_path')
[1.599s] INFO:colcon.colcon_core.shell:Creating environment hook '/home/cxt13/bumperbot_ws/install/bumperbot_py_examples/share/bumperbot_py_examples/hook/ament_prefix_path.ps1'
[1.602s] INFO:colcon.colcon_core.shell:Creating environment descriptor '/home/cxt13/bumperbot_ws/install/bumperbot_py_examples/share/bumperbot_py_examples/hook/ament_prefix_path.dsv'
[1.603s] INFO:colcon.colcon_core.shell:Creating environment hook '/home/cxt13/bumperbot_ws/install/bumperbot_py_examples/share/bumperbot_py_examples/hook/ament_prefix_path.sh'
[1.605s] INFO:colcon.colcon_core.shell:Skip shell extension 'powershell' for command environment: Not usable outside of PowerShell
[1.605s] DEBUG:colcon.colcon_core.shell:Skip shell extension 'dsv' for command environment
[2.310s] INFO:colcon.colcon_core.task.python.build:Building Python package in '/home/cxt13/bumperbot_ws/src/bumperbot_py_examples'
[2.311s] INFO:colcon.colcon_core.shell:Skip shell extension 'powershell' for command environment: Not usable outside of PowerShell
[2.311s] DEBUG:colcon.colcon_core.shell:Skip shell extension 'dsv' for command environment
[2.357s] DEBUG:colcon.colcon_core.event_handler.log_command:Invoked command in '/home/cxt13/bumperbot_ws/build/bumperbot_description' returned '0': CMAKE_PREFIX_PATH=${CMAKE_PREFIX_PATH}:/opt/ros/jazzy DEBUGINFOD_URLS=https://debuginfod.ubuntu.com /usr/bin/cmake --build /home/cxt13/bumperbot_ws/build/bumperbot_description -- -j2 -l2
[2.465s] DEBUG:colcon.colcon_core.event_handler.log_command:Invoking command in '/home/cxt13/bumperbot_ws/build/bumperbot_description': CMAKE_PREFIX_PATH=${CMAKE_PREFIX_PATH}:/opt/ros/jazzy DEBUGINFOD_URLS=https://debuginfod.ubuntu.com /usr/bin/cmake --install /home/cxt13/bumperbot_ws/build/bumperbot_description
[2.529s] Level 1:colcon.colcon_core.environment:create_environment_scripts_only(bumperbot_description)
[2.529s] Level 1:colcon.colcon_core.environment:checking '/home/cxt13/bumperbot_ws/install/bumperbot_description' for CMake module files
[2.531s] DEBUG:colcon.colcon_core.event_handler.log_command:Invoked command in '/home/cxt13/bumperbot_ws/build/bumperbot_description' returned '0': CMAKE_PREFIX_PATH=${CMAKE_PREFIX_PATH}:/opt/ros/jazzy DEBUGINFOD_URLS=https://debuginfod.ubuntu.com /usr/bin/cmake --install /home/cxt13/bumperbot_ws/build/bumperbot_description
[2.533s] Level 1:colcon.colcon_core.environment:checking '/home/cxt13/bumperbot_ws/install/bumperbot_description' for CMake config files
[2.534s] Level 1:colcon.colcon_core.shell:create_environment_hook('bumperbot_description', 'cmake_prefix_path')
[2.534s] INFO:colcon.colcon_core.shell:Creating environment hook '/home/cxt13/bumperbot_ws/install/bumperbot_description/share/bumperbot_description/hook/cmake_prefix_path.ps1'
[2.538s] INFO:colcon.colcon_core.shell:Creating environment descriptor '/home/cxt13/bumperbot_ws/install/bumperbot_description/share/bumperbot_description/hook/cmake_prefix_path.dsv'
[2.544s] INFO:colcon.colcon_core.shell:Creating environment hook '/home/cxt13/bumperbot_ws/install/bumperbot_description/share/bumperbot_description/hook/cmake_prefix_path.sh'
[2.552s] Level 1:colcon.colcon_core.environment:checking '/home/cxt13/bumperbot_ws/install/bumperbot_description/bin'
[2.552s] Level 1:colcon.colcon_core.environment:checking '/home/cxt13/bumperbot_ws/install/bumperbot_description/lib/pkgconfig/bumperbot_description.pc'
[2.553s] Level 1:colcon.colcon_core.environment:checking '/home/cxt13/bumperbot_ws/install/bumperbot_description/lib/python3.12/site-packages'
[2.553s] Level 1:colcon.colcon_core.environment:checking '/home/cxt13/bumperbot_ws/install/bumperbot_description/bin'
[2.559s] INFO:colcon.colcon_core.shell:Creating package script '/home/cxt13/bumperbot_ws/install/bumperbot_description/share/bumperbot_description/package.ps1'
[2.560s] INFO:colcon.colcon_core.shell:Creating package descriptor '/home/cxt13/bumperbot_ws/install/bumperbot_description/share/bumperbot_description/package.dsv'
[2.567s] INFO:colcon.colcon_core.shell:Creating package script '/home/cxt13/bumperbot_ws/install/bumperbot_description/share/bumperbot_description/package.sh'
[2.574s] INFO:colcon.colcon_core.shell:Creating package script '/home/cxt13/bumperbot_ws/install/bumperbot_description/share/bumperbot_description/package.bash'
[2.575s] INFO:colcon.colcon_core.shell:Creating package script '/home/cxt13/bumperbot_ws/install/bumperbot_description/share/bumperbot_description/package.zsh'
[2.587s] Level 1:colcon.colcon_core.environment:create_file_with_runtime_dependencies(/home/cxt13/bumperbot_ws/install/bumperbot_description/share/colcon-core/packages/bumperbot_description)
[2.682s] Level 1:colcon.colcon_core.environment:create_environment_scripts_only(bumperbot_description)
[2.685s] Level 1:colcon.colcon_core.environment:checking '/home/cxt13/bumperbot_ws/install/bumperbot_description' for CMake module files
[2.686s] Level 1:colcon.colcon_core.environment:checking '/home/cxt13/bumperbot_ws/install/bumperbot_description' for CMake config files
[2.688s] Level 1:colcon.colcon_core.shell:create_environment_hook('bumperbot_description', 'cmake_prefix_path')
[2.689s] INFO:colcon.colcon_core.shell:Creating environment hook '/home/cxt13/bumperbot_ws/install/bumperbot_description/share/bumperbot_description/hook/cmake_prefix_path.ps1'
[2.692s] INFO:colcon.colcon_core.shell:Creating environment descriptor '/home/cxt13/bumperbot_ws/install/bumperbot_description/share/bumperbot_description/hook/cmake_prefix_path.dsv'
[2.696s] INFO:colcon.colcon_core.shell:Creating environment hook '/home/cxt13/bumperbot_ws/install/bumperbot_description/share/bumperbot_description/hook/cmake_prefix_path.sh'
[2.700s] Level 1:colcon.colcon_core.environment:checking '/home/cxt13/bumperbot_ws/install/bumperbot_description/bin'
[2.701s] Level 1:colcon.colcon_core.environment:checking '/home/cxt13/bumperbot_ws/install/bumperbot_description/lib/pkgconfig/bumperbot_description.pc'
[2.703s] Level 1:colcon.colcon_core.environment:checking '/home/cxt13/bumperbot_ws/install/bumperbot_description/lib/python3.12/site-packages'
[2.706s] Level 1:colcon.colcon_core.environment:checking '/home/cxt13/bumperbot_ws/install/bumperbot_description/bin'
[2.707s] INFO:colcon.colcon_core.shell:Creating package script '/home/cxt13/bumperbot_ws/install/bumperbot_description/share/bumperbot_description/package.ps1'
[2.712s] INFO:colcon.colcon_core.shell:Creating package descriptor '/home/cxt13/bumperbot_ws/install/bumperbot_description/share/bumperbot_description/package.dsv'
[2.717s] INFO:colcon.colcon_core.shell:Creating package script '/home/cxt13/bumperbot_ws/install/bumperbot_description/share/bumperbot_description/package.sh'
[2.720s] INFO:colcon.colcon_core.shell:Creating package script '/home/cxt13/bumperbot_ws/install/bumperbot_description/share/bumperbot_description/package.bash'
[2.722s] INFO:colcon.colcon_core.shell:Creating package script '/home/cxt13/bumperbot_ws/install/bumperbot_description/share/bumperbot_description/package.zsh'
[2.723s] Level 1:colcon.colcon_core.environment:create_file_with_runtime_dependencies(/home/cxt13/bumperbot_ws/install/bumperbot_description/share/colcon-core/packages/bumperbot_description)
[4.214s] DEBUG:colcon.colcon_core.event_handler.log_command:Invoking command in '/home/cxt13/bumperbot_ws/src/bumperbot_py_examples': DEBUGINFOD_URLS=https://debuginfod.ubuntu.com PYTHONPATH=/home/cxt13/bumperbot_ws/build/bumperbot_py_examples/prefix_override:/usr/lib/python3/dist-packages/colcon_core/task/python/colcon_distutils_commands:/home/cxt13/bumperbot_ws/install/bumperbot_py_examples/lib/python3.12/site-packages:${PYTHONPATH} /usr/bin/python3 -W ignore:setup.py install is deprecated setup.py egg_info --egg-base ../../build/bumperbot_py_examples build --build-base /home/cxt13/bumperbot_ws/build/bumperbot_py_examples/build install --record /home/cxt13/bumperbot_ws/build/bumperbot_py_examples/install.log --single-version-externally-managed install_data
[5.327s] Level 1:colcon.colcon_core.environment:checking '/home/cxt13/bumperbot_ws/install/bumperbot_py_examples' for CMake module files
[5.329s] Level 1:colcon.colcon_core.environment:checking '/home/cxt13/bumperbot_ws/install/bumperbot_py_examples' for CMake config files
[5.330s] DEBUG:colcon.colcon_core.event_handler.log_command:Invoked command in '/home/cxt13/bumperbot_ws/src/bumperbot_py_examples' returned '0': DEBUGINFOD_URLS=https://debuginfod.ubuntu.com PYTHONPATH=/home/cxt13/bumperbot_ws/build/bumperbot_py_examples/prefix_override:/usr/lib/python3/dist-packages/colcon_core/task/python/colcon_distutils_commands:/home/cxt13/bumperbot_ws/install/bumperbot_py_examples/lib/python3.12/site-packages:${PYTHONPATH} /usr/bin/python3 -W ignore:setup.py install is deprecated setup.py egg_info --egg-base ../../build/bumperbot_py_examples build --build-base /home/cxt13/bumperbot_ws/build/bumperbot_py_examples/build install --record /home/cxt13/bumperbot_ws/build/bumperbot_py_examples/install.log --single-version-externally-managed install_data
[5.331s] Level 1:colcon.colcon_core.environment:checking '/home/cxt13/bumperbot_ws/install/bumperbot_py_examples/lib'
[5.332s] Level 1:colcon.colcon_core.environment:checking '/home/cxt13/bumperbot_ws/install/bumperbot_py_examples/bin'
[5.332s] Level 1:colcon.colcon_core.environment:checking '/home/cxt13/bumperbot_ws/install/bumperbot_py_examples/lib/pkgconfig/bumperbot_py_examples.pc'
[5.333s] Level 1:colcon.colcon_core.environment:checking '/home/cxt13/bumperbot_ws/install/bumperbot_py_examples/lib/python3.12/site-packages'
[5.333s] Level 1:colcon.colcon_core.shell:create_environment_hook('bumperbot_py_examples', 'pythonpath')
[5.334s] INFO:colcon.colcon_core.shell:Creating environment hook '/home/cxt13/bumperbot_ws/install/bumperbot_py_examples/share/bumperbot_py_examples/hook/pythonpath.ps1'
[5.335s] INFO:colcon.colcon_core.shell:Creating environment descriptor '/home/cxt13/bumperbot_ws/install/bumperbot_py_examples/share/bumperbot_py_examples/hook/pythonpath.dsv'
[5.337s] INFO:colcon.colcon_core.shell:Creating environment hook '/home/cxt13/bumperbot_ws/install/bumperbot_py_examples/share/bumperbot_py_examples/hook/pythonpath.sh'
[5.341s] Level 1:colcon.colcon_core.environment:checking '/home/cxt13/bumperbot_ws/install/bumperbot_py_examples/bin'
[5.341s] Level 1:colcon.colcon_core.environment:create_environment_scripts_only(bumperbot_py_examples)
[5.342s] INFO:colcon.colcon_core.shell:Creating package script '/home/cxt13/bumperbot_ws/install/bumperbot_py_examples/share/bumperbot_py_examples/package.ps1'
[5.344s] INFO:colcon.colcon_core.shell:Creating package descriptor '/home/cxt13/bumperbot_ws/install/bumperbot_py_examples/share/bumperbot_py_examples/package.dsv'
[5.345s] INFO:colcon.colcon_core.shell:Creating package script '/home/cxt13/bumperbot_ws/install/bumperbot_py_examples/share/bumperbot_py_examples/package.sh'
[5.346s] INFO:colcon.colcon_core.shell:Creating package script '/home/cxt13/bumperbot_ws/install/bumperbot_py_examples/share/bumperbot_py_examples/package.bash'
[5.347s] INFO:colcon.colcon_core.shell:Creating package script '/home/cxt13/bumperbot_ws/install/bumperbot_py_examples/share/bumperbot_py_examples/package.zsh'
[5.348s] Level 1:colcon.colcon_core.environment:create_file_with_runtime_dependencies(/home/cxt13/bumperbot_ws/install/bumperbot_py_examples/share/colcon-core/packages/bumperbot_py_examples)
[5.349s] DEBUG:colcon.colcon_parallel_executor.executor.parallel:closing loop
[5.351s] DEBUG:colcon.colcon_parallel_executor.executor.parallel:loop closed
[5.352s] DEBUG:colcon.colcon_parallel_executor.executor.parallel:run_until_complete finished with '0'
[5.352s] DEBUG:colcon.colcon_core.event_reactor:joining thread
[5.385s] INFO:colcon.colcon_core.plugin_system:Skipping extension 'colcon_notification.desktop_notification.terminal_notifier': Not used on non-Darwin systems
[5.385s] INFO:colcon.colcon_core.plugin_system:Skipping extension 'colcon_notification.desktop_notification.win32': Not used on non-Windows systems
[5.385s] INFO:colcon.colcon_notification.desktop_notification:Sending desktop notification using 'notify2'
[5.425s] DEBUG:colcon.colcon_core.event_reactor:joined thread
[5.426s] INFO:colcon.colcon_core.shell:Creating prefix script '/home/cxt13/bumperbot_ws/install/local_setup.ps1'
[5.429s] INFO:colcon.colcon_core.shell:Creating prefix util module '/home/cxt13/bumperbot_ws/install/_local_setup_util_ps1.py'
[5.436s] INFO:colcon.colcon_core.shell:Creating prefix chain script '/home/cxt13/bumperbot_ws/install/setup.ps1'
[5.441s] INFO:colcon.colcon_core.shell:Creating prefix script '/home/cxt13/bumperbot_ws/install/local_setup.sh'
[5.444s] INFO:colcon.colcon_core.shell:Creating prefix util module '/home/cxt13/bumperbot_ws/install/_local_setup_util_sh.py'
[5.446s] INFO:colcon.colcon_core.shell:Creating prefix chain script '/home/cxt13/bumperbot_ws/install/setup.sh'
[5.450s] INFO:colcon.colcon_core.shell:Creating prefix script '/home/cxt13/bumperbot_ws/install/local_setup.bash'
[5.455s] INFO:colcon.colcon_core.shell:Creating prefix chain script '/home/cxt13/bumperbot_ws/install/setup.bash'
[5.459s] INFO:colcon.colcon_core.shell:Creating prefix script '/home/cxt13/bumperbot_ws/install/local_setup.zsh'
[5.461s] INFO:colcon.colcon_core.shell:Creating prefix chain script '/home/cxt13/bumperbot_ws/install/setup.zsh'
