[0.222s] Invoking command in '/home/cxt13/bumperbot_ws/build/bumperbot_description': CMAKE_PREFIX_PATH=${CMAKE_PREFIX_PATH}:/opt/ros/jazzy DEBUGINFOD_URLS=https://debuginfod.ubuntu.com /usr/bin/cmake --build /home/cxt13/bumperbot_ws/build/bumperbot_description -- -j2 -l2
[0.459s] Invoked command in '/home/cxt13/bumperbot_ws/build/bumperbot_description' returned '0': CMAKE_PREFIX_PATH=${CMAKE_PREFIX_PATH}:/opt/ros/jazzy DEBUGINFOD_URLS=https://debuginfod.ubuntu.com /usr/bin/cmake --build /home/cxt13/bumperbot_ws/build/bumperbot_description -- -j2 -l2
[0.567s] Invoking command in '/home/cxt13/bumperbot_ws/build/bumperbot_description': CMAKE_PREFIX_PATH=${CMAKE_PREFIX_PATH}:/opt/ros/jazzy DEBUGINFOD_URLS=https://debuginfod.ubuntu.com /usr/bin/cmake --install /home/cxt13/bumperbot_ws/build/bumperbot_description
[0.610s] -- Install configuration: ""
[0.613s] -- Up-to-date: /home/cxt13/bumperbot_ws/install/bumperbot_description/share/bumperbot_description/meshes
[0.619s] -- Up-to-date: /home/cxt13/bumperbot_ws/install/bumperbot_description/share/bumperbot_description/meshes/base_link.STL
[0.619s] -- Up-to-date: /home/cxt13/bumperbot_ws/install/bumperbot_description/share/bumperbot_description/meshes/caster_front_link.STL
[0.622s] -- Up-to-date: /home/cxt13/bumperbot_ws/install/bumperbot_description/share/bumperbot_description/meshes/caster_rear_link.STL
[0.622s] -- Up-to-date: /home/cxt13/bumperbot_ws/install/bumperbot_description/share/bumperbot_description/meshes/wheel_right_link.STL
[0.622s] -- Up-to-date: /home/cxt13/bumperbot_ws/install/bumperbot_description/share/bumperbot_description/meshes/imu_link.STL
[0.623s] -- Up-to-date: /home/cxt13/bumperbot_ws/install/bumperbot_description/share/bumperbot_description/meshes/wheel_left_link.STL
[0.625s] -- Up-to-date: /home/cxt13/bumperbot_ws/install/bumperbot_description/share/bumperbot_description/urdf
[0.625s] -- Installing: /home/cxt13/bumperbot_ws/install/bumperbot_description/share/bumperbot_description/urdf/bumperbot.urdf.xacro
[0.625s] -- Installing: /home/cxt13/bumperbot_ws/install/bumperbot_description/share/bumperbot_description/urdf/bumperbot.urdf2.xacro
[0.631s] -- Up-to-date: /home/cxt13/bumperbot_ws/install/bumperbot_description/share/bumperbot_description/launch
[0.631s] -- Up-to-date: /home/cxt13/bumperbot_ws/install/bumperbot_description/share/bumperbot_description/launch/display.launch.py
[0.632s] -- Up-to-date: /home/cxt13/bumperbot_ws/install/bumperbot_description/share/bumperbot_description/rviz
[0.637s] -- Up-to-date: /home/cxt13/bumperbot_ws/install/bumperbot_description/share/ament_index/resource_index/package_run_dependencies/bumperbot_description
[0.639s] -- Up-to-date: /home/cxt13/bumperbot_ws/install/bumperbot_description/share/ament_index/resource_index/parent_prefix_path/bumperbot_description
[0.639s] -- Up-to-date: /home/cxt13/bumperbot_ws/install/bumperbot_description/share/bumperbot_description/environment/ament_prefix_path.sh
[0.639s] -- Up-to-date: /home/cxt13/bumperbot_ws/install/bumperbot_description/share/bumperbot_description/environment/ament_prefix_path.dsv
[0.641s] -- Up-to-date: /home/cxt13/bumperbot_ws/install/bumperbot_description/share/bumperbot_description/environment/path.sh
[0.641s] -- Up-to-date: /home/cxt13/bumperbot_ws/install/bumperbot_description/share/bumperbot_description/environment/path.dsv
[0.641s] -- Up-to-date: /home/cxt13/bumperbot_ws/install/bumperbot_description/share/bumperbot_description/local_setup.bash
[0.642s] -- Up-to-date: /home/cxt13/bumperbot_ws/install/bumperbot_description/share/bumperbot_description/local_setup.sh
[0.642s] -- Up-to-date: /home/cxt13/bumperbot_ws/install/bumperbot_description/share/bumperbot_description/local_setup.zsh
[0.642s] -- Up-to-date: /home/cxt13/bumperbot_ws/install/bumperbot_description/share/bumperbot_description/local_setup.dsv
[0.647s] -- Installing: /home/cxt13/bumperbot_ws/install/bumperbot_description/share/bumperbot_description/package.dsv
[0.647s] -- Up-to-date: /home/cxt13/bumperbot_ws/install/bumperbot_description/share/ament_index/resource_index/packages/bumperbot_description
[0.647s] -- Up-to-date: /home/cxt13/bumperbot_ws/install/bumperbot_description/share/bumperbot_description/cmake/bumperbot_descriptionConfig.cmake
[0.648s] -- Up-to-date: /home/cxt13/bumperbot_ws/install/bumperbot_description/share/bumperbot_description/cmake/bumperbot_descriptionConfig-version.cmake
[0.648s] -- Up-to-date: /home/cxt13/bumperbot_ws/install/bumperbot_description/share/bumperbot_description/package.xml
[0.707s] Invoked command in '/home/cxt13/bumperbot_ws/build/bumperbot_description' returned '0': CMAKE_PREFIX_PATH=${CMAKE_PREFIX_PATH}:/opt/ros/jazzy DEBUGINFOD_URLS=https://debuginfod.ubuntu.com /usr/bin/cmake --install /home/cxt13/bumperbot_ws/build/bumperbot_description
