[0.193s] DEBUG:colcon:Command line arguments: ['/usr/bin/colcon', 'build']
[0.193s] DEBUG:colcon:Parsed command line arguments: Namespace(log_base=None, log_level=None, verb_name='build', build_base='build', install_base='install', merge_install=False, symlink_install=False, test_result_base=None, continue_on_error=False, executor='parallel', parallel_workers=2, event_handlers=None, ignore_user_meta=False, metas=['./colcon.meta'], base_paths=['.'], packages_ignore=None, packages_ignore_regex=None, paths=None, packages_up_to=None, packages_up_to_regex=None, packages_above=None, packages_above_and_dependencies=None, packages_above_depth=None, packages_select_by_dep=None, packages_skip_by_dep=None, packages_skip_up_to=None, packages_select_build_failed=False, packages_skip_build_finished=False, packages_select_test_failures=False, packages_skip_test_passed=False, packages_select=None, packages_skip=None, packages_select_regex=None, packages_skip_regex=None, packages_start=None, packages_end=None, allow_overriding=[], cmake_args=None, cmake_target=None, cmake_target_skip_unavailable=False, cmake_clean_cache=False, cmake_clean_first=False, cmake_force_configure=False, ament_cmake_args=None, catkin_cmake_args=None, catkin_skip_building_tests=False, mixin_files=None, mixin=None, verb_parser=<colcon_mixin.mixin.mixin_argument.MixinArgumentDecorator object at 0x76b32df7fbc0>, verb_extension=<colcon_core.verb.build.BuildVerb object at 0x76b32df19910>, main=<bound method BuildVerb.main of <colcon_core.verb.build.BuildVerb object at 0x76b32df19910>>, mixin_verb=('build',))
[0.262s] Level 1:colcon.colcon_core.package_discovery:discover_packages(colcon_meta) check parameters
[0.263s] Level 1:colcon.colcon_core.package_discovery:discover_packages(recursive) check parameters
[0.263s] Level 1:colcon.colcon_core.package_discovery:discover_packages(ignore) check parameters
[0.263s] Level 1:colcon.colcon_core.package_discovery:discover_packages(path) check parameters
[0.263s] Level 1:colcon.colcon_core.package_discovery:discover_packages(colcon_meta) discover
[0.263s] Level 1:colcon.colcon_core.package_discovery:discover_packages(recursive) discover
[0.263s] INFO:colcon.colcon_core.package_discovery:Crawling recursively for packages in '/home/cxt13/bumperbot_ws'
[0.263s] Level 1:colcon.colcon_core.package_identification:_identify(.) by extensions ['ignore', 'ignore_ament_install']
[0.264s] Level 1:colcon.colcon_core.package_identification:_identify(.) by extension 'ignore'
[0.264s] Level 1:colcon.colcon_core.package_identification:_identify(.) by extension 'ignore_ament_install'
[0.264s] Level 1:colcon.colcon_core.package_identification:_identify(.) by extensions ['colcon_pkg']
[0.264s] Level 1:colcon.colcon_core.package_identification:_identify(.) by extension 'colcon_pkg'
[0.264s] Level 1:colcon.colcon_core.package_identification:_identify(.) by extensions ['colcon_meta']
[0.264s] Level 1:colcon.colcon_core.package_identification:_identify(.) by extension 'colcon_meta'
[0.264s] Level 1:colcon.colcon_core.package_identification:_identify(.) by extensions ['ros']
[0.264s] Level 1:colcon.colcon_core.package_identification:_identify(.) by extension 'ros'
[0.337s] Level 1:colcon.colcon_core.package_identification:_identify(.) by extensions ['cmake', 'python']
[0.337s] Level 1:colcon.colcon_core.package_identification:_identify(.) by extension 'cmake'
[0.337s] Level 1:colcon.colcon_core.package_identification:_identify(.) by extension 'python'
[0.338s] Level 1:colcon.colcon_core.package_identification:_identify(.) by extensions ['python_setup_py']
[0.338s] Level 1:colcon.colcon_core.package_identification:_identify(.) by extension 'python_setup_py'
[0.338s] Level 1:colcon.colcon_core.package_identification:_identify(build) by extensions ['ignore', 'ignore_ament_install']
[0.338s] Level 1:colcon.colcon_core.package_identification:_identify(build) by extension 'ignore'
[0.338s] Level 1:colcon.colcon_core.package_identification:_identify(build) ignored
[0.339s] Level 1:colcon.colcon_core.package_identification:_identify(install) by extensions ['ignore', 'ignore_ament_install']
[0.339s] Level 1:colcon.colcon_core.package_identification:_identify(install) by extension 'ignore'
[0.339s] Level 1:colcon.colcon_core.package_identification:_identify(install) ignored
[0.340s] Level 1:colcon.colcon_core.package_identification:_identify(log) by extensions ['ignore', 'ignore_ament_install']
[0.340s] Level 1:colcon.colcon_core.package_identification:_identify(log) by extension 'ignore'
[0.340s] Level 1:colcon.colcon_core.package_identification:_identify(log) ignored
[0.340s] Level 1:colcon.colcon_core.package_identification:_identify(src) by extensions ['ignore', 'ignore_ament_install']
[0.340s] Level 1:colcon.colcon_core.package_identification:_identify(src) by extension 'ignore'
[0.341s] Level 1:colcon.colcon_core.package_identification:_identify(src) by extension 'ignore_ament_install'
[0.341s] Level 1:colcon.colcon_core.package_identification:_identify(src) by extensions ['colcon_pkg']
[0.341s] Level 1:colcon.colcon_core.package_identification:_identify(src) by extension 'colcon_pkg'
[0.341s] Level 1:colcon.colcon_core.package_identification:_identify(src) by extensions ['colcon_meta']
[0.341s] Level 1:colcon.colcon_core.package_identification:_identify(src) by extension 'colcon_meta'
[0.341s] Level 1:colcon.colcon_core.package_identification:_identify(src) by extensions ['ros']
[0.341s] Level 1:colcon.colcon_core.package_identification:_identify(src) by extension 'ros'
[0.342s] Level 1:colcon.colcon_core.package_identification:_identify(src) by extensions ['cmake', 'python']
[0.342s] Level 1:colcon.colcon_core.package_identification:_identify(src) by extension 'cmake'
[0.342s] Level 1:colcon.colcon_core.package_identification:_identify(src) by extension 'python'
[0.342s] Level 1:colcon.colcon_core.package_identification:_identify(src) by extensions ['python_setup_py']
[0.342s] Level 1:colcon.colcon_core.package_identification:_identify(src) by extension 'python_setup_py'
[0.342s] Level 1:colcon.colcon_core.package_identification:_identify(src/bumperbot_controller) by extensions ['ignore', 'ignore_ament_install']
[0.343s] Level 1:colcon.colcon_core.package_identification:_identify(src/bumperbot_controller) by extension 'ignore'
[0.343s] Level 1:colcon.colcon_core.package_identification:_identify(src/bumperbot_controller) by extension 'ignore_ament_install'
[0.343s] Level 1:colcon.colcon_core.package_identification:_identify(src/bumperbot_controller) by extensions ['colcon_pkg']
[0.343s] Level 1:colcon.colcon_core.package_identification:_identify(src/bumperbot_controller) by extension 'colcon_pkg'
[0.343s] Level 1:colcon.colcon_core.package_identification:_identify(src/bumperbot_controller) by extensions ['colcon_meta']
[0.343s] Level 1:colcon.colcon_core.package_identification:_identify(src/bumperbot_controller) by extension 'colcon_meta'
[0.343s] Level 1:colcon.colcon_core.package_identification:_identify(src/bumperbot_controller) by extensions ['ros']
[0.343s] Level 1:colcon.colcon_core.package_identification:_identify(src/bumperbot_controller) by extension 'ros'
[0.349s] DEBUG:colcon.colcon_core.package_identification:Package 'src/bumperbot_controller' with type 'ros.ament_cmake' and name 'bumperbot_controller'
[0.350s] Level 1:colcon.colcon_core.package_identification:_identify(src/bumperbot_cpp_examples) by extensions ['ignore', 'ignore_ament_install']
[0.350s] Level 1:colcon.colcon_core.package_identification:_identify(src/bumperbot_cpp_examples) by extension 'ignore'
[0.350s] Level 1:colcon.colcon_core.package_identification:_identify(src/bumperbot_cpp_examples) by extension 'ignore_ament_install'
[0.350s] Level 1:colcon.colcon_core.package_identification:_identify(src/bumperbot_cpp_examples) by extensions ['colcon_pkg']
[0.350s] Level 1:colcon.colcon_core.package_identification:_identify(src/bumperbot_cpp_examples) by extension 'colcon_pkg'
[0.351s] Level 1:colcon.colcon_core.package_identification:_identify(src/bumperbot_cpp_examples) by extensions ['colcon_meta']
[0.351s] Level 1:colcon.colcon_core.package_identification:_identify(src/bumperbot_cpp_examples) by extension 'colcon_meta'
[0.351s] Level 1:colcon.colcon_core.package_identification:_identify(src/bumperbot_cpp_examples) by extensions ['ros']
[0.351s] Level 1:colcon.colcon_core.package_identification:_identify(src/bumperbot_cpp_examples) by extension 'ros'
[0.352s] DEBUG:colcon.colcon_core.package_identification:Package 'src/bumperbot_cpp_examples' with type 'ros.ament_cmake' and name 'bumperbot_cpp_examples'
[0.352s] Level 1:colcon.colcon_core.package_identification:_identify(src/bumperbot_description) by extensions ['ignore', 'ignore_ament_install']
[0.353s] Level 1:colcon.colcon_core.package_identification:_identify(src/bumperbot_description) by extension 'ignore'
[0.353s] Level 1:colcon.colcon_core.package_identification:_identify(src/bumperbot_description) by extension 'ignore_ament_install'
[0.353s] Level 1:colcon.colcon_core.package_identification:_identify(src/bumperbot_description) by extensions ['colcon_pkg']
[0.353s] Level 1:colcon.colcon_core.package_identification:_identify(src/bumperbot_description) by extension 'colcon_pkg'
[0.353s] Level 1:colcon.colcon_core.package_identification:_identify(src/bumperbot_description) by extensions ['colcon_meta']
[0.353s] Level 1:colcon.colcon_core.package_identification:_identify(src/bumperbot_description) by extension 'colcon_meta'
[0.353s] Level 1:colcon.colcon_core.package_identification:_identify(src/bumperbot_description) by extensions ['ros']
[0.354s] Level 1:colcon.colcon_core.package_identification:_identify(src/bumperbot_description) by extension 'ros'
[0.363s] DEBUG:colcon.colcon_core.package_identification:Package 'src/bumperbot_description' with type 'ros.ament_cmake' and name 'bumperbot_description'
[0.363s] Level 1:colcon.colcon_core.package_identification:_identify(src/bumperbot_py_examples) by extensions ['ignore', 'ignore_ament_install']
[0.364s] Level 1:colcon.colcon_core.package_identification:_identify(src/bumperbot_py_examples) by extension 'ignore'
[0.364s] Level 1:colcon.colcon_core.package_identification:_identify(src/bumperbot_py_examples) by extension 'ignore_ament_install'
[0.364s] Level 1:colcon.colcon_core.package_identification:_identify(src/bumperbot_py_examples) by extensions ['colcon_pkg']
[0.364s] Level 1:colcon.colcon_core.package_identification:_identify(src/bumperbot_py_examples) by extension 'colcon_pkg'
[0.365s] Level 1:colcon.colcon_core.package_identification:_identify(src/bumperbot_py_examples) by extensions ['colcon_meta']
[0.365s] Level 1:colcon.colcon_core.package_identification:_identify(src/bumperbot_py_examples) by extension 'colcon_meta'
[0.365s] Level 1:colcon.colcon_core.package_identification:_identify(src/bumperbot_py_examples) by extensions ['ros']
[0.365s] Level 1:colcon.colcon_core.package_identification:_identify(src/bumperbot_py_examples) by extension 'ros'
[0.367s] DEBUG:colcon.colcon_core.package_identification:Package 'src/bumperbot_py_examples' with type 'ros.ament_python' and name 'bumperbot_py_examples'
[0.367s] Level 1:colcon.colcon_core.package_discovery:discover_packages(recursive) using defaults
[0.367s] Level 1:colcon.colcon_core.package_discovery:discover_packages(ignore) discover
[0.367s] Level 1:colcon.colcon_core.package_discovery:discover_packages(ignore) using defaults
[0.367s] Level 1:colcon.colcon_core.package_discovery:discover_packages(path) discover
[0.367s] Level 1:colcon.colcon_core.package_discovery:discover_packages(path) using defaults
[0.413s] Level 1:colcon.colcon_core.package_discovery:discover_packages(prefix_path) check parameters
[0.413s] Level 1:colcon.colcon_core.package_discovery:discover_packages(prefix_path) discover
[0.418s] DEBUG:colcon.colcon_installed_package_information.package_discovery:Found 409 installed packages in /opt/ros/jazzy
[0.421s] Level 1:colcon.colcon_core.package_discovery:discover_packages(prefix_path) using defaults
[0.526s] Level 5:colcon.colcon_core.verb:set package 'bumperbot_controller' build argument 'cmake_args' from command line to 'None'
[0.526s] Level 5:colcon.colcon_core.verb:set package 'bumperbot_controller' build argument 'cmake_target' from command line to 'None'
[0.526s] Level 5:colcon.colcon_core.verb:set package 'bumperbot_controller' build argument 'cmake_target_skip_unavailable' from command line to 'False'
[0.526s] Level 5:colcon.colcon_core.verb:set package 'bumperbot_controller' build argument 'cmake_clean_cache' from command line to 'False'
[0.527s] Level 5:colcon.colcon_core.verb:set package 'bumperbot_controller' build argument 'cmake_clean_first' from command line to 'False'
[0.527s] Level 5:colcon.colcon_core.verb:set package 'bumperbot_controller' build argument 'cmake_force_configure' from command line to 'False'
[0.527s] Level 5:colcon.colcon_core.verb:set package 'bumperbot_controller' build argument 'ament_cmake_args' from command line to 'None'
[0.527s] Level 5:colcon.colcon_core.verb:set package 'bumperbot_controller' build argument 'catkin_cmake_args' from command line to 'None'
[0.527s] Level 5:colcon.colcon_core.verb:set package 'bumperbot_controller' build argument 'catkin_skip_building_tests' from command line to 'False'
[0.527s] DEBUG:colcon.colcon_core.verb:Building package 'bumperbot_controller' with the following arguments: {'ament_cmake_args': None, 'build_base': '/home/cxt13/bumperbot_ws/build/bumperbot_controller', 'catkin_cmake_args': None, 'catkin_skip_building_tests': False, 'cmake_args': None, 'cmake_clean_cache': False, 'cmake_clean_first': False, 'cmake_force_configure': False, 'cmake_target': None, 'cmake_target_skip_unavailable': False, 'install_base': '/home/cxt13/bumperbot_ws/install/bumperbot_controller', 'merge_install': False, 'path': '/home/cxt13/bumperbot_ws/src/bumperbot_controller', 'symlink_install': False, 'test_result_base': None}
[0.528s] Level 5:colcon.colcon_core.verb:set package 'bumperbot_cpp_examples' build argument 'cmake_args' from command line to 'None'
[0.528s] Level 5:colcon.colcon_core.verb:set package 'bumperbot_cpp_examples' build argument 'cmake_target' from command line to 'None'
[0.528s] Level 5:colcon.colcon_core.verb:set package 'bumperbot_cpp_examples' build argument 'cmake_target_skip_unavailable' from command line to 'False'
[0.528s] Level 5:colcon.colcon_core.verb:set package 'bumperbot_cpp_examples' build argument 'cmake_clean_cache' from command line to 'False'
[0.528s] Level 5:colcon.colcon_core.verb:set package 'bumperbot_cpp_examples' build argument 'cmake_clean_first' from command line to 'False'
[0.528s] Level 5:colcon.colcon_core.verb:set package 'bumperbot_cpp_examples' build argument 'cmake_force_configure' from command line to 'False'
[0.528s] Level 5:colcon.colcon_core.verb:set package 'bumperbot_cpp_examples' build argument 'ament_cmake_args' from command line to 'None'
[0.528s] Level 5:colcon.colcon_core.verb:set package 'bumperbot_cpp_examples' build argument 'catkin_cmake_args' from command line to 'None'
[0.528s] Level 5:colcon.colcon_core.verb:set package 'bumperbot_cpp_examples' build argument 'catkin_skip_building_tests' from command line to 'False'
[0.528s] DEBUG:colcon.colcon_core.verb:Building package 'bumperbot_cpp_examples' with the following arguments: {'ament_cmake_args': None, 'build_base': '/home/cxt13/bumperbot_ws/build/bumperbot_cpp_examples', 'catkin_cmake_args': None, 'catkin_skip_building_tests': False, 'cmake_args': None, 'cmake_clean_cache': False, 'cmake_clean_first': False, 'cmake_force_configure': False, 'cmake_target': None, 'cmake_target_skip_unavailable': False, 'install_base': '/home/cxt13/bumperbot_ws/install/bumperbot_cpp_examples', 'merge_install': False, 'path': '/home/cxt13/bumperbot_ws/src/bumperbot_cpp_examples', 'symlink_install': False, 'test_result_base': None}
[0.529s] Level 5:colcon.colcon_core.verb:set package 'bumperbot_description' build argument 'cmake_args' from command line to 'None'
[0.529s] Level 5:colcon.colcon_core.verb:set package 'bumperbot_description' build argument 'cmake_target' from command line to 'None'
[0.529s] Level 5:colcon.colcon_core.verb:set package 'bumperbot_description' build argument 'cmake_target_skip_unavailable' from command line to 'False'
[0.529s] Level 5:colcon.colcon_core.verb:set package 'bumperbot_description' build argument 'cmake_clean_cache' from command line to 'False'
[0.529s] Level 5:colcon.colcon_core.verb:set package 'bumperbot_description' build argument 'cmake_clean_first' from command line to 'False'
[0.529s] Level 5:colcon.colcon_core.verb:set package 'bumperbot_description' build argument 'cmake_force_configure' from command line to 'False'
[0.529s] Level 5:colcon.colcon_core.verb:set package 'bumperbot_description' build argument 'ament_cmake_args' from command line to 'None'
[0.529s] Level 5:colcon.colcon_core.verb:set package 'bumperbot_description' build argument 'catkin_cmake_args' from command line to 'None'
[0.529s] Level 5:colcon.colcon_core.verb:set package 'bumperbot_description' build argument 'catkin_skip_building_tests' from command line to 'False'
[0.529s] DEBUG:colcon.colcon_core.verb:Building package 'bumperbot_description' with the following arguments: {'ament_cmake_args': None, 'build_base': '/home/cxt13/bumperbot_ws/build/bumperbot_description', 'catkin_cmake_args': None, 'catkin_skip_building_tests': False, 'cmake_args': None, 'cmake_clean_cache': False, 'cmake_clean_first': False, 'cmake_force_configure': False, 'cmake_target': None, 'cmake_target_skip_unavailable': False, 'install_base': '/home/cxt13/bumperbot_ws/install/bumperbot_description', 'merge_install': False, 'path': '/home/cxt13/bumperbot_ws/src/bumperbot_description', 'symlink_install': False, 'test_result_base': None}
[0.530s] Level 5:colcon.colcon_core.verb:set package 'bumperbot_py_examples' build argument 'cmake_args' from command line to 'None'
[0.530s] Level 5:colcon.colcon_core.verb:set package 'bumperbot_py_examples' build argument 'cmake_target' from command line to 'None'
[0.530s] Level 5:colcon.colcon_core.verb:set package 'bumperbot_py_examples' build argument 'cmake_target_skip_unavailable' from command line to 'False'
[0.530s] Level 5:colcon.colcon_core.verb:set package 'bumperbot_py_examples' build argument 'cmake_clean_cache' from command line to 'False'
[0.530s] Level 5:colcon.colcon_core.verb:set package 'bumperbot_py_examples' build argument 'cmake_clean_first' from command line to 'False'
[0.530s] Level 5:colcon.colcon_core.verb:set package 'bumperbot_py_examples' build argument 'cmake_force_configure' from command line to 'False'
[0.530s] Level 5:colcon.colcon_core.verb:set package 'bumperbot_py_examples' build argument 'ament_cmake_args' from command line to 'None'
[0.530s] Level 5:colcon.colcon_core.verb:set package 'bumperbot_py_examples' build argument 'catkin_cmake_args' from command line to 'None'
[0.530s] Level 5:colcon.colcon_core.verb:set package 'bumperbot_py_examples' build argument 'catkin_skip_building_tests' from command line to 'False'
[0.530s] DEBUG:colcon.colcon_core.verb:Building package 'bumperbot_py_examples' with the following arguments: {'ament_cmake_args': None, 'build_base': '/home/cxt13/bumperbot_ws/build/bumperbot_py_examples', 'catkin_cmake_args': None, 'catkin_skip_building_tests': False, 'cmake_args': None, 'cmake_clean_cache': False, 'cmake_clean_first': False, 'cmake_force_configure': False, 'cmake_target': None, 'cmake_target_skip_unavailable': False, 'install_base': '/home/cxt13/bumperbot_ws/install/bumperbot_py_examples', 'merge_install': False, 'path': '/home/cxt13/bumperbot_ws/src/bumperbot_py_examples', 'symlink_install': False, 'test_result_base': None}
[0.531s] INFO:colcon.colcon_core.executor:Executing jobs using 'parallel' executor
[0.532s] DEBUG:colcon.colcon_parallel_executor.executor.parallel:run_until_complete
[0.533s] INFO:colcon.colcon_ros.task.ament_cmake.build:Building ROS package in '/home/cxt13/bumperbot_ws/src/bumperbot_controller' with build type 'ament_cmake'
[0.533s] INFO:colcon.colcon_cmake.task.cmake.build:Building CMake package in '/home/cxt13/bumperbot_ws/src/bumperbot_controller'
[0.537s] INFO:colcon.colcon_core.plugin_system:Skipping extension 'colcon_core.shell.bat': Not used on non-Windows systems
[0.538s] INFO:colcon.colcon_core.shell:Skip shell extension 'powershell' for command environment: Not usable outside of PowerShell
[0.538s] DEBUG:colcon.colcon_core.shell:Skip shell extension 'dsv' for command environment
[0.552s] INFO:colcon.colcon_ros.task.ament_cmake.build:Building ROS package in '/home/cxt13/bumperbot_ws/src/bumperbot_cpp_examples' with build type 'ament_cmake'
[0.553s] INFO:colcon.colcon_cmake.task.cmake.build:Building CMake package in '/home/cxt13/bumperbot_ws/src/bumperbot_cpp_examples'
[0.554s] INFO:colcon.colcon_core.shell:Skip shell extension 'powershell' for command environment: Not usable outside of PowerShell
[0.554s] DEBUG:colcon.colcon_core.shell:Skip shell extension 'dsv' for command environment
[0.580s] DEBUG:colcon.colcon_core.event_handler.log_command:Invoking command in '/home/cxt13/bumperbot_ws/build/bumperbot_controller': CMAKE_PREFIX_PATH=${CMAKE_PREFIX_PATH}:/opt/ros/jazzy DEBUGINFOD_URLS=https://debuginfod.ubuntu.com /usr/bin/cmake --build /home/cxt13/bumperbot_ws/build/bumperbot_controller -- -j2 -l2
[0.599s] DEBUG:colcon.colcon_core.event_handler.log_command:Invoking command in '/home/cxt13/bumperbot_ws/build/bumperbot_cpp_examples': CMAKE_PREFIX_PATH=${CMAKE_PREFIX_PATH}:/opt/ros/jazzy DEBUGINFOD_URLS=https://debuginfod.ubuntu.com /usr/bin/cmake --build /home/cxt13/bumperbot_ws/build/bumperbot_cpp_examples -- -j2 -l2
[0.724s] DEBUG:colcon.colcon_core.event_handler.log_command:Invoked command in '/home/cxt13/bumperbot_ws/build/bumperbot_cpp_examples' returned '0': CMAKE_PREFIX_PATH=${CMAKE_PREFIX_PATH}:/opt/ros/jazzy DEBUGINFOD_URLS=https://debuginfod.ubuntu.com /usr/bin/cmake --build /home/cxt13/bumperbot_ws/build/bumperbot_cpp_examples -- -j2 -l2
[0.729s] DEBUG:colcon.colcon_core.event_handler.log_command:Invoked command in '/home/cxt13/bumperbot_ws/build/bumperbot_controller' returned '0': CMAKE_PREFIX_PATH=${CMAKE_PREFIX_PATH}:/opt/ros/jazzy DEBUGINFOD_URLS=https://debuginfod.ubuntu.com /usr/bin/cmake --build /home/cxt13/bumperbot_ws/build/bumperbot_controller -- -j2 -l2
[0.768s] DEBUG:colcon.colcon_core.event_handler.log_command:Invoking command in '/home/cxt13/bumperbot_ws/build/bumperbot_controller': CMAKE_PREFIX_PATH=${CMAKE_PREFIX_PATH}:/opt/ros/jazzy DEBUGINFOD_URLS=https://debuginfod.ubuntu.com /usr/bin/cmake --install /home/cxt13/bumperbot_ws/build/bumperbot_controller
[0.863s] Level 1:colcon.colcon_core.environment:create_environment_scripts_only(bumperbot_controller)
[0.868s] DEBUG:colcon.colcon_core.event_handler.log_command:Invoked command in '/home/cxt13/bumperbot_ws/build/bumperbot_controller' returned '0': CMAKE_PREFIX_PATH=${CMAKE_PREFIX_PATH}:/opt/ros/jazzy DEBUGINFOD_URLS=https://debuginfod.ubuntu.com /usr/bin/cmake --install /home/cxt13/bumperbot_ws/build/bumperbot_controller
[0.889s] Level 1:colcon.colcon_core.environment:checking '/home/cxt13/bumperbot_ws/install/bumperbot_controller' for CMake module files
[0.892s] Level 1:colcon.colcon_core.environment:checking '/home/cxt13/bumperbot_ws/install/bumperbot_controller' for CMake config files
[0.892s] Level 1:colcon.colcon_core.shell:create_environment_hook('bumperbot_controller', 'cmake_prefix_path')
[0.893s] INFO:colcon.colcon_core.shell:Creating environment hook '/home/cxt13/bumperbot_ws/install/bumperbot_controller/share/bumperbot_controller/hook/cmake_prefix_path.ps1'
[0.899s] INFO:colcon.colcon_core.shell:Creating environment descriptor '/home/cxt13/bumperbot_ws/install/bumperbot_controller/share/bumperbot_controller/hook/cmake_prefix_path.dsv'
[0.903s] INFO:colcon.colcon_core.shell:Creating environment hook '/home/cxt13/bumperbot_ws/install/bumperbot_controller/share/bumperbot_controller/hook/cmake_prefix_path.sh'
[0.909s] Level 1:colcon.colcon_core.environment:checking '/home/cxt13/bumperbot_ws/install/bumperbot_controller/bin'
[0.909s] Level 1:colcon.colcon_core.environment:checking '/home/cxt13/bumperbot_ws/install/bumperbot_controller/lib/pkgconfig/bumperbot_controller.pc'
[0.910s] Level 1:colcon.colcon_core.environment:checking '/home/cxt13/bumperbot_ws/install/bumperbot_controller/lib/python3.12/site-packages'
[0.911s] Level 1:colcon.colcon_core.environment:checking '/home/cxt13/bumperbot_ws/install/bumperbot_controller/bin'
[0.911s] INFO:colcon.colcon_core.shell:Creating package script '/home/cxt13/bumperbot_ws/install/bumperbot_controller/share/bumperbot_controller/package.ps1'
[0.915s] INFO:colcon.colcon_core.shell:Creating package descriptor '/home/cxt13/bumperbot_ws/install/bumperbot_controller/share/bumperbot_controller/package.dsv'
[0.917s] INFO:colcon.colcon_core.shell:Creating package script '/home/cxt13/bumperbot_ws/install/bumperbot_controller/share/bumperbot_controller/package.sh'
[0.920s] INFO:colcon.colcon_core.shell:Creating package script '/home/cxt13/bumperbot_ws/install/bumperbot_controller/share/bumperbot_controller/package.bash'
[0.922s] INFO:colcon.colcon_core.shell:Creating package script '/home/cxt13/bumperbot_ws/install/bumperbot_controller/share/bumperbot_controller/package.zsh'
[0.925s] Level 1:colcon.colcon_core.environment:create_file_with_runtime_dependencies(/home/cxt13/bumperbot_ws/install/bumperbot_controller/share/colcon-core/packages/bumperbot_controller)
[0.927s] Level 1:colcon.colcon_core.environment:create_environment_scripts_only(bumperbot_controller)
[0.928s] Level 1:colcon.colcon_core.environment:checking '/home/cxt13/bumperbot_ws/install/bumperbot_controller' for CMake module files
[0.931s] Level 1:colcon.colcon_core.environment:checking '/home/cxt13/bumperbot_ws/install/bumperbot_controller' for CMake config files
[0.932s] Level 1:colcon.colcon_core.shell:create_environment_hook('bumperbot_controller', 'cmake_prefix_path')
[0.932s] INFO:colcon.colcon_core.shell:Creating environment hook '/home/cxt13/bumperbot_ws/install/bumperbot_controller/share/bumperbot_controller/hook/cmake_prefix_path.ps1'
[0.934s] INFO:colcon.colcon_core.shell:Creating environment descriptor '/home/cxt13/bumperbot_ws/install/bumperbot_controller/share/bumperbot_controller/hook/cmake_prefix_path.dsv'
[0.937s] INFO:colcon.colcon_core.shell:Creating environment hook '/home/cxt13/bumperbot_ws/install/bumperbot_controller/share/bumperbot_controller/hook/cmake_prefix_path.sh'
[0.939s] Level 1:colcon.colcon_core.environment:checking '/home/cxt13/bumperbot_ws/install/bumperbot_controller/bin'
[0.940s] Level 1:colcon.colcon_core.environment:checking '/home/cxt13/bumperbot_ws/install/bumperbot_controller/lib/pkgconfig/bumperbot_controller.pc'
[0.940s] Level 1:colcon.colcon_core.environment:checking '/home/cxt13/bumperbot_ws/install/bumperbot_controller/lib/python3.12/site-packages'
[0.941s] Level 1:colcon.colcon_core.environment:checking '/home/cxt13/bumperbot_ws/install/bumperbot_controller/bin'
[0.942s] INFO:colcon.colcon_core.shell:Creating package script '/home/cxt13/bumperbot_ws/install/bumperbot_controller/share/bumperbot_controller/package.ps1'
[0.955s] INFO:colcon.colcon_core.shell:Creating package descriptor '/home/cxt13/bumperbot_ws/install/bumperbot_controller/share/bumperbot_controller/package.dsv'
[0.957s] INFO:colcon.colcon_core.shell:Creating package script '/home/cxt13/bumperbot_ws/install/bumperbot_controller/share/bumperbot_controller/package.sh'
[0.963s] INFO:colcon.colcon_core.shell:Creating package script '/home/cxt13/bumperbot_ws/install/bumperbot_controller/share/bumperbot_controller/package.bash'
[0.967s] INFO:colcon.colcon_core.shell:Creating package script '/home/cxt13/bumperbot_ws/install/bumperbot_controller/share/bumperbot_controller/package.zsh'
[0.971s] Level 1:colcon.colcon_core.environment:create_file_with_runtime_dependencies(/home/cxt13/bumperbot_ws/install/bumperbot_controller/share/colcon-core/packages/bumperbot_controller)
[0.981s] INFO:colcon.colcon_ros.task.ament_cmake.build:Building ROS package in '/home/cxt13/bumperbot_ws/src/bumperbot_description' with build type 'ament_cmake'
[0.982s] INFO:colcon.colcon_cmake.task.cmake.build:Building CMake package in '/home/cxt13/bumperbot_ws/src/bumperbot_description'
[0.983s] INFO:colcon.colcon_core.shell:Skip shell extension 'powershell' for command environment: Not usable outside of PowerShell
[0.983s] DEBUG:colcon.colcon_core.shell:Skip shell extension 'dsv' for command environment
[1.030s] DEBUG:colcon.colcon_core.event_handler.log_command:Invoking command in '/home/cxt13/bumperbot_ws/build/bumperbot_cpp_examples': CMAKE_PREFIX_PATH=${CMAKE_PREFIX_PATH}:/opt/ros/jazzy DEBUGINFOD_URLS=https://debuginfod.ubuntu.com /usr/bin/cmake --install /home/cxt13/bumperbot_ws/build/bumperbot_cpp_examples
[1.100s] DEBUG:colcon.colcon_core.event_handler.log_command:Invoking command in '/home/cxt13/bumperbot_ws/build/bumperbot_description': CMAKE_PREFIX_PATH=${CMAKE_PREFIX_PATH}:/opt/ros/jazzy DEBUGINFOD_URLS=https://debuginfod.ubuntu.com /usr/bin/cmake --build /home/cxt13/bumperbot_ws/build/bumperbot_description -- -j2 -l2
[1.140s] Level 1:colcon.colcon_core.environment:create_environment_scripts_only(bumperbot_cpp_examples)
[1.140s] Level 1:colcon.colcon_core.environment:checking '/home/cxt13/bumperbot_ws/install/bumperbot_cpp_examples' for CMake module files
[1.142s] Level 1:colcon.colcon_core.environment:checking '/home/cxt13/bumperbot_ws/install/bumperbot_cpp_examples' for CMake config files
[1.142s] Level 1:colcon.colcon_core.shell:create_environment_hook('bumperbot_cpp_examples', 'cmake_prefix_path')
[1.145s] INFO:colcon.colcon_core.shell:Creating environment hook '/home/cxt13/bumperbot_ws/install/bumperbot_cpp_examples/share/bumperbot_cpp_examples/hook/cmake_prefix_path.ps1'
[1.146s] DEBUG:colcon.colcon_core.event_handler.log_command:Invoked command in '/home/cxt13/bumperbot_ws/build/bumperbot_cpp_examples' returned '0': CMAKE_PREFIX_PATH=${CMAKE_PREFIX_PATH}:/opt/ros/jazzy DEBUGINFOD_URLS=https://debuginfod.ubuntu.com /usr/bin/cmake --install /home/cxt13/bumperbot_ws/build/bumperbot_cpp_examples
[1.152s] INFO:colcon.colcon_core.shell:Creating environment descriptor '/home/cxt13/bumperbot_ws/install/bumperbot_cpp_examples/share/bumperbot_cpp_examples/hook/cmake_prefix_path.dsv'
[1.156s] INFO:colcon.colcon_core.shell:Creating environment hook '/home/cxt13/bumperbot_ws/install/bumperbot_cpp_examples/share/bumperbot_cpp_examples/hook/cmake_prefix_path.sh'
[1.167s] Level 1:colcon.colcon_core.environment:checking '/home/cxt13/bumperbot_ws/install/bumperbot_cpp_examples/bin'
[1.168s] Level 1:colcon.colcon_core.environment:checking '/home/cxt13/bumperbot_ws/install/bumperbot_cpp_examples/lib/pkgconfig/bumperbot_cpp_examples.pc'
[1.168s] Level 1:colcon.colcon_core.environment:checking '/home/cxt13/bumperbot_ws/install/bumperbot_cpp_examples/lib/python3.12/site-packages'
[1.171s] Level 1:colcon.colcon_core.environment:checking '/home/cxt13/bumperbot_ws/install/bumperbot_cpp_examples/bin'
[1.171s] INFO:colcon.colcon_core.shell:Creating package script '/home/cxt13/bumperbot_ws/install/bumperbot_cpp_examples/share/bumperbot_cpp_examples/package.ps1'
[1.175s] INFO:colcon.colcon_core.shell:Creating package descriptor '/home/cxt13/bumperbot_ws/install/bumperbot_cpp_examples/share/bumperbot_cpp_examples/package.dsv'
[1.176s] INFO:colcon.colcon_core.shell:Creating package script '/home/cxt13/bumperbot_ws/install/bumperbot_cpp_examples/share/bumperbot_cpp_examples/package.sh'
[1.178s] INFO:colcon.colcon_core.shell:Creating package script '/home/cxt13/bumperbot_ws/install/bumperbot_cpp_examples/share/bumperbot_cpp_examples/package.bash'
[1.179s] INFO:colcon.colcon_core.shell:Creating package script '/home/cxt13/bumperbot_ws/install/bumperbot_cpp_examples/share/bumperbot_cpp_examples/package.zsh'
[1.180s] Level 1:colcon.colcon_core.environment:create_file_with_runtime_dependencies(/home/cxt13/bumperbot_ws/install/bumperbot_cpp_examples/share/colcon-core/packages/bumperbot_cpp_examples)
[1.303s] DEBUG:colcon.colcon_core.event_handler.log_command:Invoked command in '/home/cxt13/bumperbot_ws/build/bumperbot_description' returned '0': CMAKE_PREFIX_PATH=${CMAKE_PREFIX_PATH}:/opt/ros/jazzy DEBUGINFOD_URLS=https://debuginfod.ubuntu.com /usr/bin/cmake --build /home/cxt13/bumperbot_ws/build/bumperbot_description -- -j2 -l2
[1.323s] Level 1:colcon.colcon_core.environment:create_environment_scripts_only(bumperbot_cpp_examples)
[1.323s] Level 1:colcon.colcon_core.environment:checking '/home/cxt13/bumperbot_ws/install/bumperbot_cpp_examples' for CMake module files
[1.324s] Level 1:colcon.colcon_core.environment:checking '/home/cxt13/bumperbot_ws/install/bumperbot_cpp_examples' for CMake config files
[1.325s] Level 1:colcon.colcon_core.shell:create_environment_hook('bumperbot_cpp_examples', 'cmake_prefix_path')
[1.325s] INFO:colcon.colcon_core.shell:Creating environment hook '/home/cxt13/bumperbot_ws/install/bumperbot_cpp_examples/share/bumperbot_cpp_examples/hook/cmake_prefix_path.ps1'
[1.329s] INFO:colcon.colcon_core.shell:Creating environment descriptor '/home/cxt13/bumperbot_ws/install/bumperbot_cpp_examples/share/bumperbot_cpp_examples/hook/cmake_prefix_path.dsv'
[1.330s] INFO:colcon.colcon_core.shell:Creating environment hook '/home/cxt13/bumperbot_ws/install/bumperbot_cpp_examples/share/bumperbot_cpp_examples/hook/cmake_prefix_path.sh'
[1.332s] Level 1:colcon.colcon_core.environment:checking '/home/cxt13/bumperbot_ws/install/bumperbot_cpp_examples/bin'
[1.332s] Level 1:colcon.colcon_core.environment:checking '/home/cxt13/bumperbot_ws/install/bumperbot_cpp_examples/lib/pkgconfig/bumperbot_cpp_examples.pc'
[1.333s] Level 1:colcon.colcon_core.environment:checking '/home/cxt13/bumperbot_ws/install/bumperbot_cpp_examples/lib/python3.12/site-packages'
[1.333s] Level 1:colcon.colcon_core.environment:checking '/home/cxt13/bumperbot_ws/install/bumperbot_cpp_examples/bin'
[1.333s] INFO:colcon.colcon_core.shell:Creating package script '/home/cxt13/bumperbot_ws/install/bumperbot_cpp_examples/share/bumperbot_cpp_examples/package.ps1'
[1.338s] INFO:colcon.colcon_core.shell:Creating package descriptor '/home/cxt13/bumperbot_ws/install/bumperbot_cpp_examples/share/bumperbot_cpp_examples/package.dsv'
[1.341s] INFO:colcon.colcon_core.shell:Creating package script '/home/cxt13/bumperbot_ws/install/bumperbot_cpp_examples/share/bumperbot_cpp_examples/package.sh'
[1.343s] INFO:colcon.colcon_core.shell:Creating package script '/home/cxt13/bumperbot_ws/install/bumperbot_cpp_examples/share/bumperbot_cpp_examples/package.bash'
[1.345s] INFO:colcon.colcon_core.shell:Creating package script '/home/cxt13/bumperbot_ws/install/bumperbot_cpp_examples/share/bumperbot_cpp_examples/package.zsh'
[1.346s] Level 1:colcon.colcon_core.environment:create_file_with_runtime_dependencies(/home/cxt13/bumperbot_ws/install/bumperbot_cpp_examples/share/colcon-core/packages/bumperbot_cpp_examples)
[1.349s] INFO:colcon.colcon_ros.task.ament_python.build:Building ROS package in '/home/cxt13/bumperbot_ws/src/bumperbot_py_examples' with build type 'ament_python'
[1.349s] Level 1:colcon.colcon_core.shell:create_environment_hook('bumperbot_py_examples', 'ament_prefix_path')
[1.352s] INFO:colcon.colcon_core.shell:Creating environment hook '/home/cxt13/bumperbot_ws/install/bumperbot_py_examples/share/bumperbot_py_examples/hook/ament_prefix_path.ps1'
[1.355s] INFO:colcon.colcon_core.shell:Creating environment descriptor '/home/cxt13/bumperbot_ws/install/bumperbot_py_examples/share/bumperbot_py_examples/hook/ament_prefix_path.dsv'
[1.358s] INFO:colcon.colcon_core.shell:Creating environment hook '/home/cxt13/bumperbot_ws/install/bumperbot_py_examples/share/bumperbot_py_examples/hook/ament_prefix_path.sh'
[1.370s] INFO:colcon.colcon_core.shell:Skip shell extension 'powershell' for command environment: Not usable outside of PowerShell
[1.370s] DEBUG:colcon.colcon_core.shell:Skip shell extension 'dsv' for command environment
[3.926s] INFO:colcon.colcon_core.task.python.build:Building Python package in '/home/cxt13/bumperbot_ws/src/bumperbot_py_examples'
[3.927s] INFO:colcon.colcon_core.shell:Skip shell extension 'powershell' for command environment: Not usable outside of PowerShell
[3.927s] DEBUG:colcon.colcon_core.shell:Skip shell extension 'dsv' for command environment
[4.084s] DEBUG:colcon.colcon_core.event_handler.log_command:Invoking command in '/home/cxt13/bumperbot_ws/build/bumperbot_description': CMAKE_PREFIX_PATH=${CMAKE_PREFIX_PATH}:/opt/ros/jazzy DEBUGINFOD_URLS=https://debuginfod.ubuntu.com /usr/bin/cmake --install /home/cxt13/bumperbot_ws/build/bumperbot_description
[4.468s] Level 1:colcon.colcon_core.environment:create_environment_scripts_only(bumperbot_description)
[4.469s] Level 1:colcon.colcon_core.environment:checking '/home/cxt13/bumperbot_ws/install/bumperbot_description' for CMake module files
[4.470s] Level 1:colcon.colcon_core.environment:checking '/home/cxt13/bumperbot_ws/install/bumperbot_description' for CMake config files
[4.476s] DEBUG:colcon.colcon_core.event_handler.log_command:Invoked command in '/home/cxt13/bumperbot_ws/build/bumperbot_description' returned '0': CMAKE_PREFIX_PATH=${CMAKE_PREFIX_PATH}:/opt/ros/jazzy DEBUGINFOD_URLS=https://debuginfod.ubuntu.com /usr/bin/cmake --install /home/cxt13/bumperbot_ws/build/bumperbot_description
[4.477s] Level 1:colcon.colcon_core.shell:create_environment_hook('bumperbot_description', 'cmake_prefix_path')
[4.477s] INFO:colcon.colcon_core.shell:Creating environment hook '/home/cxt13/bumperbot_ws/install/bumperbot_description/share/bumperbot_description/hook/cmake_prefix_path.ps1'
[4.489s] INFO:colcon.colcon_core.shell:Creating environment descriptor '/home/cxt13/bumperbot_ws/install/bumperbot_description/share/bumperbot_description/hook/cmake_prefix_path.dsv'
[4.490s] INFO:colcon.colcon_core.shell:Creating environment hook '/home/cxt13/bumperbot_ws/install/bumperbot_description/share/bumperbot_description/hook/cmake_prefix_path.sh'
[4.494s] Level 1:colcon.colcon_core.environment:checking '/home/cxt13/bumperbot_ws/install/bumperbot_description/bin'
[4.495s] Level 1:colcon.colcon_core.environment:checking '/home/cxt13/bumperbot_ws/install/bumperbot_description/lib/pkgconfig/bumperbot_description.pc'
[4.497s] Level 1:colcon.colcon_core.environment:checking '/home/cxt13/bumperbot_ws/install/bumperbot_description/lib/python3.12/site-packages'
[4.498s] Level 1:colcon.colcon_core.environment:checking '/home/cxt13/bumperbot_ws/install/bumperbot_description/bin'
[4.498s] INFO:colcon.colcon_core.shell:Creating package script '/home/cxt13/bumperbot_ws/install/bumperbot_description/share/bumperbot_description/package.ps1'
[4.502s] INFO:colcon.colcon_core.shell:Creating package descriptor '/home/cxt13/bumperbot_ws/install/bumperbot_description/share/bumperbot_description/package.dsv'
[4.504s] INFO:colcon.colcon_core.shell:Creating package script '/home/cxt13/bumperbot_ws/install/bumperbot_description/share/bumperbot_description/package.sh'
[4.513s] INFO:colcon.colcon_core.shell:Creating package script '/home/cxt13/bumperbot_ws/install/bumperbot_description/share/bumperbot_description/package.bash'
[4.517s] INFO:colcon.colcon_core.shell:Creating package script '/home/cxt13/bumperbot_ws/install/bumperbot_description/share/bumperbot_description/package.zsh'
[4.518s] Level 1:colcon.colcon_core.environment:create_file_with_runtime_dependencies(/home/cxt13/bumperbot_ws/install/bumperbot_description/share/colcon-core/packages/bumperbot_description)
[5.075s] Level 1:colcon.colcon_core.environment:create_environment_scripts_only(bumperbot_description)
[5.092s] Level 1:colcon.colcon_core.environment:checking '/home/cxt13/bumperbot_ws/install/bumperbot_description' for CMake module files
[5.107s] Level 1:colcon.colcon_core.environment:checking '/home/cxt13/bumperbot_ws/install/bumperbot_description' for CMake config files
[5.108s] Level 1:colcon.colcon_core.shell:create_environment_hook('bumperbot_description', 'cmake_prefix_path')
[5.121s] INFO:colcon.colcon_core.shell:Creating environment hook '/home/cxt13/bumperbot_ws/install/bumperbot_description/share/bumperbot_description/hook/cmake_prefix_path.ps1'
[5.133s] INFO:colcon.colcon_core.shell:Creating environment descriptor '/home/cxt13/bumperbot_ws/install/bumperbot_description/share/bumperbot_description/hook/cmake_prefix_path.dsv'
[5.146s] INFO:colcon.colcon_core.shell:Creating environment hook '/home/cxt13/bumperbot_ws/install/bumperbot_description/share/bumperbot_description/hook/cmake_prefix_path.sh'
[5.152s] Level 1:colcon.colcon_core.environment:checking '/home/cxt13/bumperbot_ws/install/bumperbot_description/bin'
[5.152s] Level 1:colcon.colcon_core.environment:checking '/home/cxt13/bumperbot_ws/install/bumperbot_description/lib/pkgconfig/bumperbot_description.pc'
[5.167s] Level 1:colcon.colcon_core.environment:checking '/home/cxt13/bumperbot_ws/install/bumperbot_description/lib/python3.12/site-packages'
[5.176s] Level 1:colcon.colcon_core.environment:checking '/home/cxt13/bumperbot_ws/install/bumperbot_description/bin'
[5.177s] INFO:colcon.colcon_core.shell:Creating package script '/home/cxt13/bumperbot_ws/install/bumperbot_description/share/bumperbot_description/package.ps1'
[5.211s] INFO:colcon.colcon_core.shell:Creating package descriptor '/home/cxt13/bumperbot_ws/install/bumperbot_description/share/bumperbot_description/package.dsv'
[5.219s] INFO:colcon.colcon_core.shell:Creating package script '/home/cxt13/bumperbot_ws/install/bumperbot_description/share/bumperbot_description/package.sh'
[5.220s] INFO:colcon.colcon_core.shell:Creating package script '/home/cxt13/bumperbot_ws/install/bumperbot_description/share/bumperbot_description/package.bash'
[5.247s] INFO:colcon.colcon_core.shell:Creating package script '/home/cxt13/bumperbot_ws/install/bumperbot_description/share/bumperbot_description/package.zsh'
[5.254s] Level 1:colcon.colcon_core.environment:create_file_with_runtime_dependencies(/home/cxt13/bumperbot_ws/install/bumperbot_description/share/colcon-core/packages/bumperbot_description)
[8.694s] DEBUG:colcon.colcon_core.event_handler.log_command:Invoking command in '/home/cxt13/bumperbot_ws/src/bumperbot_py_examples': DEBUGINFOD_URLS=https://debuginfod.ubuntu.com PYTHONPATH=/home/cxt13/bumperbot_ws/build/bumperbot_py_examples/prefix_override:/usr/lib/python3/dist-packages/colcon_core/task/python/colcon_distutils_commands:/home/cxt13/bumperbot_ws/install/bumperbot_py_examples/lib/python3.12/site-packages:${PYTHONPATH} /usr/bin/python3 -W ignore:setup.py install is deprecated -W ignore:easy_install command is deprecated setup.py egg_info --egg-base ../../build/bumperbot_py_examples build --build-base /home/cxt13/bumperbot_ws/build/bumperbot_py_examples/build install --record /home/cxt13/bumperbot_ws/build/bumperbot_py_examples/install.log --single-version-externally-managed install_data
[10.399s] Level 1:colcon.colcon_core.environment:checking '/home/cxt13/bumperbot_ws/install/bumperbot_py_examples' for CMake module files
[10.407s] DEBUG:colcon.colcon_core.event_handler.log_command:Invoked command in '/home/cxt13/bumperbot_ws/src/bumperbot_py_examples' returned '0': DEBUGINFOD_URLS=https://debuginfod.ubuntu.com PYTHONPATH=/home/cxt13/bumperbot_ws/build/bumperbot_py_examples/prefix_override:/usr/lib/python3/dist-packages/colcon_core/task/python/colcon_distutils_commands:/home/cxt13/bumperbot_ws/install/bumperbot_py_examples/lib/python3.12/site-packages:${PYTHONPATH} /usr/bin/python3 -W ignore:setup.py install is deprecated -W ignore:easy_install command is deprecated setup.py egg_info --egg-base ../../build/bumperbot_py_examples build --build-base /home/cxt13/bumperbot_ws/build/bumperbot_py_examples/build install --record /home/cxt13/bumperbot_ws/build/bumperbot_py_examples/install.log --single-version-externally-managed install_data
[10.418s] Level 1:colcon.colcon_core.environment:checking '/home/cxt13/bumperbot_ws/install/bumperbot_py_examples' for CMake config files
[10.427s] Level 1:colcon.colcon_core.environment:checking '/home/cxt13/bumperbot_ws/install/bumperbot_py_examples/lib'
[10.429s] Level 1:colcon.colcon_core.environment:checking '/home/cxt13/bumperbot_ws/install/bumperbot_py_examples/bin'
[10.430s] Level 1:colcon.colcon_core.environment:checking '/home/cxt13/bumperbot_ws/install/bumperbot_py_examples/lib/pkgconfig/bumperbot_py_examples.pc'
[10.438s] Level 1:colcon.colcon_core.environment:checking '/home/cxt13/bumperbot_ws/install/bumperbot_py_examples/lib/python3.12/site-packages'
[10.446s] Level 1:colcon.colcon_core.shell:create_environment_hook('bumperbot_py_examples', 'pythonpath')
[10.448s] INFO:colcon.colcon_core.shell:Creating environment hook '/home/cxt13/bumperbot_ws/install/bumperbot_py_examples/share/bumperbot_py_examples/hook/pythonpath.ps1'
[10.452s] INFO:colcon.colcon_core.shell:Creating environment descriptor '/home/cxt13/bumperbot_ws/install/bumperbot_py_examples/share/bumperbot_py_examples/hook/pythonpath.dsv'
[10.456s] INFO:colcon.colcon_core.shell:Creating environment hook '/home/cxt13/bumperbot_ws/install/bumperbot_py_examples/share/bumperbot_py_examples/hook/pythonpath.sh'
[10.475s] Level 1:colcon.colcon_core.environment:checking '/home/cxt13/bumperbot_ws/install/bumperbot_py_examples/bin'
[10.476s] Level 1:colcon.colcon_core.environment:create_environment_scripts_only(bumperbot_py_examples)
[10.477s] INFO:colcon.colcon_core.shell:Creating package script '/home/cxt13/bumperbot_ws/install/bumperbot_py_examples/share/bumperbot_py_examples/package.ps1'
[10.488s] INFO:colcon.colcon_core.shell:Creating package descriptor '/home/cxt13/bumperbot_ws/install/bumperbot_py_examples/share/bumperbot_py_examples/package.dsv'
[10.491s] INFO:colcon.colcon_core.shell:Creating package script '/home/cxt13/bumperbot_ws/install/bumperbot_py_examples/share/bumperbot_py_examples/package.sh'
[10.503s] INFO:colcon.colcon_core.shell:Creating package script '/home/cxt13/bumperbot_ws/install/bumperbot_py_examples/share/bumperbot_py_examples/package.bash'
[10.508s] INFO:colcon.colcon_core.shell:Creating package script '/home/cxt13/bumperbot_ws/install/bumperbot_py_examples/share/bumperbot_py_examples/package.zsh'
[10.515s] Level 1:colcon.colcon_core.environment:create_file_with_runtime_dependencies(/home/cxt13/bumperbot_ws/install/bumperbot_py_examples/share/colcon-core/packages/bumperbot_py_examples)
[10.518s] DEBUG:colcon.colcon_parallel_executor.executor.parallel:closing loop
[10.519s] DEBUG:colcon.colcon_parallel_executor.executor.parallel:loop closed
[10.521s] DEBUG:colcon.colcon_parallel_executor.executor.parallel:run_until_complete finished with '0'
[10.523s] DEBUG:colcon.colcon_core.event_reactor:joining thread
[10.582s] INFO:colcon.colcon_core.plugin_system:Skipping extension 'colcon_notification.desktop_notification.terminal_notifier': Not used on non-Darwin systems
[10.583s] INFO:colcon.colcon_core.plugin_system:Skipping extension 'colcon_notification.desktop_notification.win32': Not used on non-Windows systems
[10.583s] INFO:colcon.colcon_notification.desktop_notification:Sending desktop notification using 'notify2'
[10.670s] DEBUG:colcon.colcon_core.event_reactor:joined thread
[10.672s] INFO:colcon.colcon_core.shell:Creating prefix script '/home/cxt13/bumperbot_ws/install/local_setup.ps1'
[10.685s] INFO:colcon.colcon_core.shell:Creating prefix util module '/home/cxt13/bumperbot_ws/install/_local_setup_util_ps1.py'
[10.719s] INFO:colcon.colcon_core.shell:Creating prefix chain script '/home/cxt13/bumperbot_ws/install/setup.ps1'
[10.756s] INFO:colcon.colcon_core.shell:Creating prefix script '/home/cxt13/bumperbot_ws/install/local_setup.sh'
[10.769s] INFO:colcon.colcon_core.shell:Creating prefix util module '/home/cxt13/bumperbot_ws/install/_local_setup_util_sh.py'
[10.782s] INFO:colcon.colcon_core.shell:Creating prefix chain script '/home/cxt13/bumperbot_ws/install/setup.sh'
[10.807s] INFO:colcon.colcon_core.shell:Creating prefix script '/home/cxt13/bumperbot_ws/install/local_setup.bash'
[10.832s] INFO:colcon.colcon_core.shell:Creating prefix chain script '/home/cxt13/bumperbot_ws/install/setup.bash'
[10.862s] INFO:colcon.colcon_core.shell:Creating prefix script '/home/cxt13/bumperbot_ws/install/local_setup.zsh'
[10.871s] INFO:colcon.colcon_core.shell:Creating prefix chain script '/home/cxt13/bumperbot_ws/install/setup.zsh'
