[0.069s] Invoking command in '/home/cxt13/bumperbot_ws/build/bumperbot_description': CMAKE_PREFIX_PATH=${CMAKE_PREFIX_PATH}:/opt/ros/jazzy DEBUGINFOD_URLS=https://debuginfod.ubuntu.com /usr/bin/cmake --build /home/cxt13/bumperbot_ws/build/bumperbot_description -- -j2 -l2
[0.723s] Invoked command in '/home/cxt13/bumperbot_ws/build/bumperbot_description' returned '0': CMAKE_PREFIX_PATH=${CMAKE_PREFIX_PATH}:/opt/ros/jazzy DEBUGINFOD_URLS=https://debuginfod.ubuntu.com /usr/bin/cmake --build /home/cxt13/bumperbot_ws/build/bumperbot_description -- -j2 -l2
[5.883s] Invoking command in '/home/cxt13/bumperbot_ws/build/bumperbot_description': CMAKE_PREFIX_PATH=${CMAKE_PREFIX_PATH}:/opt/ros/jazzy DEBUGINFOD_URLS=https://debuginfod.ubuntu.com /usr/bin/cmake --install /home/cxt13/bumperbot_ws/build/bumperbot_description
[6.172s] -- Install configuration: ""
[6.172s] -- Up-to-date: /home/cxt13/bumperbot_ws/install/bumperbot_description/share/bumperbot_description/meshes
[6.172s] -- Up-to-date: /home/cxt13/bumperbot_ws/install/bumperbot_description/share/bumperbot_description/meshes/base_link.STL
[6.172s] -- Up-to-date: /home/cxt13/bumperbot_ws/install/bumperbot_description/share/bumperbot_description/meshes/caster_front_link.STL
[6.173s] -- Up-to-date: /home/cxt13/bumperbot_ws/install/bumperbot_description/share/bumperbot_description/meshes/caster_rear_link.STL
[6.182s] -- Up-to-date: /home/cxt13/bumperbot_ws/install/bumperbot_description/share/bumperbot_description/meshes/wheel_right_link.STL
[6.183s] -- Up-to-date: /home/cxt13/bumperbot_ws/install/bumperbot_description/share/bumperbot_description/meshes/can.STL
[6.183s] -- Up-to-date: /home/cxt13/bumperbot_ws/install/bumperbot_description/share/bumperbot_description/meshes/imu_link.STL
[6.183s] -- Up-to-date: /home/cxt13/bumperbot_ws/install/bumperbot_description/share/bumperbot_description/meshes/wheel_left_link.STL
[6.183s] -- Up-to-date: /home/cxt13/bumperbot_ws/install/bumperbot_description/share/bumperbot_description/urdf
[6.206s] -- Up-to-date: /home/cxt13/bumperbot_ws/install/bumperbot_description/share/bumperbot_description/urdf/bumperbot.urdf.xacro
[6.207s] -- Up-to-date: /home/cxt13/bumperbot_ws/install/bumperbot_description/share/bumperbot_description/urdf/bumperbot_gazebo.xacro
[6.207s] -- Up-to-date: /home/cxt13/bumperbot_ws/install/bumperbot_description/share/bumperbot_description/urdf/bumperbot_ros2_control.xacro
[6.207s] -- Up-to-date: /home/cxt13/bumperbot_ws/install/bumperbot_description/share/bumperbot_description/launch
[6.225s] -- Installing: /home/cxt13/bumperbot_ws/install/bumperbot_description/share/bumperbot_description/launch/gazebo.launch.py
[6.226s] -- Up-to-date: /home/cxt13/bumperbot_ws/install/bumperbot_description/share/bumperbot_description/launch/display.launch.py
[6.226s] -- Up-to-date: /home/cxt13/bumperbot_ws/install/bumperbot_description/share/bumperbot_description/launch/bumperbot_description
[6.252s] -- Up-to-date: /home/cxt13/bumperbot_ws/install/bumperbot_description/share/bumperbot_description/rviz
[6.256s] -- Up-to-date: /home/cxt13/bumperbot_ws/install/bumperbot_description/share/bumperbot_description/rviz/display.rviz
[6.264s] -- Up-to-date: /home/cxt13/bumperbot_ws/install/bumperbot_description/share/ament_index/resource_index/package_run_dependencies/bumperbot_description
[6.264s] -- Up-to-date: /home/cxt13/bumperbot_ws/install/bumperbot_description/share/ament_index/resource_index/parent_prefix_path/bumperbot_description
[6.265s] -- Up-to-date: /home/cxt13/bumperbot_ws/install/bumperbot_description/share/bumperbot_description/environment/ament_prefix_path.sh
[6.265s] -- Up-to-date: /home/cxt13/bumperbot_ws/install/bumperbot_description/share/bumperbot_description/environment/ament_prefix_path.dsv
[6.284s] -- Up-to-date: /home/cxt13/bumperbot_ws/install/bumperbot_description/share/bumperbot_description/environment/path.sh
[6.284s] -- Up-to-date: /home/cxt13/bumperbot_ws/install/bumperbot_description/share/bumperbot_description/environment/path.dsv
[6.285s] -- Up-to-date: /home/cxt13/bumperbot_ws/install/bumperbot_description/share/bumperbot_description/local_setup.bash
[6.285s] -- Up-to-date: /home/cxt13/bumperbot_ws/install/bumperbot_description/share/bumperbot_description/local_setup.sh
[6.285s] -- Up-to-date: /home/cxt13/bumperbot_ws/install/bumperbot_description/share/bumperbot_description/local_setup.zsh
[6.295s] -- Up-to-date: /home/cxt13/bumperbot_ws/install/bumperbot_description/share/bumperbot_description/local_setup.dsv
[6.295s] -- Installing: /home/cxt13/bumperbot_ws/install/bumperbot_description/share/bumperbot_description/package.dsv
[6.318s] -- Up-to-date: /home/cxt13/bumperbot_ws/install/bumperbot_description/share/ament_index/resource_index/packages/bumperbot_description
[6.319s] -- Up-to-date: /home/cxt13/bumperbot_ws/install/bumperbot_description/share/bumperbot_description/cmake/bumperbot_descriptionConfig.cmake
[6.325s] -- Up-to-date: /home/cxt13/bumperbot_ws/install/bumperbot_description/share/bumperbot_description/cmake/bumperbot_descriptionConfig-version.cmake
[6.325s] -- Up-to-date: /home/cxt13/bumperbot_ws/install/bumperbot_description/share/bumperbot_description/package.xml
[6.326s] Invoked command in '/home/cxt13/bumperbot_ws/build/bumperbot_description' returned '0': CMAKE_PREFIX_PATH=${CMAKE_PREFIX_PATH}:/opt/ros/jazzy DEBUGINFOD_URLS=https://debuginfod.ubuntu.com /usr/bin/cmake --install /home/cxt13/bumperbot_ws/build/bumperbot_description
