[0.052s] Invoking command in '/home/cxt13/bumperbot_ws/build/bumperbot_controller': CMAKE_PREFIX_PATH=${CMAKE_PREFIX_PATH}:/opt/ros/jazzy DEBUGINFOD_URLS=https://debuginfod.ubuntu.com /usr/bin/cmake --build /home/cxt13/bumperbot_ws/build/bumperbot_controller -- -j2 -l2
[0.255s] Invoked command in '/home/cxt13/bumperbot_ws/build/bumperbot_controller' returned '0': CMAKE_PREFIX_PATH=${CMAKE_PREFIX_PATH}:/opt/ros/jazzy DEBUGINFOD_URLS=https://debuginfod.ubuntu.com /usr/bin/cmake --build /home/cxt13/bumperbot_ws/build/bumperbot_controller -- -j2 -l2
[0.313s] Invoking command in '/home/cxt13/bumperbot_ws/build/bumperbot_controller': CMAKE_PREFIX_PATH=${CMAKE_PREFIX_PATH}:/opt/ros/jazzy DEBUGINFOD_URLS=https://debuginfod.ubuntu.com /usr/bin/cmake --install /home/cxt13/bumperbot_ws/build/bumperbot_controller
[0.351s] -- Install configuration: ""
[0.351s] -- Up-to-date: /home/cxt13/bumperbot_ws/install/bumperbot_controller/share/bumperbot_controller/config
[0.351s] -- Up-to-date: /home/cxt13/bumperbot_ws/install/bumperbot_controller/share/bumperbot_controller/config/bumperbot_controllers.yaml
[0.352s] -- Up-to-date: /home/cxt13/bumperbot_ws/install/bumperbot_controller/share/ament_index/resource_index/package_run_dependencies/bumperbot_controller
[0.353s] -- Up-to-date: /home/cxt13/bumperbot_ws/install/bumperbot_controller/share/ament_index/resource_index/parent_prefix_path/bumperbot_controller
[0.354s] -- Up-to-date: /home/cxt13/bumperbot_ws/install/bumperbot_controller/share/bumperbot_controller/environment/ament_prefix_path.sh
[0.358s] -- Up-to-date: /home/cxt13/bumperbot_ws/install/bumperbot_controller/share/bumperbot_controller/environment/ament_prefix_path.dsv
[0.358s] -- Up-to-date: /home/cxt13/bumperbot_ws/install/bumperbot_controller/share/bumperbot_controller/environment/path.sh
[0.358s] -- Up-to-date: /home/cxt13/bumperbot_ws/install/bumperbot_controller/share/bumperbot_controller/environment/path.dsv
[0.358s] -- Up-to-date: /home/cxt13/bumperbot_ws/install/bumperbot_controller/share/bumperbot_controller/local_setup.bash
[0.359s] -- Up-to-date: /home/cxt13/bumperbot_ws/install/bumperbot_controller/share/bumperbot_controller/local_setup.sh
[0.361s] -- Up-to-date: /home/cxt13/bumperbot_ws/install/bumperbot_controller/share/bumperbot_controller/local_setup.zsh
[0.361s] -- Up-to-date: /home/cxt13/bumperbot_ws/install/bumperbot_controller/share/bumperbot_controller/local_setup.dsv
[0.362s] -- Installing: /home/cxt13/bumperbot_ws/install/bumperbot_controller/share/bumperbot_controller/package.dsv
[0.362s] -- Up-to-date: /home/cxt13/bumperbot_ws/install/bumperbot_controller/share/ament_index/resource_index/packages/bumperbot_controller
[0.362s] -- Up-to-date: /home/cxt13/bumperbot_ws/install/bumperbot_controller/share/bumperbot_controller/cmake/bumperbot_controllerConfig.cmake
[0.362s] -- Up-to-date: /home/cxt13/bumperbot_ws/install/bumperbot_controller/share/bumperbot_controller/cmake/bumperbot_controllerConfig-version.cmake
[0.363s] -- Up-to-date: /home/cxt13/bumperbot_ws/install/bumperbot_controller/share/bumperbot_controller/package.xml
[0.374s] Invoked command in '/home/cxt13/bumperbot_ws/build/bumperbot_controller' returned '0': CMAKE_PREFIX_PATH=${CMAKE_PREFIX_PATH}:/opt/ros/jazzy DEBUGINFOD_URLS=https://debuginfod.ubuntu.com /usr/bin/cmake --install /home/cxt13/bumperbot_ws/build/bumperbot_controller
