[0.076s] Invoking command in '/home/cxt13/bumperbot_ws/build/bumperbot_description': CMAKE_PREFIX_PATH=${CMAKE_PREFIX_PATH}:/opt/ros/jazzy DEBUGINFOD_URLS=https://debuginfod.ubuntu.com /usr/bin/cmake --build /home/cxt13/bumperbot_ws/build/bumperbot_description -- -j2 -l2
[0.611s] Invoked command in '/home/cxt13/bumperbot_ws/build/bumperbot_description' returned '0': CMAKE_PREFIX_PATH=${CMAKE_PREFIX_PATH}:/opt/ros/jazzy DEBUGINFOD_URLS=https://debuginfod.ubuntu.com /usr/bin/cmake --build /home/cxt13/bumperbot_ws/build/bumperbot_description -- -j2 -l2
[0.928s] Invoking command in '/home/cxt13/bumperbot_ws/build/bumperbot_description': CMAKE_PREFIX_PATH=${CMAKE_PREFIX_PATH}:/opt/ros/jazzy DEBUGINFOD_URLS=https://debuginfod.ubuntu.com /usr/bin/cmake --install /home/cxt13/bumperbot_ws/build/bumperbot_description
[0.954s] -- Install configuration: ""
[0.958s] -- Up-to-date: /home/cxt13/bumperbot_ws/install/bumperbot_description/share/bumperbot_description/meshes
[0.958s] -- Up-to-date: /home/cxt13/bumperbot_ws/install/bumperbot_description/share/bumperbot_description/meshes/base_link.STL
[0.959s] -- Up-to-date: /home/cxt13/bumperbot_ws/install/bumperbot_description/share/bumperbot_description/meshes/caster_front_link.STL
[0.960s] -- Up-to-date: /home/cxt13/bumperbot_ws/install/bumperbot_description/share/bumperbot_description/meshes/caster_rear_link.STL
[0.961s] -- Up-to-date: /home/cxt13/bumperbot_ws/install/bumperbot_description/share/bumperbot_description/meshes/wheel_right_link.STL
[0.962s] -- Up-to-date: /home/cxt13/bumperbot_ws/install/bumperbot_description/share/bumperbot_description/meshes/can.STL
[0.962s] -- Up-to-date: /home/cxt13/bumperbot_ws/install/bumperbot_description/share/bumperbot_description/meshes/imu_link.STL
[0.962s] -- Up-to-date: /home/cxt13/bumperbot_ws/install/bumperbot_description/share/bumperbot_description/meshes/wheel_left_link.STL
[0.964s] -- Up-to-date: /home/cxt13/bumperbot_ws/install/bumperbot_description/share/bumperbot_description/urdf
[0.964s] -- Up-to-date: /home/cxt13/bumperbot_ws/install/bumperbot_description/share/bumperbot_description/urdf/bumperbot.urdf.xacro
[0.969s] -- Up-to-date: /home/cxt13/bumperbot_ws/install/bumperbot_description/share/bumperbot_description/urdf/bumperbot_gazebo.xacro
[0.969s] -- Up-to-date: /home/cxt13/bumperbot_ws/install/bumperbot_description/share/bumperbot_description/launch
[0.970s] -- Up-to-date: /home/cxt13/bumperbot_ws/install/bumperbot_description/share/bumperbot_description/launch/gazebo.launch.py
[0.974s] -- Up-to-date: /home/cxt13/bumperbot_ws/install/bumperbot_description/share/bumperbot_description/launch/display.launch.py
[0.975s] -- Up-to-date: /home/cxt13/bumperbot_ws/install/bumperbot_description/share/bumperbot_description/rviz
[0.976s] -- Up-to-date: /home/cxt13/bumperbot_ws/install/bumperbot_description/share/bumperbot_description/rviz/display.rviz
[0.976s] -- Up-to-date: /home/cxt13/bumperbot_ws/install/bumperbot_description/share/ament_index/resource_index/package_run_dependencies/bumperbot_description
[0.982s] -- Up-to-date: /home/cxt13/bumperbot_ws/install/bumperbot_description/share/ament_index/resource_index/parent_prefix_path/bumperbot_description
[0.983s] -- Up-to-date: /home/cxt13/bumperbot_ws/install/bumperbot_description/share/bumperbot_description/environment/ament_prefix_path.sh
[0.983s] -- Up-to-date: /home/cxt13/bumperbot_ws/install/bumperbot_description/share/bumperbot_description/environment/ament_prefix_path.dsv
[0.983s] -- Up-to-date: /home/cxt13/bumperbot_ws/install/bumperbot_description/share/bumperbot_description/environment/path.sh
[0.983s] -- Up-to-date: /home/cxt13/bumperbot_ws/install/bumperbot_description/share/bumperbot_description/environment/path.dsv
[0.984s] -- Up-to-date: /home/cxt13/bumperbot_ws/install/bumperbot_description/share/bumperbot_description/local_setup.bash
[0.984s] -- Up-to-date: /home/cxt13/bumperbot_ws/install/bumperbot_description/share/bumperbot_description/local_setup.sh
[0.985s] -- Up-to-date: /home/cxt13/bumperbot_ws/install/bumperbot_description/share/bumperbot_description/local_setup.zsh
[0.989s] -- Up-to-date: /home/cxt13/bumperbot_ws/install/bumperbot_description/share/bumperbot_description/local_setup.dsv
[0.997s] -- Installing: /home/cxt13/bumperbot_ws/install/bumperbot_description/share/bumperbot_description/package.dsv
[0.998s] -- Up-to-date: /home/cxt13/bumperbot_ws/install/bumperbot_description/share/ament_index/resource_index/packages/bumperbot_description
[0.998s] -- Up-to-date: /home/cxt13/bumperbot_ws/install/bumperbot_description/share/bumperbot_description/cmake/bumperbot_descriptionConfig.cmake
[0.998s] -- Up-to-date: /home/cxt13/bumperbot_ws/install/bumperbot_description/share/bumperbot_description/cmake/bumperbot_descriptionConfig-version.cmake
[0.999s] -- Up-to-date: /home/cxt13/bumperbot_ws/install/bumperbot_description/share/bumperbot_description/package.xml
[1.012s] Invoked command in '/home/cxt13/bumperbot_ws/build/bumperbot_description' returned '0': CMAKE_PREFIX_PATH=${CMAKE_PREFIX_PATH}:/opt/ros/jazzy DEBUGINFOD_URLS=https://debuginfod.ubuntu.com /usr/bin/cmake --install /home/cxt13/bumperbot_ws/build/bumperbot_description
