[0.138s] Invoking command in '/home/cxt13/bumperbot_ws/build/bumperbot_controller': CMAKE_PREFIX_PATH=${CMAKE_PREFIX_PATH}:/opt/ros/jazzy DEBUGINFOD_URLS=https://debuginfod.ubuntu.com /usr/bin/cmake --build /home/cxt13/bumperbot_ws/build/bumperbot_controller -- -j2 -l2
[0.636s] Invoked command in '/home/cxt13/bumperbot_ws/build/bumperbot_controller' returned '0': CMAKE_PREFIX_PATH=${CMAKE_PREFIX_PATH}:/opt/ros/jazzy DEBUGINFOD_URLS=https://debuginfod.ubuntu.com /usr/bin/cmake --build /home/cxt13/bumperbot_ws/build/bumperbot_controller -- -j2 -l2
[0.745s] Invoking command in '/home/cxt13/bumperbot_ws/build/bumperbot_controller': CMAKE_PREFIX_PATH=${CMAKE_PREFIX_PATH}:/opt/ros/jazzy DEBUGINFOD_URLS=https://debuginfod.ubuntu.com /usr/bin/cmake --install /home/cxt13/bumperbot_ws/build/bumperbot_controller
[0.831s] -- Install configuration: ""
[0.831s] -- Up-to-date: /home/cxt13/bumperbot_ws/install/bumperbot_controller/share/bumperbot_controller/config
[0.832s] -- Up-to-date: /home/cxt13/bumperbot_ws/install/bumperbot_controller/share/bumperbot_controller/config/bumperbot_controllers.yaml
[0.832s] -- Up-to-date: /home/cxt13/bumperbot_ws/install/bumperbot_controller/share/bumperbot_controller/launch
[0.832s] -- Up-to-date: /home/cxt13/bumperbot_ws/install/bumperbot_controller/share/bumperbot_controller/launch/bumperbot_controller
[0.838s] -- Up-to-date: /home/cxt13/bumperbot_ws/install/bumperbot_controller/share/bumperbot_controller/launch/controller.launch.py
[0.838s] -- Up-to-date: /home/cxt13/bumperbot_ws/install/bumperbot_controller/share/ament_index/resource_index/package_run_dependencies/bumperbot_controller
[0.839s] -- Up-to-date: /home/cxt13/bumperbot_ws/install/bumperbot_controller/share/ament_index/resource_index/parent_prefix_path/bumperbot_controller
[0.839s] -- Up-to-date: /home/cxt13/bumperbot_ws/install/bumperbot_controller/share/bumperbot_controller/environment/ament_prefix_path.sh
[0.839s] -- Up-to-date: /home/cxt13/bumperbot_ws/install/bumperbot_controller/share/bumperbot_controller/environment/ament_prefix_path.dsv
[0.839s] -- Up-to-date: /home/cxt13/bumperbot_ws/install/bumperbot_controller/share/bumperbot_controller/environment/path.sh
[0.840s] -- Up-to-date: /home/cxt13/bumperbot_ws/install/bumperbot_controller/share/bumperbot_controller/environment/path.dsv
[0.847s] -- Up-to-date: /home/cxt13/bumperbot_ws/install/bumperbot_controller/share/bumperbot_controller/local_setup.bash
[0.848s] -- Up-to-date: /home/cxt13/bumperbot_ws/install/bumperbot_controller/share/bumperbot_controller/local_setup.sh
[0.848s] -- Up-to-date: /home/cxt13/bumperbot_ws/install/bumperbot_controller/share/bumperbot_controller/local_setup.zsh
[0.848s] -- Up-to-date: /home/cxt13/bumperbot_ws/install/bumperbot_controller/share/bumperbot_controller/local_setup.dsv
[0.848s] -- Installing: /home/cxt13/bumperbot_ws/install/bumperbot_controller/share/bumperbot_controller/package.dsv
[0.848s] -- Up-to-date: /home/cxt13/bumperbot_ws/install/bumperbot_controller/share/ament_index/resource_index/packages/bumperbot_controller
[0.849s] -- Up-to-date: /home/cxt13/bumperbot_ws/install/bumperbot_controller/share/bumperbot_controller/cmake/bumperbot_controllerConfig.cmake
[0.855s] -- Up-to-date: /home/cxt13/bumperbot_ws/install/bumperbot_controller/share/bumperbot_controller/cmake/bumperbot_controllerConfig-version.cmake
[0.855s] -- Up-to-date: /home/cxt13/bumperbot_ws/install/bumperbot_controller/share/bumperbot_controller/package.xml
[0.864s] Invoked command in '/home/cxt13/bumperbot_ws/build/bumperbot_controller' returned '0': CMAKE_PREFIX_PATH=${CMAKE_PREFIX_PATH}:/opt/ros/jazzy DEBUGINFOD_URLS=https://debuginfod.ubuntu.com /usr/bin/cmake --install /home/cxt13/bumperbot_ws/build/bumperbot_controller
