[0.029s] Invoking command in '/home/cxt13/bumperbot_ws/build/bumperbot_description': CMAKE_PREFIX_PATH=${CMAKE_PREFIX_PATH}:/opt/ros/jazzy DEBUGINFOD_URLS=https://debuginfod.ubuntu.com /usr/bin/cmake --build /home/cxt13/bumperbot_ws/build/bumperbot_description -- -j2 -l2
[0.207s] Invoked command in '/home/cxt13/bumperbot_ws/build/bumperbot_description' returned '0': CMAKE_PREFIX_PATH=${CMAKE_PREFIX_PATH}:/opt/ros/jazzy DEBUGINFOD_URLS=https://debuginfod.ubuntu.com /usr/bin/cmake --build /home/cxt13/bumperbot_ws/build/bumperbot_description -- -j2 -l2
[0.375s] Invoking command in '/home/cxt13/bumperbot_ws/build/bumperbot_description': CMAKE_PREFIX_PATH=${CMAKE_PREFIX_PATH}:/opt/ros/jazzy DEBUGINFOD_URLS=https://debuginfod.ubuntu.com /usr/bin/cmake --install /home/cxt13/bumperbot_ws/build/bumperbot_description
[0.409s] -- Install configuration: ""
[0.413s] -- Up-to-date: /home/cxt13/bumperbot_ws/install/bumperbot_description/share/bumperbot_description/meshes
[0.413s] -- Up-to-date: /home/cxt13/bumperbot_ws/install/bumperbot_description/share/bumperbot_description/meshes/base_link.STL
[0.413s] -- Up-to-date: /home/cxt13/bumperbot_ws/install/bumperbot_description/share/bumperbot_description/meshes/caster_front_link.STL
[0.414s] -- Up-to-date: /home/cxt13/bumperbot_ws/install/bumperbot_description/share/bumperbot_description/meshes/caster_rear_link.STL
[0.414s] -- Up-to-date: /home/cxt13/bumperbot_ws/install/bumperbot_description/share/bumperbot_description/meshes/wheel_right_link.STL
[0.414s] -- Up-to-date: /home/cxt13/bumperbot_ws/install/bumperbot_description/share/bumperbot_description/meshes/can.STL
[0.414s] -- Up-to-date: /home/cxt13/bumperbot_ws/install/bumperbot_description/share/bumperbot_description/meshes/imu_link.STL
[0.420s] -- Up-to-date: /home/cxt13/bumperbot_ws/install/bumperbot_description/share/bumperbot_description/meshes/wheel_left_link.STL
[0.420s] -- Up-to-date: /home/cxt13/bumperbot_ws/install/bumperbot_description/share/bumperbot_description/urdf
[0.420s] -- Up-to-date: /home/cxt13/bumperbot_ws/install/bumperbot_description/share/bumperbot_description/urdf/bumperbot.urdf.xacro
[0.420s] -- Up-to-date: /home/cxt13/bumperbot_ws/install/bumperbot_description/share/bumperbot_description/urdf/bumperbot_gazebo.xacro
[0.420s] -- Up-to-date: /home/cxt13/bumperbot_ws/install/bumperbot_description/share/bumperbot_description/launch
[0.423s] -- Up-to-date: /home/cxt13/bumperbot_ws/install/bumperbot_description/share/bumperbot_description/launch/gazebo.launch.py
[0.425s] -- Up-to-date: /home/cxt13/bumperbot_ws/install/bumperbot_description/share/bumperbot_description/launch/display.launch.py
[0.426s] -- Up-to-date: /home/cxt13/bumperbot_ws/install/bumperbot_description/share/bumperbot_description/rviz
[0.430s] -- Up-to-date: /home/cxt13/bumperbot_ws/install/bumperbot_description/share/bumperbot_description/rviz/display.rviz
[0.430s] -- Up-to-date: /home/cxt13/bumperbot_ws/install/bumperbot_description/share/ament_index/resource_index/package_run_dependencies/bumperbot_description
[0.433s] -- Up-to-date: /home/cxt13/bumperbot_ws/install/bumperbot_description/share/ament_index/resource_index/parent_prefix_path/bumperbot_description
[0.433s] -- Up-to-date: /home/cxt13/bumperbot_ws/install/bumperbot_description/share/bumperbot_description/environment/ament_prefix_path.sh
[0.433s] -- Up-to-date: /home/cxt13/bumperbot_ws/install/bumperbot_description/share/bumperbot_description/environment/ament_prefix_path.dsv
[0.436s] -- Up-to-date: /home/cxt13/bumperbot_ws/install/bumperbot_description/share/bumperbot_description/environment/path.sh
[0.438s] -- Up-to-date: /home/cxt13/bumperbot_ws/install/bumperbot_description/share/bumperbot_description/environment/path.dsv
[0.443s] -- Up-to-date: /home/cxt13/bumperbot_ws/install/bumperbot_description/share/bumperbot_description/local_setup.bash
[0.443s] -- Up-to-date: /home/cxt13/bumperbot_ws/install/bumperbot_description/share/bumperbot_description/local_setup.sh
[0.444s] -- Up-to-date: /home/cxt13/bumperbot_ws/install/bumperbot_description/share/bumperbot_description/local_setup.zsh
[0.444s] -- Up-to-date: /home/cxt13/bumperbot_ws/install/bumperbot_description/share/bumperbot_description/local_setup.dsv
[0.444s] -- Installing: /home/cxt13/bumperbot_ws/install/bumperbot_description/share/bumperbot_description/package.dsv
[0.444s] -- Up-to-date: /home/cxt13/bumperbot_ws/install/bumperbot_description/share/ament_index/resource_index/packages/bumperbot_description
[0.447s] -- Up-to-date: /home/cxt13/bumperbot_ws/install/bumperbot_description/share/bumperbot_description/cmake/bumperbot_descriptionConfig.cmake
[0.448s] -- Up-to-date: /home/cxt13/bumperbot_ws/install/bumperbot_description/share/bumperbot_description/cmake/bumperbot_descriptionConfig-version.cmake
[0.448s] -- Up-to-date: /home/cxt13/bumperbot_ws/install/bumperbot_description/share/bumperbot_description/package.xml
[0.448s] Invoked command in '/home/cxt13/bumperbot_ws/build/bumperbot_description' returned '0': CMAKE_PREFIX_PATH=${CMAKE_PREFIX_PATH}:/opt/ros/jazzy DEBUGINFOD_URLS=https://debuginfod.ubuntu.com /usr/bin/cmake --install /home/cxt13/bumperbot_ws/build/bumperbot_description
