[0.288s] Invoking command in '/home/cxt13/bumperbot_ws/build/bumperbot_description': CMAKE_PREFIX_PATH=${CMAKE_PREFIX_PATH}:/opt/ros/jazzy DEBUGINFOD_URLS=https://debuginfod.ubuntu.com /usr/bin/cmake --build /home/cxt13/bumperbot_ws/build/bumperbot_description -- -j2 -l2
[3.273s] Invoked command in '/home/cxt13/bumperbot_ws/build/bumperbot_description' returned '0': CMAKE_PREFIX_PATH=${CMAKE_PREFIX_PATH}:/opt/ros/jazzy DEBUGINFOD_URLS=https://debuginfod.ubuntu.com /usr/bin/cmake --build /home/cxt13/bumperbot_ws/build/bumperbot_description -- -j2 -l2
[3.530s] Invoking command in '/home/cxt13/bumperbot_ws/build/bumperbot_description': CMAKE_PREFIX_PATH=${CMAKE_PREFIX_PATH}:/opt/ros/jazzy DEBUGINFOD_URLS=https://debuginfod.ubuntu.com /usr/bin/cmake --install /home/cxt13/bumperbot_ws/build/bumperbot_description
[3.630s] -- Install configuration: ""
[3.630s] -- Up-to-date: /home/cxt13/bumperbot_ws/install/bumperbot_description/share/bumperbot_description/meshes
[3.631s] -- Up-to-date: /home/cxt13/bumperbot_ws/install/bumperbot_description/share/bumperbot_description/meshes/base_link.STL
[3.631s] -- Up-to-date: /home/cxt13/bumperbot_ws/install/bumperbot_description/share/bumperbot_description/meshes/caster_front_link.STL
[3.639s] -- Up-to-date: /home/cxt13/bumperbot_ws/install/bumperbot_description/share/bumperbot_description/meshes/caster_rear_link.STL
[3.640s] -- Up-to-date: /home/cxt13/bumperbot_ws/install/bumperbot_description/share/bumperbot_description/meshes/wheel_right_link.STL
[3.648s] -- Up-to-date: /home/cxt13/bumperbot_ws/install/bumperbot_description/share/bumperbot_description/meshes/can.STL
[3.648s] -- Up-to-date: /home/cxt13/bumperbot_ws/install/bumperbot_description/share/bumperbot_description/meshes/imu_link.STL
[3.652s] -- Up-to-date: /home/cxt13/bumperbot_ws/install/bumperbot_description/share/bumperbot_description/meshes/wheel_left_link.STL
[3.652s] -- Up-to-date: /home/cxt13/bumperbot_ws/install/bumperbot_description/share/bumperbot_description/urdf
[3.653s] -- Installing: /home/cxt13/bumperbot_ws/install/bumperbot_description/share/bumperbot_description/urdf/bumperbot.urdf.xacro
[3.653s] -- Up-to-date: /home/cxt13/bumperbot_ws/install/bumperbot_description/share/bumperbot_description/urdf/bumperbot_gazebo.xacro
[3.657s] -- Up-to-date: /home/cxt13/bumperbot_ws/install/bumperbot_description/share/bumperbot_description/urdf/bumperbot_ros2_control.xacro
[3.657s] -- Up-to-date: /home/cxt13/bumperbot_ws/install/bumperbot_description/share/bumperbot_description/launch
[3.657s] -- Up-to-date: /home/cxt13/bumperbot_ws/install/bumperbot_description/share/bumperbot_description/launch/gazebo.launch.py
[3.658s] -- Up-to-date: /home/cxt13/bumperbot_ws/install/bumperbot_description/share/bumperbot_description/launch/display.launch.py
[3.658s] -- Up-to-date: /home/cxt13/bumperbot_ws/install/bumperbot_description/share/bumperbot_description/rviz
[3.660s] -- Up-to-date: /home/cxt13/bumperbot_ws/install/bumperbot_description/share/bumperbot_description/rviz/display.rviz
[3.661s] -- Up-to-date: /home/cxt13/bumperbot_ws/install/bumperbot_description/share/ament_index/resource_index/package_run_dependencies/bumperbot_description
[3.661s] -- Up-to-date: /home/cxt13/bumperbot_ws/install/bumperbot_description/share/ament_index/resource_index/parent_prefix_path/bumperbot_description
[3.662s] -- Up-to-date: /home/cxt13/bumperbot_ws/install/bumperbot_description/share/bumperbot_description/environment/ament_prefix_path.sh
[3.677s] -- Up-to-date: /home/cxt13/bumperbot_ws/install/bumperbot_description/share/bumperbot_description/environment/ament_prefix_path.dsv
[3.680s] -- Up-to-date: /home/cxt13/bumperbot_ws/install/bumperbot_description/share/bumperbot_description/environment/path.sh
[3.680s] -- Up-to-date: /home/cxt13/bumperbot_ws/install/bumperbot_description/share/bumperbot_description/environment/path.dsv
[3.682s] -- Up-to-date: /home/cxt13/bumperbot_ws/install/bumperbot_description/share/bumperbot_description/local_setup.bash
[3.683s] -- Up-to-date: /home/cxt13/bumperbot_ws/install/bumperbot_description/share/bumperbot_description/local_setup.sh
[3.683s] -- Up-to-date: /home/cxt13/bumperbot_ws/install/bumperbot_description/share/bumperbot_description/local_setup.zsh
[3.683s] -- Up-to-date: /home/cxt13/bumperbot_ws/install/bumperbot_description/share/bumperbot_description/local_setup.dsv
[3.684s] -- Installing: /home/cxt13/bumperbot_ws/install/bumperbot_description/share/bumperbot_description/package.dsv
[3.684s] -- Up-to-date: /home/cxt13/bumperbot_ws/install/bumperbot_description/share/ament_index/resource_index/packages/bumperbot_description
[3.699s] -- Up-to-date: /home/cxt13/bumperbot_ws/install/bumperbot_description/share/bumperbot_description/cmake/bumperbot_descriptionConfig.cmake
[3.703s] -- Up-to-date: /home/cxt13/bumperbot_ws/install/bumperbot_description/share/bumperbot_description/cmake/bumperbot_descriptionConfig-version.cmake
[3.704s] -- Up-to-date: /home/cxt13/bumperbot_ws/install/bumperbot_description/share/bumperbot_description/package.xml
[3.720s] Invoked command in '/home/cxt13/bumperbot_ws/build/bumperbot_description' returned '0': CMAKE_PREFIX_PATH=${CMAKE_PREFIX_PATH}:/opt/ros/jazzy DEBUGINFOD_URLS=https://debuginfod.ubuntu.com /usr/bin/cmake --install /home/cxt13/bumperbot_ws/build/bumperbot_description
