[0.714s] DEBUG:colcon:Command line arguments: ['/usr/bin/colcon', 'build']
[0.714s] DEBUG:colcon:Parsed command line arguments: Namespace(log_base=None, log_level=None, verb_name='build', build_base='build', install_base='install', merge_install=False, symlink_install=False, test_result_base=None, continue_on_error=False, executor='parallel', parallel_workers=2, event_handlers=None, ignore_user_meta=False, metas=['./colcon.meta'], base_paths=['.'], packages_ignore=None, packages_ignore_regex=None, paths=None, packages_up_to=None, packages_up_to_regex=None, packages_above=None, packages_above_and_dependencies=None, packages_above_depth=None, packages_select_by_dep=None, packages_skip_by_dep=None, packages_skip_up_to=None, packages_select_build_failed=False, packages_skip_build_finished=False, packages_select_test_failures=False, packages_skip_test_passed=False, packages_select=None, packages_skip=None, packages_select_regex=None, packages_skip_regex=None, packages_start=None, packages_end=None, allow_overriding=[], cmake_args=None, cmake_target=None, cmake_target_skip_unavailable=False, cmake_clean_cache=False, cmake_clean_first=False, cmake_force_configure=False, ament_cmake_args=None, catkin_cmake_args=None, catkin_skip_building_tests=False, mixin_files=None, mixin=None, verb_parser=<colcon_mixin.mixin.mixin_argument.MixinArgumentDecorator object at 0x78c5cac86cf0>, verb_extension=<colcon_core.verb.build.BuildVerb object at 0x78c5cac06f00>, main=<bound method BuildVerb.main of <colcon_core.verb.build.BuildVerb object at 0x78c5cac06f00>>, mixin_verb=('build',))
[0.980s] Level 1:colcon.colcon_core.package_discovery:discover_packages(colcon_meta) check parameters
[0.980s] Level 1:colcon.colcon_core.package_discovery:discover_packages(recursive) check parameters
[0.980s] Level 1:colcon.colcon_core.package_discovery:discover_packages(ignore) check parameters
[0.980s] Level 1:colcon.colcon_core.package_discovery:discover_packages(path) check parameters
[0.981s] Level 1:colcon.colcon_core.package_discovery:discover_packages(colcon_meta) discover
[0.981s] Level 1:colcon.colcon_core.package_discovery:discover_packages(recursive) discover
[0.981s] INFO:colcon.colcon_core.package_discovery:Crawling recursively for packages in '/home/cxt13/bumperbot_ws'
[0.982s] Level 1:colcon.colcon_core.package_identification:_identify(.) by extensions ['ignore', 'ignore_ament_install']
[0.982s] Level 1:colcon.colcon_core.package_identification:_identify(.) by extension 'ignore'
[0.982s] Level 1:colcon.colcon_core.package_identification:_identify(.) by extension 'ignore_ament_install'
[0.983s] Level 1:colcon.colcon_core.package_identification:_identify(.) by extensions ['colcon_pkg']
[0.983s] Level 1:colcon.colcon_core.package_identification:_identify(.) by extension 'colcon_pkg'
[0.983s] Level 1:colcon.colcon_core.package_identification:_identify(.) by extensions ['colcon_meta']
[0.983s] Level 1:colcon.colcon_core.package_identification:_identify(.) by extension 'colcon_meta'
[0.983s] Level 1:colcon.colcon_core.package_identification:_identify(.) by extensions ['ros']
[0.983s] Level 1:colcon.colcon_core.package_identification:_identify(.) by extension 'ros'
[1.116s] Level 1:colcon.colcon_core.package_identification:_identify(.) by extensions ['cmake', 'python']
[1.117s] Level 1:colcon.colcon_core.package_identification:_identify(.) by extension 'cmake'
[1.117s] Level 1:colcon.colcon_core.package_identification:_identify(.) by extension 'python'
[1.118s] Level 1:colcon.colcon_core.package_identification:_identify(.) by extensions ['python_setup_py']
[1.118s] Level 1:colcon.colcon_core.package_identification:_identify(.) by extension 'python_setup_py'
[1.118s] Level 1:colcon.colcon_core.package_identification:_identify(build) by extensions ['ignore', 'ignore_ament_install']
[1.119s] Level 1:colcon.colcon_core.package_identification:_identify(build) by extension 'ignore'
[1.119s] Level 1:colcon.colcon_core.package_identification:_identify(build) ignored
[1.119s] Level 1:colcon.colcon_core.package_identification:_identify(install) by extensions ['ignore', 'ignore_ament_install']
[1.120s] Level 1:colcon.colcon_core.package_identification:_identify(install) by extension 'ignore'
[1.120s] Level 1:colcon.colcon_core.package_identification:_identify(install) ignored
[1.120s] Level 1:colcon.colcon_core.package_identification:_identify(log) by extensions ['ignore', 'ignore_ament_install']
[1.120s] Level 1:colcon.colcon_core.package_identification:_identify(log) by extension 'ignore'
[1.120s] Level 1:colcon.colcon_core.package_identification:_identify(log) ignored
[1.121s] Level 1:colcon.colcon_core.package_identification:_identify(src) by extensions ['ignore', 'ignore_ament_install']
[1.121s] Level 1:colcon.colcon_core.package_identification:_identify(src) by extension 'ignore'
[1.121s] Level 1:colcon.colcon_core.package_identification:_identify(src) by extension 'ignore_ament_install'
[1.121s] Level 1:colcon.colcon_core.package_identification:_identify(src) by extensions ['colcon_pkg']
[1.121s] Level 1:colcon.colcon_core.package_identification:_identify(src) by extension 'colcon_pkg'
[1.122s] Level 1:colcon.colcon_core.package_identification:_identify(src) by extensions ['colcon_meta']
[1.122s] Level 1:colcon.colcon_core.package_identification:_identify(src) by extension 'colcon_meta'
[1.122s] Level 1:colcon.colcon_core.package_identification:_identify(src) by extensions ['ros']
[1.122s] Level 1:colcon.colcon_core.package_identification:_identify(src) by extension 'ros'
[1.122s] Level 1:colcon.colcon_core.package_identification:_identify(src) by extensions ['cmake', 'python']
[1.122s] Level 1:colcon.colcon_core.package_identification:_identify(src) by extension 'cmake'
[1.122s] Level 1:colcon.colcon_core.package_identification:_identify(src) by extension 'python'
[1.122s] Level 1:colcon.colcon_core.package_identification:_identify(src) by extensions ['python_setup_py']
[1.123s] Level 1:colcon.colcon_core.package_identification:_identify(src) by extension 'python_setup_py'
[1.123s] Level 1:colcon.colcon_core.package_identification:_identify(src/bumperbot_cpp_examples) by extensions ['ignore', 'ignore_ament_install']
[1.123s] Level 1:colcon.colcon_core.package_identification:_identify(src/bumperbot_cpp_examples) by extension 'ignore'
[1.123s] Level 1:colcon.colcon_core.package_identification:_identify(src/bumperbot_cpp_examples) by extension 'ignore_ament_install'
[1.123s] Level 1:colcon.colcon_core.package_identification:_identify(src/bumperbot_cpp_examples) by extensions ['colcon_pkg']
[1.124s] Level 1:colcon.colcon_core.package_identification:_identify(src/bumperbot_cpp_examples) by extension 'colcon_pkg'
[1.124s] Level 1:colcon.colcon_core.package_identification:_identify(src/bumperbot_cpp_examples) by extensions ['colcon_meta']
[1.124s] Level 1:colcon.colcon_core.package_identification:_identify(src/bumperbot_cpp_examples) by extension 'colcon_meta'
[1.124s] Level 1:colcon.colcon_core.package_identification:_identify(src/bumperbot_cpp_examples) by extensions ['ros']
[1.124s] Level 1:colcon.colcon_core.package_identification:_identify(src/bumperbot_cpp_examples) by extension 'ros'
[1.141s] DEBUG:colcon.colcon_core.package_identification:Package 'src/bumperbot_cpp_examples' with type 'ros.ament_cmake' and name 'bumperbot_cpp_examples'
[1.150s] Level 1:colcon.colcon_core.package_identification:_identify(src/bumperbot_description) by extensions ['ignore', 'ignore_ament_install']
[1.150s] Level 1:colcon.colcon_core.package_identification:_identify(src/bumperbot_description) by extension 'ignore'
[1.151s] Level 1:colcon.colcon_core.package_identification:_identify(src/bumperbot_description) by extension 'ignore_ament_install'
[1.151s] Level 1:colcon.colcon_core.package_identification:_identify(src/bumperbot_description) by extensions ['colcon_pkg']
[1.151s] Level 1:colcon.colcon_core.package_identification:_identify(src/bumperbot_description) by extension 'colcon_pkg'
[1.151s] Level 1:colcon.colcon_core.package_identification:_identify(src/bumperbot_description) by extensions ['colcon_meta']
[1.151s] Level 1:colcon.colcon_core.package_identification:_identify(src/bumperbot_description) by extension 'colcon_meta'
[1.151s] Level 1:colcon.colcon_core.package_identification:_identify(src/bumperbot_description) by extensions ['ros']
[1.151s] Level 1:colcon.colcon_core.package_identification:_identify(src/bumperbot_description) by extension 'ros'
[1.161s] DEBUG:colcon.colcon_core.package_identification:Package 'src/bumperbot_description' with type 'ros.ament_cmake' and name 'bumperbot_description'
[1.164s] Level 1:colcon.colcon_core.package_identification:_identify(src/bumperbot_py_examples) by extensions ['ignore', 'ignore_ament_install']
[1.164s] Level 1:colcon.colcon_core.package_identification:_identify(src/bumperbot_py_examples) by extension 'ignore'
[1.165s] Level 1:colcon.colcon_core.package_identification:_identify(src/bumperbot_py_examples) by extension 'ignore_ament_install'
[1.165s] Level 1:colcon.colcon_core.package_identification:_identify(src/bumperbot_py_examples) by extensions ['colcon_pkg']
[1.169s] Level 1:colcon.colcon_core.package_identification:_identify(src/bumperbot_py_examples) by extension 'colcon_pkg'
[1.169s] Level 1:colcon.colcon_core.package_identification:_identify(src/bumperbot_py_examples) by extensions ['colcon_meta']
[1.169s] Level 1:colcon.colcon_core.package_identification:_identify(src/bumperbot_py_examples) by extension 'colcon_meta'
[1.169s] Level 1:colcon.colcon_core.package_identification:_identify(src/bumperbot_py_examples) by extensions ['ros']
[1.169s] Level 1:colcon.colcon_core.package_identification:_identify(src/bumperbot_py_examples) by extension 'ros'
[1.171s] DEBUG:colcon.colcon_core.package_identification:Package 'src/bumperbot_py_examples' with type 'ros.ament_python' and name 'bumperbot_py_examples'
[1.172s] Level 1:colcon.colcon_core.package_discovery:discover_packages(recursive) using defaults
[1.172s] Level 1:colcon.colcon_core.package_discovery:discover_packages(ignore) discover
[1.172s] Level 1:colcon.colcon_core.package_discovery:discover_packages(ignore) using defaults
[1.172s] Level 1:colcon.colcon_core.package_discovery:discover_packages(path) discover
[1.172s] Level 1:colcon.colcon_core.package_discovery:discover_packages(path) using defaults
[1.306s] Level 1:colcon.colcon_core.package_discovery:discover_packages(prefix_path) check parameters
[1.306s] Level 1:colcon.colcon_core.package_discovery:discover_packages(prefix_path) discover
[1.341s] DEBUG:colcon.colcon_installed_package_information.package_discovery:Found 368 installed packages in /opt/ros/jazzy
[1.357s] Level 1:colcon.colcon_core.package_discovery:discover_packages(prefix_path) using defaults
[1.873s] Level 5:colcon.colcon_core.verb:set package 'bumperbot_cpp_examples' build argument 'cmake_args' from command line to 'None'
[1.873s] Level 5:colcon.colcon_core.verb:set package 'bumperbot_cpp_examples' build argument 'cmake_target' from command line to 'None'
[1.874s] Level 5:colcon.colcon_core.verb:set package 'bumperbot_cpp_examples' build argument 'cmake_target_skip_unavailable' from command line to 'False'
[1.874s] Level 5:colcon.colcon_core.verb:set package 'bumperbot_cpp_examples' build argument 'cmake_clean_cache' from command line to 'False'
[1.874s] Level 5:colcon.colcon_core.verb:set package 'bumperbot_cpp_examples' build argument 'cmake_clean_first' from command line to 'False'
[1.874s] Level 5:colcon.colcon_core.verb:set package 'bumperbot_cpp_examples' build argument 'cmake_force_configure' from command line to 'False'
[1.874s] Level 5:colcon.colcon_core.verb:set package 'bumperbot_cpp_examples' build argument 'ament_cmake_args' from command line to 'None'
[1.874s] Level 5:colcon.colcon_core.verb:set package 'bumperbot_cpp_examples' build argument 'catkin_cmake_args' from command line to 'None'
[1.874s] Level 5:colcon.colcon_core.verb:set package 'bumperbot_cpp_examples' build argument 'catkin_skip_building_tests' from command line to 'False'
[1.874s] DEBUG:colcon.colcon_core.verb:Building package 'bumperbot_cpp_examples' with the following arguments: {'ament_cmake_args': None, 'build_base': '/home/cxt13/bumperbot_ws/build/bumperbot_cpp_examples', 'catkin_cmake_args': None, 'catkin_skip_building_tests': False, 'cmake_args': None, 'cmake_clean_cache': False, 'cmake_clean_first': False, 'cmake_force_configure': False, 'cmake_target': None, 'cmake_target_skip_unavailable': False, 'install_base': '/home/cxt13/bumperbot_ws/install/bumperbot_cpp_examples', 'merge_install': False, 'path': '/home/cxt13/bumperbot_ws/src/bumperbot_cpp_examples', 'symlink_install': False, 'test_result_base': None}
[1.875s] Level 5:colcon.colcon_core.verb:set package 'bumperbot_description' build argument 'cmake_args' from command line to 'None'
[1.875s] Level 5:colcon.colcon_core.verb:set package 'bumperbot_description' build argument 'cmake_target' from command line to 'None'
[1.875s] Level 5:colcon.colcon_core.verb:set package 'bumperbot_description' build argument 'cmake_target_skip_unavailable' from command line to 'False'
[1.876s] Level 5:colcon.colcon_core.verb:set package 'bumperbot_description' build argument 'cmake_clean_cache' from command line to 'False'
[1.876s] Level 5:colcon.colcon_core.verb:set package 'bumperbot_description' build argument 'cmake_clean_first' from command line to 'False'
[1.876s] Level 5:colcon.colcon_core.verb:set package 'bumperbot_description' build argument 'cmake_force_configure' from command line to 'False'
[1.876s] Level 5:colcon.colcon_core.verb:set package 'bumperbot_description' build argument 'ament_cmake_args' from command line to 'None'
[1.876s] Level 5:colcon.colcon_core.verb:set package 'bumperbot_description' build argument 'catkin_cmake_args' from command line to 'None'
[1.876s] Level 5:colcon.colcon_core.verb:set package 'bumperbot_description' build argument 'catkin_skip_building_tests' from command line to 'False'
[1.876s] DEBUG:colcon.colcon_core.verb:Building package 'bumperbot_description' with the following arguments: {'ament_cmake_args': None, 'build_base': '/home/cxt13/bumperbot_ws/build/bumperbot_description', 'catkin_cmake_args': None, 'catkin_skip_building_tests': False, 'cmake_args': None, 'cmake_clean_cache': False, 'cmake_clean_first': False, 'cmake_force_configure': False, 'cmake_target': None, 'cmake_target_skip_unavailable': False, 'install_base': '/home/cxt13/bumperbot_ws/install/bumperbot_description', 'merge_install': False, 'path': '/home/cxt13/bumperbot_ws/src/bumperbot_description', 'symlink_install': False, 'test_result_base': None}
[1.877s] Level 5:colcon.colcon_core.verb:set package 'bumperbot_py_examples' build argument 'cmake_args' from command line to 'None'
[1.877s] Level 5:colcon.colcon_core.verb:set package 'bumperbot_py_examples' build argument 'cmake_target' from command line to 'None'
[1.878s] Level 5:colcon.colcon_core.verb:set package 'bumperbot_py_examples' build argument 'cmake_target_skip_unavailable' from command line to 'False'
[1.878s] Level 5:colcon.colcon_core.verb:set package 'bumperbot_py_examples' build argument 'cmake_clean_cache' from command line to 'False'
[1.878s] Level 5:colcon.colcon_core.verb:set package 'bumperbot_py_examples' build argument 'cmake_clean_first' from command line to 'False'
[1.878s] Level 5:colcon.colcon_core.verb:set package 'bumperbot_py_examples' build argument 'cmake_force_configure' from command line to 'False'
[1.878s] Level 5:colcon.colcon_core.verb:set package 'bumperbot_py_examples' build argument 'ament_cmake_args' from command line to 'None'
[1.878s] Level 5:colcon.colcon_core.verb:set package 'bumperbot_py_examples' build argument 'catkin_cmake_args' from command line to 'None'
[1.878s] Level 5:colcon.colcon_core.verb:set package 'bumperbot_py_examples' build argument 'catkin_skip_building_tests' from command line to 'False'
[1.878s] DEBUG:colcon.colcon_core.verb:Building package 'bumperbot_py_examples' with the following arguments: {'ament_cmake_args': None, 'build_base': '/home/cxt13/bumperbot_ws/build/bumperbot_py_examples', 'catkin_cmake_args': None, 'catkin_skip_building_tests': False, 'cmake_args': None, 'cmake_clean_cache': False, 'cmake_clean_first': False, 'cmake_force_configure': False, 'cmake_target': None, 'cmake_target_skip_unavailable': False, 'install_base': '/home/cxt13/bumperbot_ws/install/bumperbot_py_examples', 'merge_install': False, 'path': '/home/cxt13/bumperbot_ws/src/bumperbot_py_examples', 'symlink_install': False, 'test_result_base': None}
[1.878s] INFO:colcon.colcon_core.executor:Executing jobs using 'parallel' executor
[1.882s] DEBUG:colcon.colcon_parallel_executor.executor.parallel:run_until_complete
[1.883s] INFO:colcon.colcon_ros.task.ament_cmake.build:Building ROS package in '/home/cxt13/bumperbot_ws/src/bumperbot_cpp_examples' with build type 'ament_cmake'
[1.884s] INFO:colcon.colcon_cmake.task.cmake.build:Building CMake package in '/home/cxt13/bumperbot_ws/src/bumperbot_cpp_examples'
[1.911s] INFO:colcon.colcon_core.plugin_system:Skipping extension 'colcon_core.shell.bat': Not used on non-Windows systems
[1.912s] INFO:colcon.colcon_core.shell:Skip shell extension 'powershell' for command environment: Not usable outside of PowerShell
[1.912s] DEBUG:colcon.colcon_core.shell:Skip shell extension 'dsv' for command environment
[1.930s] INFO:colcon.colcon_ros.task.ament_cmake.build:Building ROS package in '/home/cxt13/bumperbot_ws/src/bumperbot_description' with build type 'ament_cmake'
[1.931s] INFO:colcon.colcon_cmake.task.cmake.build:Building CMake package in '/home/cxt13/bumperbot_ws/src/bumperbot_description'
[1.931s] INFO:colcon.colcon_core.shell:Skip shell extension 'powershell' for command environment: Not usable outside of PowerShell
[1.931s] DEBUG:colcon.colcon_core.shell:Skip shell extension 'dsv' for command environment
[1.997s] DEBUG:colcon.colcon_core.event_handler.log_command:Invoking command in '/home/cxt13/bumperbot_ws/build/bumperbot_cpp_examples': CMAKE_PREFIX_PATH=${CMAKE_PREFIX_PATH}:/opt/ros/jazzy DEBUGINFOD_URLS=https://debuginfod.ubuntu.com /usr/bin/cmake --build /home/cxt13/bumperbot_ws/build/bumperbot_cpp_examples -- -j2 -l2
[2.073s] DEBUG:colcon.colcon_core.event_handler.log_command:Invoking command in '/home/cxt13/bumperbot_ws/build/bumperbot_description': CMAKE_PREFIX_PATH=${CMAKE_PREFIX_PATH}:/opt/ros/jazzy DEBUGINFOD_URLS=https://debuginfod.ubuntu.com /usr/bin/cmake /home/cxt13/bumperbot_ws/src/bumperbot_description -DCMAKE_INSTALL_PREFIX=/home/cxt13/bumperbot_ws/install/bumperbot_description
[2.586s] DEBUG:colcon.colcon_core.event_handler.log_command:Invoked command in '/home/cxt13/bumperbot_ws/build/bumperbot_cpp_examples' returned '0': CMAKE_PREFIX_PATH=${CMAKE_PREFIX_PATH}:/opt/ros/jazzy DEBUGINFOD_URLS=https://debuginfod.ubuntu.com /usr/bin/cmake --build /home/cxt13/bumperbot_ws/build/bumperbot_cpp_examples -- -j2 -l2
[3.130s] DEBUG:colcon.colcon_core.event_handler.log_command:Invoking command in '/home/cxt13/bumperbot_ws/build/bumperbot_cpp_examples': CMAKE_PREFIX_PATH=${CMAKE_PREFIX_PATH}:/opt/ros/jazzy DEBUGINFOD_URLS=https://debuginfod.ubuntu.com /usr/bin/cmake --install /home/cxt13/bumperbot_ws/build/bumperbot_cpp_examples
[3.230s] Level 1:colcon.colcon_core.environment:create_environment_scripts_only(bumperbot_cpp_examples)
[3.231s] DEBUG:colcon.colcon_core.event_handler.log_command:Invoked command in '/home/cxt13/bumperbot_ws/build/bumperbot_cpp_examples' returned '0': CMAKE_PREFIX_PATH=${CMAKE_PREFIX_PATH}:/opt/ros/jazzy DEBUGINFOD_URLS=https://debuginfod.ubuntu.com /usr/bin/cmake --install /home/cxt13/bumperbot_ws/build/bumperbot_cpp_examples
[3.274s] Level 1:colcon.colcon_core.environment:checking '/home/cxt13/bumperbot_ws/install/bumperbot_cpp_examples' for CMake module files
[3.275s] Level 1:colcon.colcon_core.environment:checking '/home/cxt13/bumperbot_ws/install/bumperbot_cpp_examples' for CMake config files
[3.278s] Level 1:colcon.colcon_core.shell:create_environment_hook('bumperbot_cpp_examples', 'cmake_prefix_path')
[3.283s] INFO:colcon.colcon_core.shell:Creating environment hook '/home/cxt13/bumperbot_ws/install/bumperbot_cpp_examples/share/bumperbot_cpp_examples/hook/cmake_prefix_path.ps1'
[3.295s] INFO:colcon.colcon_core.shell:Creating environment descriptor '/home/cxt13/bumperbot_ws/install/bumperbot_cpp_examples/share/bumperbot_cpp_examples/hook/cmake_prefix_path.dsv'
[3.299s] INFO:colcon.colcon_core.shell:Creating environment hook '/home/cxt13/bumperbot_ws/install/bumperbot_cpp_examples/share/bumperbot_cpp_examples/hook/cmake_prefix_path.sh'
[3.302s] Level 1:colcon.colcon_core.environment:checking '/home/cxt13/bumperbot_ws/install/bumperbot_cpp_examples/bin'
[3.303s] Level 1:colcon.colcon_core.environment:checking '/home/cxt13/bumperbot_ws/install/bumperbot_cpp_examples/lib/pkgconfig/bumperbot_cpp_examples.pc'
[3.304s] Level 1:colcon.colcon_core.environment:checking '/home/cxt13/bumperbot_ws/install/bumperbot_cpp_examples/lib/python3.12/site-packages'
[3.306s] Level 1:colcon.colcon_core.environment:checking '/home/cxt13/bumperbot_ws/install/bumperbot_cpp_examples/bin'
[3.306s] INFO:colcon.colcon_core.shell:Creating package script '/home/cxt13/bumperbot_ws/install/bumperbot_cpp_examples/share/bumperbot_cpp_examples/package.ps1'
[3.315s] INFO:colcon.colcon_core.shell:Creating package descriptor '/home/cxt13/bumperbot_ws/install/bumperbot_cpp_examples/share/bumperbot_cpp_examples/package.dsv'
[3.322s] INFO:colcon.colcon_core.shell:Creating package script '/home/cxt13/bumperbot_ws/install/bumperbot_cpp_examples/share/bumperbot_cpp_examples/package.sh'
[3.339s] INFO:colcon.colcon_core.shell:Creating package script '/home/cxt13/bumperbot_ws/install/bumperbot_cpp_examples/share/bumperbot_cpp_examples/package.bash'
[3.353s] INFO:colcon.colcon_core.shell:Creating package script '/home/cxt13/bumperbot_ws/install/bumperbot_cpp_examples/share/bumperbot_cpp_examples/package.zsh'
[3.370s] Level 1:colcon.colcon_core.environment:create_file_with_runtime_dependencies(/home/cxt13/bumperbot_ws/install/bumperbot_cpp_examples/share/colcon-core/packages/bumperbot_cpp_examples)
[3.529s] Level 1:colcon.colcon_core.environment:create_environment_scripts_only(bumperbot_cpp_examples)
[3.532s] Level 1:colcon.colcon_core.environment:checking '/home/cxt13/bumperbot_ws/install/bumperbot_cpp_examples' for CMake module files
[3.540s] Level 1:colcon.colcon_core.environment:checking '/home/cxt13/bumperbot_ws/install/bumperbot_cpp_examples' for CMake config files
[3.540s] Level 1:colcon.colcon_core.shell:create_environment_hook('bumperbot_cpp_examples', 'cmake_prefix_path')
[3.547s] INFO:colcon.colcon_core.shell:Creating environment hook '/home/cxt13/bumperbot_ws/install/bumperbot_cpp_examples/share/bumperbot_cpp_examples/hook/cmake_prefix_path.ps1'
[3.563s] INFO:colcon.colcon_core.shell:Creating environment descriptor '/home/cxt13/bumperbot_ws/install/bumperbot_cpp_examples/share/bumperbot_cpp_examples/hook/cmake_prefix_path.dsv'
[3.564s] INFO:colcon.colcon_core.shell:Creating environment hook '/home/cxt13/bumperbot_ws/install/bumperbot_cpp_examples/share/bumperbot_cpp_examples/hook/cmake_prefix_path.sh'
[3.576s] Level 1:colcon.colcon_core.environment:checking '/home/cxt13/bumperbot_ws/install/bumperbot_cpp_examples/bin'
[3.580s] Level 1:colcon.colcon_core.environment:checking '/home/cxt13/bumperbot_ws/install/bumperbot_cpp_examples/lib/pkgconfig/bumperbot_cpp_examples.pc'
[3.580s] Level 1:colcon.colcon_core.environment:checking '/home/cxt13/bumperbot_ws/install/bumperbot_cpp_examples/lib/python3.12/site-packages'
[3.585s] Level 1:colcon.colcon_core.environment:checking '/home/cxt13/bumperbot_ws/install/bumperbot_cpp_examples/bin'
[3.599s] INFO:colcon.colcon_core.shell:Creating package script '/home/cxt13/bumperbot_ws/install/bumperbot_cpp_examples/share/bumperbot_cpp_examples/package.ps1'
[3.606s] INFO:colcon.colcon_core.shell:Creating package descriptor '/home/cxt13/bumperbot_ws/install/bumperbot_cpp_examples/share/bumperbot_cpp_examples/package.dsv'
[3.613s] INFO:colcon.colcon_core.shell:Creating package script '/home/cxt13/bumperbot_ws/install/bumperbot_cpp_examples/share/bumperbot_cpp_examples/package.sh'
[3.626s] INFO:colcon.colcon_core.shell:Creating package script '/home/cxt13/bumperbot_ws/install/bumperbot_cpp_examples/share/bumperbot_cpp_examples/package.bash'
[3.636s] INFO:colcon.colcon_core.shell:Creating package script '/home/cxt13/bumperbot_ws/install/bumperbot_cpp_examples/share/bumperbot_cpp_examples/package.zsh'
[3.640s] Level 1:colcon.colcon_core.environment:create_file_with_runtime_dependencies(/home/cxt13/bumperbot_ws/install/bumperbot_cpp_examples/share/colcon-core/packages/bumperbot_cpp_examples)
[3.648s] INFO:colcon.colcon_ros.task.ament_python.build:Building ROS package in '/home/cxt13/bumperbot_ws/src/bumperbot_py_examples' with build type 'ament_python'
[3.648s] Level 1:colcon.colcon_core.shell:create_environment_hook('bumperbot_py_examples', 'ament_prefix_path')
[3.649s] INFO:colcon.colcon_core.shell:Creating environment hook '/home/cxt13/bumperbot_ws/install/bumperbot_py_examples/share/bumperbot_py_examples/hook/ament_prefix_path.ps1'
[3.674s] INFO:colcon.colcon_core.shell:Creating environment descriptor '/home/cxt13/bumperbot_ws/install/bumperbot_py_examples/share/bumperbot_py_examples/hook/ament_prefix_path.dsv'
[3.692s] INFO:colcon.colcon_core.shell:Creating environment hook '/home/cxt13/bumperbot_ws/install/bumperbot_py_examples/share/bumperbot_py_examples/hook/ament_prefix_path.sh'
[3.701s] INFO:colcon.colcon_core.shell:Skip shell extension 'powershell' for command environment: Not usable outside of PowerShell
[3.701s] DEBUG:colcon.colcon_core.shell:Skip shell extension 'dsv' for command environment
[6.573s] INFO:colcon.colcon_core.task.python.build:Building Python package in '/home/cxt13/bumperbot_ws/src/bumperbot_py_examples'
[6.574s] INFO:colcon.colcon_core.shell:Skip shell extension 'powershell' for command environment: Not usable outside of PowerShell
[6.574s] DEBUG:colcon.colcon_core.shell:Skip shell extension 'dsv' for command environment
[13.596s] DEBUG:colcon.colcon_core.event_handler.log_command:Invoked command in '/home/cxt13/bumperbot_ws/build/bumperbot_description' returned '0': CMAKE_PREFIX_PATH=${CMAKE_PREFIX_PATH}:/opt/ros/jazzy DEBUGINFOD_URLS=https://debuginfod.ubuntu.com /usr/bin/cmake /home/cxt13/bumperbot_ws/src/bumperbot_description -DCMAKE_INSTALL_PREFIX=/home/cxt13/bumperbot_ws/install/bumperbot_description
[13.613s] DEBUG:colcon.colcon_core.event_handler.log_command:Invoking command in '/home/cxt13/bumperbot_ws/build/bumperbot_description': CMAKE_PREFIX_PATH=${CMAKE_PREFIX_PATH}:/opt/ros/jazzy DEBUGINFOD_URLS=https://debuginfod.ubuntu.com /usr/bin/cmake --build /home/cxt13/bumperbot_ws/build/bumperbot_description -- -j2 -l2
[14.410s] DEBUG:colcon.colcon_core.event_handler.log_command:Invoked command in '/home/cxt13/bumperbot_ws/build/bumperbot_description' returned '0': CMAKE_PREFIX_PATH=${CMAKE_PREFIX_PATH}:/opt/ros/jazzy DEBUGINFOD_URLS=https://debuginfod.ubuntu.com /usr/bin/cmake --build /home/cxt13/bumperbot_ws/build/bumperbot_description -- -j2 -l2
[14.822s] DEBUG:colcon.colcon_core.event_handler.log_command:Invoking command in '/home/cxt13/bumperbot_ws/build/bumperbot_description': CMAKE_PREFIX_PATH=${CMAKE_PREFIX_PATH}:/opt/ros/jazzy DEBUGINFOD_URLS=https://debuginfod.ubuntu.com /usr/bin/cmake --install /home/cxt13/bumperbot_ws/build/bumperbot_description
[14.986s] Level 1:colcon.colcon_core.environment:create_environment_scripts_only(bumperbot_description)
[14.986s] Level 1:colcon.colcon_core.environment:checking '/home/cxt13/bumperbot_ws/install/bumperbot_description' for CMake module files
[14.997s] DEBUG:colcon.colcon_core.event_handler.log_command:Invoked command in '/home/cxt13/bumperbot_ws/build/bumperbot_description' returned '0': CMAKE_PREFIX_PATH=${CMAKE_PREFIX_PATH}:/opt/ros/jazzy DEBUGINFOD_URLS=https://debuginfod.ubuntu.com /usr/bin/cmake --install /home/cxt13/bumperbot_ws/build/bumperbot_description
[15.003s] Level 1:colcon.colcon_core.environment:checking '/home/cxt13/bumperbot_ws/install/bumperbot_description' for CMake config files
[15.003s] Level 1:colcon.colcon_core.shell:create_environment_hook('bumperbot_description', 'cmake_prefix_path')
[15.014s] INFO:colcon.colcon_core.shell:Creating environment hook '/home/cxt13/bumperbot_ws/install/bumperbot_description/share/bumperbot_description/hook/cmake_prefix_path.ps1'
[15.022s] INFO:colcon.colcon_core.shell:Creating environment descriptor '/home/cxt13/bumperbot_ws/install/bumperbot_description/share/bumperbot_description/hook/cmake_prefix_path.dsv'
[15.030s] INFO:colcon.colcon_core.shell:Creating environment hook '/home/cxt13/bumperbot_ws/install/bumperbot_description/share/bumperbot_description/hook/cmake_prefix_path.sh'
[15.046s] Level 1:colcon.colcon_core.environment:checking '/home/cxt13/bumperbot_ws/install/bumperbot_description/bin'
[15.049s] Level 1:colcon.colcon_core.environment:checking '/home/cxt13/bumperbot_ws/install/bumperbot_description/lib/pkgconfig/bumperbot_description.pc'
[15.049s] Level 1:colcon.colcon_core.environment:checking '/home/cxt13/bumperbot_ws/install/bumperbot_description/lib/python3.12/site-packages'
[15.071s] Level 1:colcon.colcon_core.environment:checking '/home/cxt13/bumperbot_ws/install/bumperbot_description/bin'
[15.072s] INFO:colcon.colcon_core.shell:Creating package script '/home/cxt13/bumperbot_ws/install/bumperbot_description/share/bumperbot_description/package.ps1'
[15.084s] INFO:colcon.colcon_core.shell:Creating package descriptor '/home/cxt13/bumperbot_ws/install/bumperbot_description/share/bumperbot_description/package.dsv'
[15.086s] INFO:colcon.colcon_core.shell:Creating package script '/home/cxt13/bumperbot_ws/install/bumperbot_description/share/bumperbot_description/package.sh'
[15.087s] INFO:colcon.colcon_core.shell:Creating package script '/home/cxt13/bumperbot_ws/install/bumperbot_description/share/bumperbot_description/package.bash'
[15.087s] INFO:colcon.colcon_core.shell:Creating package script '/home/cxt13/bumperbot_ws/install/bumperbot_description/share/bumperbot_description/package.zsh'
[15.090s] Level 1:colcon.colcon_core.environment:create_file_with_runtime_dependencies(/home/cxt13/bumperbot_ws/install/bumperbot_description/share/colcon-core/packages/bumperbot_description)
[15.258s] Level 1:colcon.colcon_core.environment:create_environment_scripts_only(bumperbot_description)
[15.258s] Level 1:colcon.colcon_core.environment:checking '/home/cxt13/bumperbot_ws/install/bumperbot_description' for CMake module files
[15.262s] Level 1:colcon.colcon_core.environment:checking '/home/cxt13/bumperbot_ws/install/bumperbot_description' for CMake config files
[15.270s] Level 1:colcon.colcon_core.shell:create_environment_hook('bumperbot_description', 'cmake_prefix_path')
[15.273s] INFO:colcon.colcon_core.shell:Creating environment hook '/home/cxt13/bumperbot_ws/install/bumperbot_description/share/bumperbot_description/hook/cmake_prefix_path.ps1'
[15.285s] INFO:colcon.colcon_core.shell:Creating environment descriptor '/home/cxt13/bumperbot_ws/install/bumperbot_description/share/bumperbot_description/hook/cmake_prefix_path.dsv'
[15.287s] INFO:colcon.colcon_core.shell:Creating environment hook '/home/cxt13/bumperbot_ws/install/bumperbot_description/share/bumperbot_description/hook/cmake_prefix_path.sh'
[15.293s] Level 1:colcon.colcon_core.environment:checking '/home/cxt13/bumperbot_ws/install/bumperbot_description/bin'
[15.293s] Level 1:colcon.colcon_core.environment:checking '/home/cxt13/bumperbot_ws/install/bumperbot_description/lib/pkgconfig/bumperbot_description.pc'
[15.297s] Level 1:colcon.colcon_core.environment:checking '/home/cxt13/bumperbot_ws/install/bumperbot_description/lib/python3.12/site-packages'
[15.298s] Level 1:colcon.colcon_core.environment:checking '/home/cxt13/bumperbot_ws/install/bumperbot_description/bin'
[15.299s] INFO:colcon.colcon_core.shell:Creating package script '/home/cxt13/bumperbot_ws/install/bumperbot_description/share/bumperbot_description/package.ps1'
[15.309s] INFO:colcon.colcon_core.shell:Creating package descriptor '/home/cxt13/bumperbot_ws/install/bumperbot_description/share/bumperbot_description/package.dsv'
[15.328s] INFO:colcon.colcon_core.shell:Creating package script '/home/cxt13/bumperbot_ws/install/bumperbot_description/share/bumperbot_description/package.sh'
[15.354s] INFO:colcon.colcon_core.shell:Creating package script '/home/cxt13/bumperbot_ws/install/bumperbot_description/share/bumperbot_description/package.bash'
[15.363s] INFO:colcon.colcon_core.shell:Creating package script '/home/cxt13/bumperbot_ws/install/bumperbot_description/share/bumperbot_description/package.zsh'
[15.369s] Level 1:colcon.colcon_core.environment:create_file_with_runtime_dependencies(/home/cxt13/bumperbot_ws/install/bumperbot_description/share/colcon-core/packages/bumperbot_description)
[22.011s] DEBUG:colcon.colcon_core.event_handler.log_command:Invoking command in '/home/cxt13/bumperbot_ws/src/bumperbot_py_examples': DEBUGINFOD_URLS=https://debuginfod.ubuntu.com PYTHONPATH=/home/cxt13/bumperbot_ws/build/bumperbot_py_examples/prefix_override:/usr/lib/python3/dist-packages/colcon_core/task/python/colcon_distutils_commands:/home/cxt13/bumperbot_ws/install/bumperbot_py_examples/lib/python3.12/site-packages:${PYTHONPATH} /usr/bin/python3 -W ignore:setup.py install is deprecated setup.py egg_info --egg-base ../../build/bumperbot_py_examples build --build-base /home/cxt13/bumperbot_ws/build/bumperbot_py_examples/build install --record /home/cxt13/bumperbot_ws/build/bumperbot_py_examples/install.log --single-version-externally-managed install_data
[31.220s] Level 1:colcon.colcon_core.environment:checking '/home/cxt13/bumperbot_ws/install/bumperbot_py_examples' for CMake module files
[31.224s] DEBUG:colcon.colcon_core.event_handler.log_command:Invoked command in '/home/cxt13/bumperbot_ws/src/bumperbot_py_examples' returned '0': DEBUGINFOD_URLS=https://debuginfod.ubuntu.com PYTHONPATH=/home/cxt13/bumperbot_ws/build/bumperbot_py_examples/prefix_override:/usr/lib/python3/dist-packages/colcon_core/task/python/colcon_distutils_commands:/home/cxt13/bumperbot_ws/install/bumperbot_py_examples/lib/python3.12/site-packages:${PYTHONPATH} /usr/bin/python3 -W ignore:setup.py install is deprecated setup.py egg_info --egg-base ../../build/bumperbot_py_examples build --build-base /home/cxt13/bumperbot_ws/build/bumperbot_py_examples/build install --record /home/cxt13/bumperbot_ws/build/bumperbot_py_examples/install.log --single-version-externally-managed install_data
[31.225s] Level 1:colcon.colcon_core.environment:checking '/home/cxt13/bumperbot_ws/install/bumperbot_py_examples' for CMake config files
[31.227s] Level 1:colcon.colcon_core.environment:checking '/home/cxt13/bumperbot_ws/install/bumperbot_py_examples/lib'
[31.227s] Level 1:colcon.colcon_core.environment:checking '/home/cxt13/bumperbot_ws/install/bumperbot_py_examples/bin'
[31.241s] Level 1:colcon.colcon_core.environment:checking '/home/cxt13/bumperbot_ws/install/bumperbot_py_examples/lib/pkgconfig/bumperbot_py_examples.pc'
[31.247s] Level 1:colcon.colcon_core.environment:checking '/home/cxt13/bumperbot_ws/install/bumperbot_py_examples/lib/python3.12/site-packages'
[31.247s] Level 1:colcon.colcon_core.shell:create_environment_hook('bumperbot_py_examples', 'pythonpath')
[31.257s] INFO:colcon.colcon_core.shell:Creating environment hook '/home/cxt13/bumperbot_ws/install/bumperbot_py_examples/share/bumperbot_py_examples/hook/pythonpath.ps1'
[31.277s] INFO:colcon.colcon_core.shell:Creating environment descriptor '/home/cxt13/bumperbot_ws/install/bumperbot_py_examples/share/bumperbot_py_examples/hook/pythonpath.dsv'
[31.283s] INFO:colcon.colcon_core.shell:Creating environment hook '/home/cxt13/bumperbot_ws/install/bumperbot_py_examples/share/bumperbot_py_examples/hook/pythonpath.sh'
[31.309s] Level 1:colcon.colcon_core.environment:checking '/home/cxt13/bumperbot_ws/install/bumperbot_py_examples/bin'
[31.310s] Level 1:colcon.colcon_core.environment:create_environment_scripts_only(bumperbot_py_examples)
[31.310s] INFO:colcon.colcon_core.shell:Creating package script '/home/cxt13/bumperbot_ws/install/bumperbot_py_examples/share/bumperbot_py_examples/package.ps1'
[31.326s] INFO:colcon.colcon_core.shell:Creating package descriptor '/home/cxt13/bumperbot_ws/install/bumperbot_py_examples/share/bumperbot_py_examples/package.dsv'
[31.328s] INFO:colcon.colcon_core.shell:Creating package script '/home/cxt13/bumperbot_ws/install/bumperbot_py_examples/share/bumperbot_py_examples/package.sh'
[31.334s] INFO:colcon.colcon_core.shell:Creating package script '/home/cxt13/bumperbot_ws/install/bumperbot_py_examples/share/bumperbot_py_examples/package.bash'
[31.340s] INFO:colcon.colcon_core.shell:Creating package script '/home/cxt13/bumperbot_ws/install/bumperbot_py_examples/share/bumperbot_py_examples/package.zsh'
[31.358s] Level 1:colcon.colcon_core.environment:create_file_with_runtime_dependencies(/home/cxt13/bumperbot_ws/install/bumperbot_py_examples/share/colcon-core/packages/bumperbot_py_examples)
[31.367s] DEBUG:colcon.colcon_parallel_executor.executor.parallel:closing loop
[31.376s] DEBUG:colcon.colcon_parallel_executor.executor.parallel:loop closed
[31.377s] DEBUG:colcon.colcon_parallel_executor.executor.parallel:run_until_complete finished with '0'
[31.382s] DEBUG:colcon.colcon_core.event_reactor:joining thread
[31.557s] INFO:colcon.colcon_core.plugin_system:Skipping extension 'colcon_notification.desktop_notification.terminal_notifier': Not used on non-Darwin systems
[31.558s] INFO:colcon.colcon_core.plugin_system:Skipping extension 'colcon_notification.desktop_notification.win32': Not used on non-Windows systems
[31.558s] INFO:colcon.colcon_notification.desktop_notification:Sending desktop notification using 'notify2'
[31.996s] DEBUG:colcon.colcon_core.event_reactor:joined thread
[31.996s] INFO:colcon.colcon_core.shell:Creating prefix script '/home/cxt13/bumperbot_ws/install/local_setup.ps1'
[32.007s] INFO:colcon.colcon_core.shell:Creating prefix util module '/home/cxt13/bumperbot_ws/install/_local_setup_util_ps1.py'
[32.012s] INFO:colcon.colcon_core.shell:Creating prefix chain script '/home/cxt13/bumperbot_ws/install/setup.ps1'
[32.014s] INFO:colcon.colcon_core.shell:Creating prefix script '/home/cxt13/bumperbot_ws/install/local_setup.sh'
[32.016s] INFO:colcon.colcon_core.shell:Creating prefix util module '/home/cxt13/bumperbot_ws/install/_local_setup_util_sh.py'
[32.018s] INFO:colcon.colcon_core.shell:Creating prefix chain script '/home/cxt13/bumperbot_ws/install/setup.sh'
[32.021s] INFO:colcon.colcon_core.shell:Creating prefix script '/home/cxt13/bumperbot_ws/install/local_setup.bash'
[32.022s] INFO:colcon.colcon_core.shell:Creating prefix chain script '/home/cxt13/bumperbot_ws/install/setup.bash'
[32.025s] INFO:colcon.colcon_core.shell:Creating prefix script '/home/cxt13/bumperbot_ws/install/local_setup.zsh'
[32.028s] INFO:colcon.colcon_core.shell:Creating prefix chain script '/home/cxt13/bumperbot_ws/install/setup.zsh'
