[1.201s] DEBUG:colcon:Command line arguments: ['/usr/bin/colcon', 'build']
[1.201s] DEBUG:colcon:Parsed command line arguments: Namespace(log_base=None, log_level=None, verb_name='build', build_base='build', install_base='install', merge_install=False, symlink_install=False, test_result_base=None, continue_on_error=False, executor='parallel', parallel_workers=2, event_handlers=None, ignore_user_meta=False, metas=['./colcon.meta'], base_paths=['.'], packages_ignore=None, packages_ignore_regex=None, paths=None, packages_up_to=None, packages_up_to_regex=None, packages_above=None, packages_above_and_dependencies=None, packages_above_depth=None, packages_select_by_dep=None, packages_skip_by_dep=None, packages_skip_up_to=None, packages_select_build_failed=False, packages_skip_build_finished=False, packages_select_test_failures=False, packages_skip_test_passed=False, packages_select=None, packages_skip=None, packages_select_regex=None, packages_skip_regex=None, packages_start=None, packages_end=None, allow_overriding=[], cmake_args=None, cmake_target=None, cmake_target_skip_unavailable=False, cmake_clean_cache=False, cmake_clean_first=False, cmake_force_configure=False, ament_cmake_args=None, catkin_cmake_args=None, catkin_skip_building_tests=False, mixin_files=None, mixin=None, verb_parser=<colcon_mixin.mixin.mixin_argument.MixinArgumentDecorator object at 0x7f52d6b6fb30>, verb_extension=<colcon_core.verb.build.BuildVerb object at 0x7f52d6b099a0>, main=<bound method BuildVerb.main of <colcon_core.verb.build.BuildVerb object at 0x7f52d6b099a0>>, mixin_verb=('build',))
[1.682s] Level 1:colcon.colcon_core.package_discovery:discover_packages(colcon_meta) check parameters
[1.683s] Level 1:colcon.colcon_core.package_discovery:discover_packages(recursive) check parameters
[1.683s] Level 1:colcon.colcon_core.package_discovery:discover_packages(ignore) check parameters
[1.687s] Level 1:colcon.colcon_core.package_discovery:discover_packages(path) check parameters
[1.688s] Level 1:colcon.colcon_core.package_discovery:discover_packages(colcon_meta) discover
[1.688s] Level 1:colcon.colcon_core.package_discovery:discover_packages(recursive) discover
[1.688s] INFO:colcon.colcon_core.package_discovery:Crawling recursively for packages in '/home/cxt13/bumperbot_ws'
[1.689s] Level 1:colcon.colcon_core.package_identification:_identify(.) by extensions ['ignore', 'ignore_ament_install']
[1.693s] Level 1:colcon.colcon_core.package_identification:_identify(.) by extension 'ignore'
[1.694s] Level 1:colcon.colcon_core.package_identification:_identify(.) by extension 'ignore_ament_install'
[1.694s] Level 1:colcon.colcon_core.package_identification:_identify(.) by extensions ['colcon_pkg']
[1.694s] Level 1:colcon.colcon_core.package_identification:_identify(.) by extension 'colcon_pkg'
[1.694s] Level 1:colcon.colcon_core.package_identification:_identify(.) by extensions ['colcon_meta']
[1.695s] Level 1:colcon.colcon_core.package_identification:_identify(.) by extension 'colcon_meta'
[1.695s] Level 1:colcon.colcon_core.package_identification:_identify(.) by extensions ['ros']
[1.695s] Level 1:colcon.colcon_core.package_identification:_identify(.) by extension 'ros'
[2.004s] Level 1:colcon.colcon_core.package_identification:_identify(.) by extensions ['cmake', 'python']
[2.005s] Level 1:colcon.colcon_core.package_identification:_identify(.) by extension 'cmake'
[2.005s] Level 1:colcon.colcon_core.package_identification:_identify(.) by extension 'python'
[2.006s] Level 1:colcon.colcon_core.package_identification:_identify(.) by extensions ['python_setup_py']
[2.006s] Level 1:colcon.colcon_core.package_identification:_identify(.) by extension 'python_setup_py'
[2.006s] Level 1:colcon.colcon_core.package_identification:_identify(build) by extensions ['ignore', 'ignore_ament_install']
[2.006s] Level 1:colcon.colcon_core.package_identification:_identify(build) by extension 'ignore'
[2.006s] Level 1:colcon.colcon_core.package_identification:_identify(build) ignored
[2.013s] Level 1:colcon.colcon_core.package_identification:_identify(install) by extensions ['ignore', 'ignore_ament_install']
[2.014s] Level 1:colcon.colcon_core.package_identification:_identify(install) by extension 'ignore'
[2.014s] Level 1:colcon.colcon_core.package_identification:_identify(install) ignored
[2.018s] Level 1:colcon.colcon_core.package_identification:_identify(log) by extensions ['ignore', 'ignore_ament_install']
[2.018s] Level 1:colcon.colcon_core.package_identification:_identify(log) by extension 'ignore'
[2.018s] Level 1:colcon.colcon_core.package_identification:_identify(log) ignored
[2.018s] Level 1:colcon.colcon_core.package_identification:_identify(src) by extensions ['ignore', 'ignore_ament_install']
[2.019s] Level 1:colcon.colcon_core.package_identification:_identify(src) by extension 'ignore'
[2.029s] Level 1:colcon.colcon_core.package_identification:_identify(src) by extension 'ignore_ament_install'
[2.029s] Level 1:colcon.colcon_core.package_identification:_identify(src) by extensions ['colcon_pkg']
[2.030s] Level 1:colcon.colcon_core.package_identification:_identify(src) by extension 'colcon_pkg'
[2.030s] Level 1:colcon.colcon_core.package_identification:_identify(src) by extensions ['colcon_meta']
[2.030s] Level 1:colcon.colcon_core.package_identification:_identify(src) by extension 'colcon_meta'
[2.030s] Level 1:colcon.colcon_core.package_identification:_identify(src) by extensions ['ros']
[2.030s] Level 1:colcon.colcon_core.package_identification:_identify(src) by extension 'ros'
[2.031s] Level 1:colcon.colcon_core.package_identification:_identify(src) by extensions ['cmake', 'python']
[2.043s] Level 1:colcon.colcon_core.package_identification:_identify(src) by extension 'cmake'
[2.044s] Level 1:colcon.colcon_core.package_identification:_identify(src) by extension 'python'
[2.044s] Level 1:colcon.colcon_core.package_identification:_identify(src) by extensions ['python_setup_py']
[2.044s] Level 1:colcon.colcon_core.package_identification:_identify(src) by extension 'python_setup_py'
[2.045s] Level 1:colcon.colcon_core.package_identification:_identify(src/bumperbot_controller) by extensions ['ignore', 'ignore_ament_install']
[2.051s] Level 1:colcon.colcon_core.package_identification:_identify(src/bumperbot_controller) by extension 'ignore'
[2.053s] Level 1:colcon.colcon_core.package_identification:_identify(src/bumperbot_controller) by extension 'ignore_ament_install'
[2.054s] Level 1:colcon.colcon_core.package_identification:_identify(src/bumperbot_controller) by extensions ['colcon_pkg']
[2.054s] Level 1:colcon.colcon_core.package_identification:_identify(src/bumperbot_controller) by extension 'colcon_pkg'
[2.058s] Level 1:colcon.colcon_core.package_identification:_identify(src/bumperbot_controller) by extensions ['colcon_meta']
[2.058s] Level 1:colcon.colcon_core.package_identification:_identify(src/bumperbot_controller) by extension 'colcon_meta'
[2.058s] Level 1:colcon.colcon_core.package_identification:_identify(src/bumperbot_controller) by extensions ['ros']
[2.058s] Level 1:colcon.colcon_core.package_identification:_identify(src/bumperbot_controller) by extension 'ros'
[2.095s] DEBUG:colcon.colcon_core.package_identification:Package 'src/bumperbot_controller' with type 'ros.ament_cmake' and name 'bumperbot_controller'
[2.101s] Level 1:colcon.colcon_core.package_identification:_identify(src/bumperbot_cpp_examples) by extensions ['ignore', 'ignore_ament_install']
[2.102s] Level 1:colcon.colcon_core.package_identification:_identify(src/bumperbot_cpp_examples) by extension 'ignore'
[2.102s] Level 1:colcon.colcon_core.package_identification:_identify(src/bumperbot_cpp_examples) by extension 'ignore_ament_install'
[2.102s] Level 1:colcon.colcon_core.package_identification:_identify(src/bumperbot_cpp_examples) by extensions ['colcon_pkg']
[2.102s] Level 1:colcon.colcon_core.package_identification:_identify(src/bumperbot_cpp_examples) by extension 'colcon_pkg'
[2.102s] Level 1:colcon.colcon_core.package_identification:_identify(src/bumperbot_cpp_examples) by extensions ['colcon_meta']
[2.102s] Level 1:colcon.colcon_core.package_identification:_identify(src/bumperbot_cpp_examples) by extension 'colcon_meta'
[2.102s] Level 1:colcon.colcon_core.package_identification:_identify(src/bumperbot_cpp_examples) by extensions ['ros']
[2.103s] Level 1:colcon.colcon_core.package_identification:_identify(src/bumperbot_cpp_examples) by extension 'ros'
[2.112s] DEBUG:colcon.colcon_core.package_identification:Package 'src/bumperbot_cpp_examples' with type 'ros.ament_cmake' and name 'bumperbot_cpp_examples'
[2.113s] Level 1:colcon.colcon_core.package_identification:_identify(src/bumperbot_description) by extensions ['ignore', 'ignore_ament_install']
[2.131s] Level 1:colcon.colcon_core.package_identification:_identify(src/bumperbot_description) by extension 'ignore'
[2.132s] Level 1:colcon.colcon_core.package_identification:_identify(src/bumperbot_description) by extension 'ignore_ament_install'
[2.132s] Level 1:colcon.colcon_core.package_identification:_identify(src/bumperbot_description) by extensions ['colcon_pkg']
[2.132s] Level 1:colcon.colcon_core.package_identification:_identify(src/bumperbot_description) by extension 'colcon_pkg'
[2.133s] Level 1:colcon.colcon_core.package_identification:_identify(src/bumperbot_description) by extensions ['colcon_meta']
[2.133s] Level 1:colcon.colcon_core.package_identification:_identify(src/bumperbot_description) by extension 'colcon_meta'
[2.141s] Level 1:colcon.colcon_core.package_identification:_identify(src/bumperbot_description) by extensions ['ros']
[2.141s] Level 1:colcon.colcon_core.package_identification:_identify(src/bumperbot_description) by extension 'ros'
[2.205s] DEBUG:colcon.colcon_core.package_identification:Package 'src/bumperbot_description' with type 'ros.ament_cmake' and name 'bumperbot_description'
[2.208s] Level 1:colcon.colcon_core.package_identification:_identify(src/bumperbot_py_examples) by extensions ['ignore', 'ignore_ament_install']
[2.209s] Level 1:colcon.colcon_core.package_identification:_identify(src/bumperbot_py_examples) by extension 'ignore'
[2.209s] Level 1:colcon.colcon_core.package_identification:_identify(src/bumperbot_py_examples) by extension 'ignore_ament_install'
[2.209s] Level 1:colcon.colcon_core.package_identification:_identify(src/bumperbot_py_examples) by extensions ['colcon_pkg']
[2.214s] Level 1:colcon.colcon_core.package_identification:_identify(src/bumperbot_py_examples) by extension 'colcon_pkg'
[2.214s] Level 1:colcon.colcon_core.package_identification:_identify(src/bumperbot_py_examples) by extensions ['colcon_meta']
[2.215s] Level 1:colcon.colcon_core.package_identification:_identify(src/bumperbot_py_examples) by extension 'colcon_meta'
[2.215s] Level 1:colcon.colcon_core.package_identification:_identify(src/bumperbot_py_examples) by extensions ['ros']
[2.215s] Level 1:colcon.colcon_core.package_identification:_identify(src/bumperbot_py_examples) by extension 'ros'
[2.223s] DEBUG:colcon.colcon_core.package_identification:Package 'src/bumperbot_py_examples' with type 'ros.ament_python' and name 'bumperbot_py_examples'
[2.223s] Level 1:colcon.colcon_core.package_discovery:discover_packages(recursive) using defaults
[2.228s] Level 1:colcon.colcon_core.package_discovery:discover_packages(ignore) discover
[2.228s] Level 1:colcon.colcon_core.package_discovery:discover_packages(ignore) using defaults
[2.228s] Level 1:colcon.colcon_core.package_discovery:discover_packages(path) discover
[2.228s] Level 1:colcon.colcon_core.package_discovery:discover_packages(path) using defaults
[2.459s] Level 1:colcon.colcon_core.package_discovery:discover_packages(prefix_path) check parameters
[2.459s] Level 1:colcon.colcon_core.package_discovery:discover_packages(prefix_path) discover
[2.475s] DEBUG:colcon.colcon_installed_package_information.package_discovery:Found 409 installed packages in /opt/ros/jazzy
[2.483s] Level 1:colcon.colcon_core.package_discovery:discover_packages(prefix_path) using defaults
[3.124s] Level 5:colcon.colcon_core.verb:set package 'bumperbot_controller' build argument 'cmake_args' from command line to 'None'
[3.124s] Level 5:colcon.colcon_core.verb:set package 'bumperbot_controller' build argument 'cmake_target' from command line to 'None'
[3.125s] Level 5:colcon.colcon_core.verb:set package 'bumperbot_controller' build argument 'cmake_target_skip_unavailable' from command line to 'False'
[3.125s] Level 5:colcon.colcon_core.verb:set package 'bumperbot_controller' build argument 'cmake_clean_cache' from command line to 'False'
[3.125s] Level 5:colcon.colcon_core.verb:set package 'bumperbot_controller' build argument 'cmake_clean_first' from command line to 'False'
[3.125s] Level 5:colcon.colcon_core.verb:set package 'bumperbot_controller' build argument 'cmake_force_configure' from command line to 'False'
[3.125s] Level 5:colcon.colcon_core.verb:set package 'bumperbot_controller' build argument 'ament_cmake_args' from command line to 'None'
[3.125s] Level 5:colcon.colcon_core.verb:set package 'bumperbot_controller' build argument 'catkin_cmake_args' from command line to 'None'
[3.125s] Level 5:colcon.colcon_core.verb:set package 'bumperbot_controller' build argument 'catkin_skip_building_tests' from command line to 'False'
[3.126s] DEBUG:colcon.colcon_core.verb:Building package 'bumperbot_controller' with the following arguments: {'ament_cmake_args': None, 'build_base': '/home/cxt13/bumperbot_ws/build/bumperbot_controller', 'catkin_cmake_args': None, 'catkin_skip_building_tests': False, 'cmake_args': None, 'cmake_clean_cache': False, 'cmake_clean_first': False, 'cmake_force_configure': False, 'cmake_target': None, 'cmake_target_skip_unavailable': False, 'install_base': '/home/cxt13/bumperbot_ws/install/bumperbot_controller', 'merge_install': False, 'path': '/home/cxt13/bumperbot_ws/src/bumperbot_controller', 'symlink_install': False, 'test_result_base': None}
[3.127s] Level 5:colcon.colcon_core.verb:set package 'bumperbot_cpp_examples' build argument 'cmake_args' from command line to 'None'
[3.127s] Level 5:colcon.colcon_core.verb:set package 'bumperbot_cpp_examples' build argument 'cmake_target' from command line to 'None'
[3.128s] Level 5:colcon.colcon_core.verb:set package 'bumperbot_cpp_examples' build argument 'cmake_target_skip_unavailable' from command line to 'False'
[3.128s] Level 5:colcon.colcon_core.verb:set package 'bumperbot_cpp_examples' build argument 'cmake_clean_cache' from command line to 'False'
[3.128s] Level 5:colcon.colcon_core.verb:set package 'bumperbot_cpp_examples' build argument 'cmake_clean_first' from command line to 'False'
[3.128s] Level 5:colcon.colcon_core.verb:set package 'bumperbot_cpp_examples' build argument 'cmake_force_configure' from command line to 'False'
[3.128s] Level 5:colcon.colcon_core.verb:set package 'bumperbot_cpp_examples' build argument 'ament_cmake_args' from command line to 'None'
[3.128s] Level 5:colcon.colcon_core.verb:set package 'bumperbot_cpp_examples' build argument 'catkin_cmake_args' from command line to 'None'
[3.128s] Level 5:colcon.colcon_core.verb:set package 'bumperbot_cpp_examples' build argument 'catkin_skip_building_tests' from command line to 'False'
[3.129s] DEBUG:colcon.colcon_core.verb:Building package 'bumperbot_cpp_examples' with the following arguments: {'ament_cmake_args': None, 'build_base': '/home/cxt13/bumperbot_ws/build/bumperbot_cpp_examples', 'catkin_cmake_args': None, 'catkin_skip_building_tests': False, 'cmake_args': None, 'cmake_clean_cache': False, 'cmake_clean_first': False, 'cmake_force_configure': False, 'cmake_target': None, 'cmake_target_skip_unavailable': False, 'install_base': '/home/cxt13/bumperbot_ws/install/bumperbot_cpp_examples', 'merge_install': False, 'path': '/home/cxt13/bumperbot_ws/src/bumperbot_cpp_examples', 'symlink_install': False, 'test_result_base': None}
[3.132s] Level 5:colcon.colcon_core.verb:set package 'bumperbot_description' build argument 'cmake_args' from command line to 'None'
[3.133s] Level 5:colcon.colcon_core.verb:set package 'bumperbot_description' build argument 'cmake_target' from command line to 'None'
[3.133s] Level 5:colcon.colcon_core.verb:set package 'bumperbot_description' build argument 'cmake_target_skip_unavailable' from command line to 'False'
[3.133s] Level 5:colcon.colcon_core.verb:set package 'bumperbot_description' build argument 'cmake_clean_cache' from command line to 'False'
[3.137s] Level 5:colcon.colcon_core.verb:set package 'bumperbot_description' build argument 'cmake_clean_first' from command line to 'False'
[3.137s] Level 5:colcon.colcon_core.verb:set package 'bumperbot_description' build argument 'cmake_force_configure' from command line to 'False'
[3.137s] Level 5:colcon.colcon_core.verb:set package 'bumperbot_description' build argument 'ament_cmake_args' from command line to 'None'
[3.138s] Level 5:colcon.colcon_core.verb:set package 'bumperbot_description' build argument 'catkin_cmake_args' from command line to 'None'
[3.138s] Level 5:colcon.colcon_core.verb:set package 'bumperbot_description' build argument 'catkin_skip_building_tests' from command line to 'False'
[3.150s] DEBUG:colcon.colcon_core.verb:Building package 'bumperbot_description' with the following arguments: {'ament_cmake_args': None, 'build_base': '/home/cxt13/bumperbot_ws/build/bumperbot_description', 'catkin_cmake_args': None, 'catkin_skip_building_tests': False, 'cmake_args': None, 'cmake_clean_cache': False, 'cmake_clean_first': False, 'cmake_force_configure': False, 'cmake_target': None, 'cmake_target_skip_unavailable': False, 'install_base': '/home/cxt13/bumperbot_ws/install/bumperbot_description', 'merge_install': False, 'path': '/home/cxt13/bumperbot_ws/src/bumperbot_description', 'symlink_install': False, 'test_result_base': None}
[3.159s] Level 5:colcon.colcon_core.verb:set package 'bumperbot_py_examples' build argument 'cmake_args' from command line to 'None'
[3.159s] Level 5:colcon.colcon_core.verb:set package 'bumperbot_py_examples' build argument 'cmake_target' from command line to 'None'
[3.159s] Level 5:colcon.colcon_core.verb:set package 'bumperbot_py_examples' build argument 'cmake_target_skip_unavailable' from command line to 'False'
[3.159s] Level 5:colcon.colcon_core.verb:set package 'bumperbot_py_examples' build argument 'cmake_clean_cache' from command line to 'False'
[3.159s] Level 5:colcon.colcon_core.verb:set package 'bumperbot_py_examples' build argument 'cmake_clean_first' from command line to 'False'
[3.160s] Level 5:colcon.colcon_core.verb:set package 'bumperbot_py_examples' build argument 'cmake_force_configure' from command line to 'False'
[3.160s] Level 5:colcon.colcon_core.verb:set package 'bumperbot_py_examples' build argument 'ament_cmake_args' from command line to 'None'
[3.166s] Level 5:colcon.colcon_core.verb:set package 'bumperbot_py_examples' build argument 'catkin_cmake_args' from command line to 'None'
[3.166s] Level 5:colcon.colcon_core.verb:set package 'bumperbot_py_examples' build argument 'catkin_skip_building_tests' from command line to 'False'
[3.167s] DEBUG:colcon.colcon_core.verb:Building package 'bumperbot_py_examples' with the following arguments: {'ament_cmake_args': None, 'build_base': '/home/cxt13/bumperbot_ws/build/bumperbot_py_examples', 'catkin_cmake_args': None, 'catkin_skip_building_tests': False, 'cmake_args': None, 'cmake_clean_cache': False, 'cmake_clean_first': False, 'cmake_force_configure': False, 'cmake_target': None, 'cmake_target_skip_unavailable': False, 'install_base': '/home/cxt13/bumperbot_ws/install/bumperbot_py_examples', 'merge_install': False, 'path': '/home/cxt13/bumperbot_ws/src/bumperbot_py_examples', 'symlink_install': False, 'test_result_base': None}
[3.167s] INFO:colcon.colcon_core.executor:Executing jobs using 'parallel' executor
[3.179s] DEBUG:colcon.colcon_parallel_executor.executor.parallel:run_until_complete
[3.180s] INFO:colcon.colcon_ros.task.ament_cmake.build:Building ROS package in '/home/cxt13/bumperbot_ws/src/bumperbot_controller' with build type 'ament_cmake'
[3.194s] INFO:colcon.colcon_cmake.task.cmake.build:Building CMake package in '/home/cxt13/bumperbot_ws/src/bumperbot_controller'
[3.244s] INFO:colcon.colcon_core.plugin_system:Skipping extension 'colcon_core.shell.bat': Not used on non-Windows systems
[3.246s] INFO:colcon.colcon_core.shell:Skip shell extension 'powershell' for command environment: Not usable outside of PowerShell
[3.248s] DEBUG:colcon.colcon_core.shell:Skip shell extension 'dsv' for command environment
[3.308s] INFO:colcon.colcon_ros.task.ament_cmake.build:Building ROS package in '/home/cxt13/bumperbot_ws/src/bumperbot_cpp_examples' with build type 'ament_cmake'
[3.311s] INFO:colcon.colcon_cmake.task.cmake.build:Building CMake package in '/home/cxt13/bumperbot_ws/src/bumperbot_cpp_examples'
[3.313s] INFO:colcon.colcon_core.shell:Skip shell extension 'powershell' for command environment: Not usable outside of PowerShell
[3.313s] DEBUG:colcon.colcon_core.shell:Skip shell extension 'dsv' for command environment
[3.420s] DEBUG:colcon.colcon_core.event_handler.log_command:Invoking command in '/home/cxt13/bumperbot_ws/build/bumperbot_controller': CMAKE_PREFIX_PATH=${CMAKE_PREFIX_PATH}:/opt/ros/jazzy DEBUGINFOD_URLS=https://debuginfod.ubuntu.com /usr/bin/cmake --build /home/cxt13/bumperbot_ws/build/bumperbot_controller -- -j2 -l2
[3.456s] DEBUG:colcon.colcon_core.event_handler.log_command:Invoking command in '/home/cxt13/bumperbot_ws/build/bumperbot_cpp_examples': CMAKE_PREFIX_PATH=${CMAKE_PREFIX_PATH}:/opt/ros/jazzy DEBUGINFOD_URLS=https://debuginfod.ubuntu.com /usr/bin/cmake --build /home/cxt13/bumperbot_ws/build/bumperbot_cpp_examples -- -j2 -l2
[3.804s] DEBUG:colcon.colcon_core.event_handler.log_command:Invoked command in '/home/cxt13/bumperbot_ws/build/bumperbot_cpp_examples' returned '0': CMAKE_PREFIX_PATH=${CMAKE_PREFIX_PATH}:/opt/ros/jazzy DEBUGINFOD_URLS=https://debuginfod.ubuntu.com /usr/bin/cmake --build /home/cxt13/bumperbot_ws/build/bumperbot_cpp_examples -- -j2 -l2
[3.892s] DEBUG:colcon.colcon_core.event_handler.log_command:Invoked command in '/home/cxt13/bumperbot_ws/build/bumperbot_controller' returned '0': CMAKE_PREFIX_PATH=${CMAKE_PREFIX_PATH}:/opt/ros/jazzy DEBUGINFOD_URLS=https://debuginfod.ubuntu.com /usr/bin/cmake --build /home/cxt13/bumperbot_ws/build/bumperbot_controller -- -j2 -l2
[3.989s] DEBUG:colcon.colcon_core.event_handler.log_command:Invoking command in '/home/cxt13/bumperbot_ws/build/bumperbot_controller': CMAKE_PREFIX_PATH=${CMAKE_PREFIX_PATH}:/opt/ros/jazzy DEBUGINFOD_URLS=https://debuginfod.ubuntu.com /usr/bin/cmake --install /home/cxt13/bumperbot_ws/build/bumperbot_controller
[4.173s] DEBUG:colcon.colcon_core.event_handler.log_command:Invoking command in '/home/cxt13/bumperbot_ws/build/bumperbot_cpp_examples': CMAKE_PREFIX_PATH=${CMAKE_PREFIX_PATH}:/opt/ros/jazzy DEBUGINFOD_URLS=https://debuginfod.ubuntu.com /usr/bin/cmake --install /home/cxt13/bumperbot_ws/build/bumperbot_cpp_examples
[4.178s] Level 1:colcon.colcon_core.environment:create_environment_scripts_only(bumperbot_controller)
[4.184s] DEBUG:colcon.colcon_core.event_handler.log_command:Invoked command in '/home/cxt13/bumperbot_ws/build/bumperbot_controller' returned '0': CMAKE_PREFIX_PATH=${CMAKE_PREFIX_PATH}:/opt/ros/jazzy DEBUGINFOD_URLS=https://debuginfod.ubuntu.com /usr/bin/cmake --install /home/cxt13/bumperbot_ws/build/bumperbot_controller
[4.204s] Level 1:colcon.colcon_core.environment:checking '/home/cxt13/bumperbot_ws/install/bumperbot_controller' for CMake module files
[4.209s] Level 1:colcon.colcon_core.environment:checking '/home/cxt13/bumperbot_ws/install/bumperbot_controller' for CMake config files
[4.216s] Level 1:colcon.colcon_core.shell:create_environment_hook('bumperbot_controller', 'cmake_prefix_path')
[4.219s] INFO:colcon.colcon_core.shell:Creating environment hook '/home/cxt13/bumperbot_ws/install/bumperbot_controller/share/bumperbot_controller/hook/cmake_prefix_path.ps1'
[4.233s] INFO:colcon.colcon_core.shell:Creating environment descriptor '/home/cxt13/bumperbot_ws/install/bumperbot_controller/share/bumperbot_controller/hook/cmake_prefix_path.dsv'
[4.239s] INFO:colcon.colcon_core.shell:Creating environment hook '/home/cxt13/bumperbot_ws/install/bumperbot_controller/share/bumperbot_controller/hook/cmake_prefix_path.sh'
[4.256s] Level 1:colcon.colcon_core.environment:checking '/home/cxt13/bumperbot_ws/install/bumperbot_controller/bin'
[4.257s] Level 1:colcon.colcon_core.environment:checking '/home/cxt13/bumperbot_ws/install/bumperbot_controller/lib/pkgconfig/bumperbot_controller.pc'
[4.264s] Level 1:colcon.colcon_core.environment:checking '/home/cxt13/bumperbot_ws/install/bumperbot_controller/lib/python3.12/site-packages'
[4.270s] Level 1:colcon.colcon_core.environment:checking '/home/cxt13/bumperbot_ws/install/bumperbot_controller/bin'
[4.271s] INFO:colcon.colcon_core.shell:Creating package script '/home/cxt13/bumperbot_ws/install/bumperbot_controller/share/bumperbot_controller/package.ps1'
[4.305s] INFO:colcon.colcon_core.shell:Creating package descriptor '/home/cxt13/bumperbot_ws/install/bumperbot_controller/share/bumperbot_controller/package.dsv'
[4.320s] INFO:colcon.colcon_core.shell:Creating package script '/home/cxt13/bumperbot_ws/install/bumperbot_controller/share/bumperbot_controller/package.sh'
[4.359s] INFO:colcon.colcon_core.shell:Creating package script '/home/cxt13/bumperbot_ws/install/bumperbot_controller/share/bumperbot_controller/package.bash'
[4.407s] INFO:colcon.colcon_core.shell:Creating package script '/home/cxt13/bumperbot_ws/install/bumperbot_controller/share/bumperbot_controller/package.zsh'
[4.457s] Level 1:colcon.colcon_core.environment:create_file_with_runtime_dependencies(/home/cxt13/bumperbot_ws/install/bumperbot_controller/share/colcon-core/packages/bumperbot_controller)
[4.459s] Level 1:colcon.colcon_core.environment:create_environment_scripts_only(bumperbot_controller)
[4.486s] Level 1:colcon.colcon_core.environment:checking '/home/cxt13/bumperbot_ws/install/bumperbot_controller' for CMake module files
[4.510s] Level 1:colcon.colcon_core.environment:checking '/home/cxt13/bumperbot_ws/install/bumperbot_controller' for CMake config files
[4.511s] Level 1:colcon.colcon_core.shell:create_environment_hook('bumperbot_controller', 'cmake_prefix_path')
[4.516s] INFO:colcon.colcon_core.shell:Creating environment hook '/home/cxt13/bumperbot_ws/install/bumperbot_controller/share/bumperbot_controller/hook/cmake_prefix_path.ps1'
[4.528s] INFO:colcon.colcon_core.shell:Creating environment descriptor '/home/cxt13/bumperbot_ws/install/bumperbot_controller/share/bumperbot_controller/hook/cmake_prefix_path.dsv'
[4.544s] INFO:colcon.colcon_core.shell:Creating environment hook '/home/cxt13/bumperbot_ws/install/bumperbot_controller/share/bumperbot_controller/hook/cmake_prefix_path.sh'
[4.571s] Level 1:colcon.colcon_core.environment:checking '/home/cxt13/bumperbot_ws/install/bumperbot_controller/bin'
[4.577s] Level 1:colcon.colcon_core.environment:checking '/home/cxt13/bumperbot_ws/install/bumperbot_controller/lib/pkgconfig/bumperbot_controller.pc'
[4.578s] Level 1:colcon.colcon_core.environment:checking '/home/cxt13/bumperbot_ws/install/bumperbot_controller/lib/python3.12/site-packages'
[4.604s] Level 1:colcon.colcon_core.environment:checking '/home/cxt13/bumperbot_ws/install/bumperbot_controller/bin'
[4.605s] INFO:colcon.colcon_core.shell:Creating package script '/home/cxt13/bumperbot_ws/install/bumperbot_controller/share/bumperbot_controller/package.ps1'
[4.630s] INFO:colcon.colcon_core.shell:Creating package descriptor '/home/cxt13/bumperbot_ws/install/bumperbot_controller/share/bumperbot_controller/package.dsv'
[4.647s] INFO:colcon.colcon_core.shell:Creating package script '/home/cxt13/bumperbot_ws/install/bumperbot_controller/share/bumperbot_controller/package.sh'
[4.669s] INFO:colcon.colcon_core.shell:Creating package script '/home/cxt13/bumperbot_ws/install/bumperbot_controller/share/bumperbot_controller/package.bash'
[4.689s] INFO:colcon.colcon_core.shell:Creating package script '/home/cxt13/bumperbot_ws/install/bumperbot_controller/share/bumperbot_controller/package.zsh'
[4.712s] Level 1:colcon.colcon_core.environment:create_file_with_runtime_dependencies(/home/cxt13/bumperbot_ws/install/bumperbot_controller/share/colcon-core/packages/bumperbot_controller)
[4.731s] INFO:colcon.colcon_ros.task.ament_cmake.build:Building ROS package in '/home/cxt13/bumperbot_ws/src/bumperbot_description' with build type 'ament_cmake'
[4.731s] INFO:colcon.colcon_cmake.task.cmake.build:Building CMake package in '/home/cxt13/bumperbot_ws/src/bumperbot_description'
[4.745s] INFO:colcon.colcon_core.shell:Skip shell extension 'powershell' for command environment: Not usable outside of PowerShell
[4.745s] DEBUG:colcon.colcon_core.shell:Skip shell extension 'dsv' for command environment
[4.861s] Level 1:colcon.colcon_core.environment:create_environment_scripts_only(bumperbot_cpp_examples)
[4.864s] Level 1:colcon.colcon_core.environment:checking '/home/cxt13/bumperbot_ws/install/bumperbot_cpp_examples' for CMake module files
[4.862s] DEBUG:colcon.colcon_core.event_handler.log_command:Invoked command in '/home/cxt13/bumperbot_ws/build/bumperbot_cpp_examples' returned '0': CMAKE_PREFIX_PATH=${CMAKE_PREFIX_PATH}:/opt/ros/jazzy DEBUGINFOD_URLS=https://debuginfod.ubuntu.com /usr/bin/cmake --install /home/cxt13/bumperbot_ws/build/bumperbot_cpp_examples
[4.878s] Level 1:colcon.colcon_core.environment:checking '/home/cxt13/bumperbot_ws/install/bumperbot_cpp_examples' for CMake config files
[4.883s] Level 1:colcon.colcon_core.shell:create_environment_hook('bumperbot_cpp_examples', 'cmake_prefix_path')
[4.888s] INFO:colcon.colcon_core.shell:Creating environment hook '/home/cxt13/bumperbot_ws/install/bumperbot_cpp_examples/share/bumperbot_cpp_examples/hook/cmake_prefix_path.ps1'
[4.915s] INFO:colcon.colcon_core.shell:Creating environment descriptor '/home/cxt13/bumperbot_ws/install/bumperbot_cpp_examples/share/bumperbot_cpp_examples/hook/cmake_prefix_path.dsv'
[4.926s] INFO:colcon.colcon_core.shell:Creating environment hook '/home/cxt13/bumperbot_ws/install/bumperbot_cpp_examples/share/bumperbot_cpp_examples/hook/cmake_prefix_path.sh'
[4.958s] Level 1:colcon.colcon_core.environment:checking '/home/cxt13/bumperbot_ws/install/bumperbot_cpp_examples/bin'
[4.959s] Level 1:colcon.colcon_core.environment:checking '/home/cxt13/bumperbot_ws/install/bumperbot_cpp_examples/lib/pkgconfig/bumperbot_cpp_examples.pc'
[4.972s] Level 1:colcon.colcon_core.environment:checking '/home/cxt13/bumperbot_ws/install/bumperbot_cpp_examples/lib/python3.12/site-packages'
[4.985s] Level 1:colcon.colcon_core.environment:checking '/home/cxt13/bumperbot_ws/install/bumperbot_cpp_examples/bin'
[4.989s] INFO:colcon.colcon_core.shell:Creating package script '/home/cxt13/bumperbot_ws/install/bumperbot_cpp_examples/share/bumperbot_cpp_examples/package.ps1'
[4.997s] INFO:colcon.colcon_core.shell:Creating package descriptor '/home/cxt13/bumperbot_ws/install/bumperbot_cpp_examples/share/bumperbot_cpp_examples/package.dsv'
[5.005s] INFO:colcon.colcon_core.shell:Creating package script '/home/cxt13/bumperbot_ws/install/bumperbot_cpp_examples/share/bumperbot_cpp_examples/package.sh'
[5.011s] INFO:colcon.colcon_core.shell:Creating package script '/home/cxt13/bumperbot_ws/install/bumperbot_cpp_examples/share/bumperbot_cpp_examples/package.bash'
[5.018s] INFO:colcon.colcon_core.shell:Creating package script '/home/cxt13/bumperbot_ws/install/bumperbot_cpp_examples/share/bumperbot_cpp_examples/package.zsh'
[5.026s] Level 1:colcon.colcon_core.environment:create_file_with_runtime_dependencies(/home/cxt13/bumperbot_ws/install/bumperbot_cpp_examples/share/colcon-core/packages/bumperbot_cpp_examples)
[5.055s] DEBUG:colcon.colcon_core.event_handler.log_command:Invoking command in '/home/cxt13/bumperbot_ws/build/bumperbot_description': CMAKE_PREFIX_PATH=${CMAKE_PREFIX_PATH}:/opt/ros/jazzy DEBUGINFOD_URLS=https://debuginfod.ubuntu.com /usr/bin/cmake --build /home/cxt13/bumperbot_ws/build/bumperbot_description -- -j2 -l2
[5.551s] Level 1:colcon.colcon_core.environment:create_environment_scripts_only(bumperbot_cpp_examples)
[5.566s] Level 1:colcon.colcon_core.environment:checking '/home/cxt13/bumperbot_ws/install/bumperbot_cpp_examples' for CMake module files
[5.581s] Level 1:colcon.colcon_core.environment:checking '/home/cxt13/bumperbot_ws/install/bumperbot_cpp_examples' for CMake config files
[5.582s] Level 1:colcon.colcon_core.shell:create_environment_hook('bumperbot_cpp_examples', 'cmake_prefix_path')
[5.586s] INFO:colcon.colcon_core.shell:Creating environment hook '/home/cxt13/bumperbot_ws/install/bumperbot_cpp_examples/share/bumperbot_cpp_examples/hook/cmake_prefix_path.ps1'
[5.595s] INFO:colcon.colcon_core.shell:Creating environment descriptor '/home/cxt13/bumperbot_ws/install/bumperbot_cpp_examples/share/bumperbot_cpp_examples/hook/cmake_prefix_path.dsv'
[5.602s] INFO:colcon.colcon_core.shell:Creating environment hook '/home/cxt13/bumperbot_ws/install/bumperbot_cpp_examples/share/bumperbot_cpp_examples/hook/cmake_prefix_path.sh'
[5.622s] Level 1:colcon.colcon_core.environment:checking '/home/cxt13/bumperbot_ws/install/bumperbot_cpp_examples/bin'
[5.623s] Level 1:colcon.colcon_core.environment:checking '/home/cxt13/bumperbot_ws/install/bumperbot_cpp_examples/lib/pkgconfig/bumperbot_cpp_examples.pc'
[5.629s] Level 1:colcon.colcon_core.environment:checking '/home/cxt13/bumperbot_ws/install/bumperbot_cpp_examples/lib/python3.12/site-packages'
[5.630s] Level 1:colcon.colcon_core.environment:checking '/home/cxt13/bumperbot_ws/install/bumperbot_cpp_examples/bin'
[5.634s] INFO:colcon.colcon_core.shell:Creating package script '/home/cxt13/bumperbot_ws/install/bumperbot_cpp_examples/share/bumperbot_cpp_examples/package.ps1'
[5.640s] INFO:colcon.colcon_core.shell:Creating package descriptor '/home/cxt13/bumperbot_ws/install/bumperbot_cpp_examples/share/bumperbot_cpp_examples/package.dsv'
[5.646s] INFO:colcon.colcon_core.shell:Creating package script '/home/cxt13/bumperbot_ws/install/bumperbot_cpp_examples/share/bumperbot_cpp_examples/package.sh'
[5.655s] INFO:colcon.colcon_core.shell:Creating package script '/home/cxt13/bumperbot_ws/install/bumperbot_cpp_examples/share/bumperbot_cpp_examples/package.bash'
[5.664s] INFO:colcon.colcon_core.shell:Creating package script '/home/cxt13/bumperbot_ws/install/bumperbot_cpp_examples/share/bumperbot_cpp_examples/package.zsh'
[5.673s] Level 1:colcon.colcon_core.environment:create_file_with_runtime_dependencies(/home/cxt13/bumperbot_ws/install/bumperbot_cpp_examples/share/colcon-core/packages/bumperbot_cpp_examples)
[5.675s] INFO:colcon.colcon_ros.task.ament_python.build:Building ROS package in '/home/cxt13/bumperbot_ws/src/bumperbot_py_examples' with build type 'ament_python'
[5.676s] Level 1:colcon.colcon_core.shell:create_environment_hook('bumperbot_py_examples', 'ament_prefix_path')
[5.677s] INFO:colcon.colcon_core.shell:Creating environment hook '/home/cxt13/bumperbot_ws/install/bumperbot_py_examples/share/bumperbot_py_examples/hook/ament_prefix_path.ps1'
[5.687s] INFO:colcon.colcon_core.shell:Creating environment descriptor '/home/cxt13/bumperbot_ws/install/bumperbot_py_examples/share/bumperbot_py_examples/hook/ament_prefix_path.dsv'
[5.698s] INFO:colcon.colcon_core.shell:Creating environment hook '/home/cxt13/bumperbot_ws/install/bumperbot_py_examples/share/bumperbot_py_examples/hook/ament_prefix_path.sh'
[5.721s] INFO:colcon.colcon_core.shell:Skip shell extension 'powershell' for command environment: Not usable outside of PowerShell
[5.721s] DEBUG:colcon.colcon_core.shell:Skip shell extension 'dsv' for command environment
[7.985s] INFO:colcon.colcon_core.task.python.build:Building Python package in '/home/cxt13/bumperbot_ws/src/bumperbot_py_examples'
[7.990s] INFO:colcon.colcon_core.shell:Skip shell extension 'powershell' for command environment: Not usable outside of PowerShell
[7.990s] DEBUG:colcon.colcon_core.shell:Skip shell extension 'dsv' for command environment
[8.054s] DEBUG:colcon.colcon_core.event_handler.log_command:Invoked command in '/home/cxt13/bumperbot_ws/build/bumperbot_description' returned '0': CMAKE_PREFIX_PATH=${CMAKE_PREFIX_PATH}:/opt/ros/jazzy DEBUGINFOD_URLS=https://debuginfod.ubuntu.com /usr/bin/cmake --build /home/cxt13/bumperbot_ws/build/bumperbot_description -- -j2 -l2
[8.303s] DEBUG:colcon.colcon_core.event_handler.log_command:Invoking command in '/home/cxt13/bumperbot_ws/build/bumperbot_description': CMAKE_PREFIX_PATH=${CMAKE_PREFIX_PATH}:/opt/ros/jazzy DEBUGINFOD_URLS=https://debuginfod.ubuntu.com /usr/bin/cmake --install /home/cxt13/bumperbot_ws/build/bumperbot_description
[8.438s] Level 1:colcon.colcon_core.environment:create_environment_scripts_only(bumperbot_description)
[8.439s] Level 1:colcon.colcon_core.environment:checking '/home/cxt13/bumperbot_ws/install/bumperbot_description' for CMake module files
[8.445s] Level 1:colcon.colcon_core.environment:checking '/home/cxt13/bumperbot_ws/install/bumperbot_description' for CMake config files
[8.455s] Level 1:colcon.colcon_core.shell:create_environment_hook('bumperbot_description', 'cmake_prefix_path')
[8.455s] INFO:colcon.colcon_core.shell:Creating environment hook '/home/cxt13/bumperbot_ws/install/bumperbot_description/share/bumperbot_description/hook/cmake_prefix_path.ps1'
[8.459s] INFO:colcon.colcon_core.shell:Creating environment descriptor '/home/cxt13/bumperbot_ws/install/bumperbot_description/share/bumperbot_description/hook/cmake_prefix_path.dsv'
[8.478s] INFO:colcon.colcon_core.shell:Creating environment hook '/home/cxt13/bumperbot_ws/install/bumperbot_description/share/bumperbot_description/hook/cmake_prefix_path.sh'
[8.486s] Level 1:colcon.colcon_core.environment:checking '/home/cxt13/bumperbot_ws/install/bumperbot_description/bin'
[8.486s] Level 1:colcon.colcon_core.environment:checking '/home/cxt13/bumperbot_ws/install/bumperbot_description/lib/pkgconfig/bumperbot_description.pc'
[8.487s] DEBUG:colcon.colcon_core.event_handler.log_command:Invoked command in '/home/cxt13/bumperbot_ws/build/bumperbot_description' returned '0': CMAKE_PREFIX_PATH=${CMAKE_PREFIX_PATH}:/opt/ros/jazzy DEBUGINFOD_URLS=https://debuginfod.ubuntu.com /usr/bin/cmake --install /home/cxt13/bumperbot_ws/build/bumperbot_description
[8.489s] Level 1:colcon.colcon_core.environment:checking '/home/cxt13/bumperbot_ws/install/bumperbot_description/lib/python3.12/site-packages'
[8.492s] Level 1:colcon.colcon_core.environment:checking '/home/cxt13/bumperbot_ws/install/bumperbot_description/bin'
[8.498s] INFO:colcon.colcon_core.shell:Creating package script '/home/cxt13/bumperbot_ws/install/bumperbot_description/share/bumperbot_description/package.ps1'
[8.505s] INFO:colcon.colcon_core.shell:Creating package descriptor '/home/cxt13/bumperbot_ws/install/bumperbot_description/share/bumperbot_description/package.dsv'
[8.514s] INFO:colcon.colcon_core.shell:Creating package script '/home/cxt13/bumperbot_ws/install/bumperbot_description/share/bumperbot_description/package.sh'
[8.520s] INFO:colcon.colcon_core.shell:Creating package script '/home/cxt13/bumperbot_ws/install/bumperbot_description/share/bumperbot_description/package.bash'
[8.522s] INFO:colcon.colcon_core.shell:Creating package script '/home/cxt13/bumperbot_ws/install/bumperbot_description/share/bumperbot_description/package.zsh'
[8.536s] Level 1:colcon.colcon_core.environment:create_file_with_runtime_dependencies(/home/cxt13/bumperbot_ws/install/bumperbot_description/share/colcon-core/packages/bumperbot_description)
[9.221s] Level 1:colcon.colcon_core.environment:create_environment_scripts_only(bumperbot_description)
[9.226s] Level 1:colcon.colcon_core.environment:checking '/home/cxt13/bumperbot_ws/install/bumperbot_description' for CMake module files
[9.234s] Level 1:colcon.colcon_core.environment:checking '/home/cxt13/bumperbot_ws/install/bumperbot_description' for CMake config files
[9.239s] Level 1:colcon.colcon_core.shell:create_environment_hook('bumperbot_description', 'cmake_prefix_path')
[9.241s] INFO:colcon.colcon_core.shell:Creating environment hook '/home/cxt13/bumperbot_ws/install/bumperbot_description/share/bumperbot_description/hook/cmake_prefix_path.ps1'
[9.253s] INFO:colcon.colcon_core.shell:Creating environment descriptor '/home/cxt13/bumperbot_ws/install/bumperbot_description/share/bumperbot_description/hook/cmake_prefix_path.dsv'
[9.259s] INFO:colcon.colcon_core.shell:Creating environment hook '/home/cxt13/bumperbot_ws/install/bumperbot_description/share/bumperbot_description/hook/cmake_prefix_path.sh'
[9.274s] Level 1:colcon.colcon_core.environment:checking '/home/cxt13/bumperbot_ws/install/bumperbot_description/bin'
[9.274s] Level 1:colcon.colcon_core.environment:checking '/home/cxt13/bumperbot_ws/install/bumperbot_description/lib/pkgconfig/bumperbot_description.pc'
[9.280s] Level 1:colcon.colcon_core.environment:checking '/home/cxt13/bumperbot_ws/install/bumperbot_description/lib/python3.12/site-packages'
[9.280s] Level 1:colcon.colcon_core.environment:checking '/home/cxt13/bumperbot_ws/install/bumperbot_description/bin'
[9.298s] INFO:colcon.colcon_core.shell:Creating package script '/home/cxt13/bumperbot_ws/install/bumperbot_description/share/bumperbot_description/package.ps1'
[9.316s] INFO:colcon.colcon_core.shell:Creating package descriptor '/home/cxt13/bumperbot_ws/install/bumperbot_description/share/bumperbot_description/package.dsv'
[9.338s] INFO:colcon.colcon_core.shell:Creating package script '/home/cxt13/bumperbot_ws/install/bumperbot_description/share/bumperbot_description/package.sh'
[9.355s] INFO:colcon.colcon_core.shell:Creating package script '/home/cxt13/bumperbot_ws/install/bumperbot_description/share/bumperbot_description/package.bash'
[9.376s] INFO:colcon.colcon_core.shell:Creating package script '/home/cxt13/bumperbot_ws/install/bumperbot_description/share/bumperbot_description/package.zsh'
[9.388s] Level 1:colcon.colcon_core.environment:create_file_with_runtime_dependencies(/home/cxt13/bumperbot_ws/install/bumperbot_description/share/colcon-core/packages/bumperbot_description)
[18.404s] DEBUG:colcon.colcon_core.event_handler.log_command:Invoking command in '/home/cxt13/bumperbot_ws/src/bumperbot_py_examples': DEBUGINFOD_URLS=https://debuginfod.ubuntu.com PYTHONPATH=/home/cxt13/bumperbot_ws/build/bumperbot_py_examples/prefix_override:/usr/lib/python3/dist-packages/colcon_core/task/python/colcon_distutils_commands:/home/cxt13/bumperbot_ws/install/bumperbot_py_examples/lib/python3.12/site-packages:${PYTHONPATH} /usr/bin/python3 -W ignore:setup.py install is deprecated -W ignore:easy_install command is deprecated setup.py egg_info --egg-base ../../build/bumperbot_py_examples build --build-base /home/cxt13/bumperbot_ws/build/bumperbot_py_examples/build install --record /home/cxt13/bumperbot_ws/build/bumperbot_py_examples/install.log --single-version-externally-managed install_data
[23.736s] Level 1:colcon.colcon_core.environment:checking '/home/cxt13/bumperbot_ws/install/bumperbot_py_examples' for CMake module files
[23.739s] Level 1:colcon.colcon_core.environment:checking '/home/cxt13/bumperbot_ws/install/bumperbot_py_examples' for CMake config files
[23.737s] DEBUG:colcon.colcon_core.event_handler.log_command:Invoked command in '/home/cxt13/bumperbot_ws/src/bumperbot_py_examples' returned '0': DEBUGINFOD_URLS=https://debuginfod.ubuntu.com PYTHONPATH=/home/cxt13/bumperbot_ws/build/bumperbot_py_examples/prefix_override:/usr/lib/python3/dist-packages/colcon_core/task/python/colcon_distutils_commands:/home/cxt13/bumperbot_ws/install/bumperbot_py_examples/lib/python3.12/site-packages:${PYTHONPATH} /usr/bin/python3 -W ignore:setup.py install is deprecated -W ignore:easy_install command is deprecated setup.py egg_info --egg-base ../../build/bumperbot_py_examples build --build-base /home/cxt13/bumperbot_ws/build/bumperbot_py_examples/build install --record /home/cxt13/bumperbot_ws/build/bumperbot_py_examples/install.log --single-version-externally-managed install_data
[23.741s] Level 1:colcon.colcon_core.environment:checking '/home/cxt13/bumperbot_ws/install/bumperbot_py_examples/lib'
[23.742s] Level 1:colcon.colcon_core.environment:checking '/home/cxt13/bumperbot_ws/install/bumperbot_py_examples/bin'
[23.742s] Level 1:colcon.colcon_core.environment:checking '/home/cxt13/bumperbot_ws/install/bumperbot_py_examples/lib/pkgconfig/bumperbot_py_examples.pc'
[23.744s] Level 1:colcon.colcon_core.environment:checking '/home/cxt13/bumperbot_ws/install/bumperbot_py_examples/lib/python3.12/site-packages'
[23.745s] Level 1:colcon.colcon_core.shell:create_environment_hook('bumperbot_py_examples', 'pythonpath')
[23.746s] INFO:colcon.colcon_core.shell:Creating environment hook '/home/cxt13/bumperbot_ws/install/bumperbot_py_examples/share/bumperbot_py_examples/hook/pythonpath.ps1'
[23.752s] INFO:colcon.colcon_core.shell:Creating environment descriptor '/home/cxt13/bumperbot_ws/install/bumperbot_py_examples/share/bumperbot_py_examples/hook/pythonpath.dsv'
[23.754s] INFO:colcon.colcon_core.shell:Creating environment hook '/home/cxt13/bumperbot_ws/install/bumperbot_py_examples/share/bumperbot_py_examples/hook/pythonpath.sh'
[23.765s] Level 1:colcon.colcon_core.environment:checking '/home/cxt13/bumperbot_ws/install/bumperbot_py_examples/bin'
[23.765s] Level 1:colcon.colcon_core.environment:create_environment_scripts_only(bumperbot_py_examples)
[23.766s] INFO:colcon.colcon_core.shell:Creating package script '/home/cxt13/bumperbot_ws/install/bumperbot_py_examples/share/bumperbot_py_examples/package.ps1'
[23.768s] INFO:colcon.colcon_core.shell:Creating package descriptor '/home/cxt13/bumperbot_ws/install/bumperbot_py_examples/share/bumperbot_py_examples/package.dsv'
[23.770s] INFO:colcon.colcon_core.shell:Creating package script '/home/cxt13/bumperbot_ws/install/bumperbot_py_examples/share/bumperbot_py_examples/package.sh'
[23.772s] INFO:colcon.colcon_core.shell:Creating package script '/home/cxt13/bumperbot_ws/install/bumperbot_py_examples/share/bumperbot_py_examples/package.bash'
[23.774s] INFO:colcon.colcon_core.shell:Creating package script '/home/cxt13/bumperbot_ws/install/bumperbot_py_examples/share/bumperbot_py_examples/package.zsh'
[23.777s] Level 1:colcon.colcon_core.environment:create_file_with_runtime_dependencies(/home/cxt13/bumperbot_ws/install/bumperbot_py_examples/share/colcon-core/packages/bumperbot_py_examples)
[23.779s] DEBUG:colcon.colcon_parallel_executor.executor.parallel:closing loop
[23.782s] DEBUG:colcon.colcon_parallel_executor.executor.parallel:loop closed
[23.783s] DEBUG:colcon.colcon_parallel_executor.executor.parallel:run_until_complete finished with '0'
[23.783s] DEBUG:colcon.colcon_core.event_reactor:joining thread
[23.843s] INFO:colcon.colcon_core.plugin_system:Skipping extension 'colcon_notification.desktop_notification.terminal_notifier': Not used on non-Darwin systems
[23.844s] INFO:colcon.colcon_core.plugin_system:Skipping extension 'colcon_notification.desktop_notification.win32': Not used on non-Windows systems
[23.844s] INFO:colcon.colcon_notification.desktop_notification:Sending desktop notification using 'notify2'
[23.939s] DEBUG:colcon.colcon_core.event_reactor:joined thread
[23.942s] INFO:colcon.colcon_core.shell:Creating prefix script '/home/cxt13/bumperbot_ws/install/local_setup.ps1'
[23.954s] INFO:colcon.colcon_core.shell:Creating prefix util module '/home/cxt13/bumperbot_ws/install/_local_setup_util_ps1.py'
[23.965s] INFO:colcon.colcon_core.shell:Creating prefix chain script '/home/cxt13/bumperbot_ws/install/setup.ps1'
[23.974s] INFO:colcon.colcon_core.shell:Creating prefix script '/home/cxt13/bumperbot_ws/install/local_setup.sh'
[23.981s] INFO:colcon.colcon_core.shell:Creating prefix util module '/home/cxt13/bumperbot_ws/install/_local_setup_util_sh.py'
[23.987s] INFO:colcon.colcon_core.shell:Creating prefix chain script '/home/cxt13/bumperbot_ws/install/setup.sh'
[23.995s] INFO:colcon.colcon_core.shell:Creating prefix script '/home/cxt13/bumperbot_ws/install/local_setup.bash'
[23.999s] INFO:colcon.colcon_core.shell:Creating prefix chain script '/home/cxt13/bumperbot_ws/install/setup.bash'
[24.009s] INFO:colcon.colcon_core.shell:Creating prefix script '/home/cxt13/bumperbot_ws/install/local_setup.zsh'
[24.012s] INFO:colcon.colcon_core.shell:Creating prefix chain script '/home/cxt13/bumperbot_ws/install/setup.zsh'
