[0.060s] Invoking command in '/home/cxt13/bumperbot_ws/build/bumperbot_controller': CMAKE_PREFIX_PATH=${CMAKE_PREFIX_PATH}:/opt/ros/jazzy DEBUGINFOD_URLS=https://debuginfod.ubuntu.com /usr/bin/cmake --build /home/cxt13/bumperbot_ws/build/bumperbot_controller -- -j2 -l2
[0.284s] Invoked command in '/home/cxt13/bumperbot_ws/build/bumperbot_controller' returned '0': CMAKE_PREFIX_PATH=${CMAKE_PREFIX_PATH}:/opt/ros/jazzy DEBUGINFOD_URLS=https://debuginfod.ubuntu.com /usr/bin/cmake --build /home/cxt13/bumperbot_ws/build/bumperbot_controller -- -j2 -l2
[0.325s] Invoking command in '/home/cxt13/bumperbot_ws/build/bumperbot_controller': CMAKE_PREFIX_PATH=${CMAKE_PREFIX_PATH}:/opt/ros/jazzy DEBUGINFOD_URLS=https://debuginfod.ubuntu.com /usr/bin/cmake --install /home/cxt13/bumperbot_ws/build/bumperbot_controller
[0.369s] -- Install configuration: ""
[0.369s] -- Up-to-date: /home/cxt13/bumperbot_ws/install/bumperbot_controller/share/bumperbot_controller/config
[0.369s] -- Up-to-date: /home/cxt13/bumperbot_ws/install/bumperbot_controller/share/bumperbot_controller/config/bumperbot_controllers.yaml
[0.369s] -- Up-to-date: /home/cxt13/bumperbot_ws/install/bumperbot_controller/share/bumperbot_controller/launch
[0.376s] -- Up-to-date: /home/cxt13/bumperbot_ws/install/bumperbot_controller/share/bumperbot_controller/launch/controller.launch.py
[0.379s] -- Up-to-date: /home/cxt13/bumperbot_ws/install/bumperbot_controller/share/ament_index/resource_index/package_run_dependencies/bumperbot_controller
[0.383s] -- Up-to-date: /home/cxt13/bumperbot_ws/install/bumperbot_controller/share/ament_index/resource_index/parent_prefix_path/bumperbot_controller
[0.383s] -- Up-to-date: /home/cxt13/bumperbot_ws/install/bumperbot_controller/share/bumperbot_controller/environment/ament_prefix_path.sh
[0.386s] -- Up-to-date: /home/cxt13/bumperbot_ws/install/bumperbot_controller/share/bumperbot_controller/environment/ament_prefix_path.dsv
[0.386s] -- Up-to-date: /home/cxt13/bumperbot_ws/install/bumperbot_controller/share/bumperbot_controller/environment/path.sh
[0.386s] -- Up-to-date: /home/cxt13/bumperbot_ws/install/bumperbot_controller/share/bumperbot_controller/environment/path.dsv
[0.390s] -- Up-to-date: /home/cxt13/bumperbot_ws/install/bumperbot_controller/share/bumperbot_controller/local_setup.bash
[0.390s] -- Up-to-date: /home/cxt13/bumperbot_ws/install/bumperbot_controller/share/bumperbot_controller/local_setup.sh
[0.390s] -- Up-to-date: /home/cxt13/bumperbot_ws/install/bumperbot_controller/share/bumperbot_controller/local_setup.zsh
[0.393s] -- Up-to-date: /home/cxt13/bumperbot_ws/install/bumperbot_controller/share/bumperbot_controller/local_setup.dsv
[0.393s] -- Installing: /home/cxt13/bumperbot_ws/install/bumperbot_controller/share/bumperbot_controller/package.dsv
[0.394s] -- Up-to-date: /home/cxt13/bumperbot_ws/install/bumperbot_controller/share/ament_index/resource_index/packages/bumperbot_controller
[0.399s] -- Up-to-date: /home/cxt13/bumperbot_ws/install/bumperbot_controller/share/bumperbot_controller/cmake/bumperbot_controllerConfig.cmake
[0.399s] -- Up-to-date: /home/cxt13/bumperbot_ws/install/bumperbot_controller/share/bumperbot_controller/cmake/bumperbot_controllerConfig-version.cmake
[0.400s] -- Up-to-date: /home/cxt13/bumperbot_ws/install/bumperbot_controller/share/bumperbot_controller/package.xml
[0.400s] Invoked command in '/home/cxt13/bumperbot_ws/build/bumperbot_controller' returned '0': CMAKE_PREFIX_PATH=${CMAKE_PREFIX_PATH}:/opt/ros/jazzy DEBUGINFOD_URLS=https://debuginfod.ubuntu.com /usr/bin/cmake --install /home/cxt13/bumperbot_ws/build/bumperbot_controller
